2024-10-20 22:07:52,576 - INFO - ====== WebDriver manager ======
2024-10-20 22:07:53,943 - INFO - Get LATEST chromedriver version for google-chrome
2024-10-20 22:07:54,746 - INFO - Get LATEST chromedriver version for google-chrome
2024-10-20 22:07:55,341 - INFO - Get LATEST chromedriver version for google-chrome
2024-10-20 22:07:56,706 - INFO - WebDriver version 129.0.6668.100 selected
2024-10-20 22:07:56,709 - INFO - Modern chrome version https://storage.googleapis.com/chrome-for-testing-public/129.0.6668.100/win32/chromedriver-win32.zip
2024-10-20 22:07:56,709 - INFO - About to download new driver from https://storage.googleapis.com/chrome-for-testing-public/129.0.6668.100/win32/chromedriver-win32.zip
2024-10-20 22:07:57,247 - INFO - Driver downloading response is 200
2024-10-20 22:07:57,903 - INFO - Get LATEST chromedriver version for google-chrome
2024-10-20 22:07:58,621 - INFO - Driver has been saved in cache [C:\Users\ibrahim\.wdm\drivers\chromedriver\win64\129.0.6668.100]
2024-10-20 22:10:18,713 - INFO - ====== WebDriver manager ======
2024-10-20 22:10:19,706 - INFO - Get LATEST chromedriver version for google-chrome
2024-10-20 22:10:20,453 - INFO - Get LATEST chromedriver version for google-chrome
2024-10-20 22:10:21,058 - INFO - Driver [C:\Users\ibrahim\.wdm\drivers\chromedriver\win64\129.0.6668.100\chromedriver-win32/THIRD_PARTY_NOTICES.chromedriver] found in cache
2024-10-20 22:17:01,552 - INFO - ====== WebDriver manager ======
2024-10-20 22:17:02,513 - INFO - Get LATEST chromedriver version for google-chrome
2024-10-20 22:17:03,095 - INFO - Get LATEST chromedriver version for google-chrome
2024-10-20 22:17:03,686 - INFO - Driver [C:\Users\ibrahim\.wdm\drivers\chromedriver\win64\129.0.6668.100\chromedriver-win32/THIRD_PARTY_NOTICES.chromedriver] found in cache
2024-10-20 22:22:03,824 - INFO - ====== WebDriver manager ======
2024-10-20 22:22:04,784 - INFO - Get LATEST chromedriver version for google-chrome
2024-10-20 22:22:05,454 - INFO - Get LATEST chromedriver version for google-chrome
2024-10-20 22:22:06,058 - INFO - Driver [C:\Users\ibrahim\.wdm\drivers\chromedriver\win64\129.0.6668.100\chromedriver-win32/THIRD_PARTY_NOTICES.chromedriver] found in cache
2024-10-20 22:27:49,699 - INFO - ====== WebDriver manager ======
2024-10-20 22:27:50,687 - INFO - Get LATEST chromedriver version for google-chrome
2024-10-20 22:27:51,321 - INFO - Get LATEST chromedriver version for google-chrome
2024-10-20 22:27:51,874 - INFO - Driver [C:\Users\ibrahim\.wdm\drivers\chromedriver\win64\129.0.6668.100\chromedriver-win32/THIRD_PARTY_NOTICES.chromedriver] found in cache
2024-10-20 22:28:42,627 - INFO - ====== WebDriver manager ======
2024-10-20 22:28:43,580 - INFO - Get LATEST chromedriver version for google-chrome
2024-10-20 22:28:44,171 - INFO - Get LATEST chromedriver version for google-chrome
2024-10-20 22:28:44,738 - INFO - Driver [C:\Users\ibrahim\.wdm\drivers\chromedriver\win64\129.0.6668.100\chromedriver-win32/THIRD_PARTY_NOTICES.chromedriver] found in cache
2024-10-20 22:33:24,372 - INFO - Envoi du message texte à 25573652000: Hello, how are you?
2024-10-20 22:38:16,871 - INFO - Envoi du message texte à 25573652000: Don't forget the meeting tomorrow
2024-10-20 22:40:44,293 - ERROR - Failed to send a message to  - Message: no such window: target window already closed
from unknown error: web view not found
  (Session info: chrome=129.0.6668.101)
Stacktrace:
	GetHandleVerifier [0x00007FF6F353B095+29557]
	(No symbol) [0x00007FF6F34AFA50]
	(No symbol) [0x00007FF6F336B56A]
	(No symbol) [0x00007FF6F333FCC5]
	(No symbol) [0x00007FF6F33EEE07]
	(No symbol) [0x00007FF6F3407E21]
	(No symbol) [0x00007FF6F33E6F33]
	(No symbol) [0x00007FF6F33B116F]
	(No symbol) [0x00007FF6F33B22D1]
	GetHandleVerifier [0x00007FF6F386C96D+3378253]
	GetHandleVerifier [0x00007FF6F38B8497+3688311]
	GetHandleVerifier [0x00007FF6F38AD1CB+3642539]
	GetHandleVerifier [0x00007FF6F35FA6B6+813462]
	(No symbol) [0x00007FF6F34BAB5F]
	(No symbol) [0x00007FF6F34B6B74]
	(No symbol) [0x00007FF6F34B6D10]
	(No symbol) [0x00007FF6F34A5C1F]
	BaseThreadInitThunk [0x00007FFBE78E7344+20]
	RtlUserThreadStart [0x00007FFBE7E5CC91+33]
Traceback (most recent call last):
  File "D:\bons\les instances\whattsapping\alright\alright\__init__.py", line 465, in send_message
    try:
         
  File "D:\bons\les instances\whattsapping\alright\env\Lib\site-packages\selenium\webdriver\support\wait.py", line 96, in until
    value = method(self._driver)
            ^^^^^^^^^^^^^^^^^^^^
  File "D:\bons\les instances\whattsapping\alright\env\Lib\site-packages\selenium\webdriver\support\expected_conditions.py", line 84, in _predicate
    return driver.find_element(*locator)
           ^^^^^^^^^^^^^^^^^^^^^^^^^^^^^
  File "D:\bons\les instances\whattsapping\alright\env\Lib\site-packages\selenium\webdriver\remote\webdriver.py", line 741, in find_element
    return self.execute(Command.FIND_ELEMENT, {"using": by, "value": value})["value"]
           ^^^^^^^^^^^^^^^^^^^^^^^^^^^^^^^^^^^^^^^^^^^^^^^^^^^^^^^^^^^^^^^^^
  File "D:\bons\les instances\whattsapping\alright\env\Lib\site-packages\selenium\webdriver\remote\webdriver.py", line 347, in execute
    self.error_handler.check_response(response)
  File "D:\bons\les instances\whattsapping\alright\env\Lib\site-packages\selenium\webdriver\remote\errorhandler.py", line 229, in check_response
    raise exception_class(message, screen, stacktrace)
selenium.common.exceptions.NoSuchWindowException: Message: no such window: target window already closed
from unknown error: web view not found
  (Session info: chrome=129.0.6668.101)
Stacktrace:
	GetHandleVerifier [0x00007FF6F353B095+29557]
	(No symbol) [0x00007FF6F34AFA50]
	(No symbol) [0x00007FF6F336B56A]
	(No symbol) [0x00007FF6F333FCC5]
	(No symbol) [0x00007FF6F33EEE07]
	(No symbol) [0x00007FF6F3407E21]
	(No symbol) [0x00007FF6F33E6F33]
	(No symbol) [0x00007FF6F33B116F]
	(No symbol) [0x00007FF6F33B22D1]
	GetHandleVerifier [0x00007FF6F386C96D+3378253]
	GetHandleVerifier [0x00007FF6F38B8497+3688311]
	GetHandleVerifier [0x00007FF6F38AD1CB+3642539]
	GetHandleVerifier [0x00007FF6F35FA6B6+813462]
	(No symbol) [0x00007FF6F34BAB5F]
	(No symbol) [0x00007FF6F34B6B74]
	(No symbol) [0x00007FF6F34B6D10]
	(No symbol) [0x00007FF6F34A5C1F]
	BaseThreadInitThunk [0x00007FFBE78E7344+20]
	RtlUserThreadStart [0x00007FFBE7E5CC91+33]

2024-10-20 22:40:44,422 - INFO - send_message() finished running!
2024-10-20 22:40:46,430 - INFO - Envoi du message texte à 25573652000: Don't forget the meeting tomorrow
2024-10-20 22:40:46,433 - ERROR - Failed to send a message to  - Message: no such window: target window already closed
from unknown error: web view not found
  (Session info: chrome=129.0.6668.101)
Stacktrace:
	GetHandleVerifier [0x00007FF6F353B095+29557]
	(No symbol) [0x00007FF6F34AFA50]
	(No symbol) [0x00007FF6F336B56A]
	(No symbol) [0x00007FF6F333FCC5]
	(No symbol) [0x00007FF6F33EEE07]
	(No symbol) [0x00007FF6F3407E21]
	(No symbol) [0x00007FF6F33E6F33]
	(No symbol) [0x00007FF6F33B116F]
	(No symbol) [0x00007FF6F33B22D1]
	GetHandleVerifier [0x00007FF6F386C96D+3378253]
	GetHandleVerifier [0x00007FF6F38B8497+3688311]
	GetHandleVerifier [0x00007FF6F38AD1CB+3642539]
	GetHandleVerifier [0x00007FF6F35FA6B6+813462]
	(No symbol) [0x00007FF6F34BAB5F]
	(No symbol) [0x00007FF6F34B6B74]
	(No symbol) [0x00007FF6F34B6D10]
	(No symbol) [0x00007FF6F34A5C1F]
	BaseThreadInitThunk [0x00007FFBE78E7344+20]
	RtlUserThreadStart [0x00007FFBE7E5CC91+33]
Traceback (most recent call last):
  File "D:\bons\les instances\whattsapping\alright\alright\__init__.py", line 465, in send_message
    try:
         
  File "D:\bons\les instances\whattsapping\alright\env\Lib\site-packages\selenium\webdriver\support\wait.py", line 96, in until
    value = method(self._driver)
            ^^^^^^^^^^^^^^^^^^^^
  File "D:\bons\les instances\whattsapping\alright\env\Lib\site-packages\selenium\webdriver\support\expected_conditions.py", line 84, in _predicate
    return driver.find_element(*locator)
           ^^^^^^^^^^^^^^^^^^^^^^^^^^^^^
  File "D:\bons\les instances\whattsapping\alright\env\Lib\site-packages\selenium\webdriver\remote\webdriver.py", line 741, in find_element
    return self.execute(Command.FIND_ELEMENT, {"using": by, "value": value})["value"]
           ^^^^^^^^^^^^^^^^^^^^^^^^^^^^^^^^^^^^^^^^^^^^^^^^^^^^^^^^^^^^^^^^^
  File "D:\bons\les instances\whattsapping\alright\env\Lib\site-packages\selenium\webdriver\remote\webdriver.py", line 347, in execute
    self.error_handler.check_response(response)
  File "D:\bons\les instances\whattsapping\alright\env\Lib\site-packages\selenium\webdriver\remote\errorhandler.py", line 229, in check_response
    raise exception_class(message, screen, stacktrace)
selenium.common.exceptions.NoSuchWindowException: Message: no such window: target window already closed
from unknown error: web view not found
  (Session info: chrome=129.0.6668.101)
Stacktrace:
	GetHandleVerifier [0x00007FF6F353B095+29557]
	(No symbol) [0x00007FF6F34AFA50]
	(No symbol) [0x00007FF6F336B56A]
	(No symbol) [0x00007FF6F333FCC5]
	(No symbol) [0x00007FF6F33EEE07]
	(No symbol) [0x00007FF6F3407E21]
	(No symbol) [0x00007FF6F33E6F33]
	(No symbol) [0x00007FF6F33B116F]
	(No symbol) [0x00007FF6F33B22D1]
	GetHandleVerifier [0x00007FF6F386C96D+3378253]
	GetHandleVerifier [0x00007FF6F38B8497+3688311]
	GetHandleVerifier [0x00007FF6F38AD1CB+3642539]
	GetHandleVerifier [0x00007FF6F35FA6B6+813462]
	(No symbol) [0x00007FF6F34BAB5F]
	(No symbol) [0x00007FF6F34B6B74]
	(No symbol) [0x00007FF6F34B6D10]
	(No symbol) [0x00007FF6F34A5C1F]
	BaseThreadInitThunk [0x00007FFBE78E7344+20]
	RtlUserThreadStart [0x00007FFBE7E5CC91+33]

2024-10-20 22:40:46,438 - INFO - send_message() finished running!
2024-10-20 22:40:48,448 - INFO - Messages envoyés avec succès : 2
2024-10-20 22:40:48,450 - INFO - Messages échoués : 0
2024-10-20 22:41:04,270 - INFO - ====== WebDriver manager ======
2024-10-20 22:41:05,304 - INFO - Get LATEST chromedriver version for google-chrome
2024-10-20 22:41:05,967 - INFO - Get LATEST chromedriver version for google-chrome
2024-10-20 22:41:06,548 - INFO - Driver [C:\Users\ibrahim\.wdm\drivers\chromedriver\win64\129.0.6668.100\chromedriver-win32/THIRD_PARTY_NOTICES.chromedriver] found in cache
2024-10-20 22:48:32,358 - INFO - Envoi du message texte à 25573652000: Don't forget the meeting tomorrow
2024-10-20 22:49:22,786 - ERROR - Failed to send a message to  - Message: disconnected: unable to send message to renderer
  (failed to check if window was closed: disconnected: not connected to DevTools)
  (Session info: chrome=129.0.6668.101)
Stacktrace:
	GetHandleVerifier [0x00007FF6F353B095+29557]
	(No symbol) [0x00007FF6F34AFA50]
	(No symbol) [0x00007FF6F336B56A]
	(No symbol) [0x00007FF6F335317C]
	(No symbol) [0x00007FF6F33530EC]
	(No symbol) [0x00007FF6F3351861]
	(No symbol) [0x00007FF6F33525BF]
	(No symbol) [0x00007FF6F336FBF1]
	(No symbol) [0x00007FF6F33706DA]
	(No symbol) [0x00007FF6F33744B7]
	(No symbol) [0x00007FF6F3374570]
	(No symbol) [0x00007FF6F33BF20F]
	(No symbol) [0x00007FF6F33BF8EC]
	(No symbol) [0x00007FF6F340B777]
	(No symbol) [0x00007FF6F33E71CF]
	(No symbol) [0x00007FF6F340851C]
	(No symbol) [0x00007FF6F33E6F33]
	(No symbol) [0x00007FF6F33B116F]
	(No symbol) [0x00007FF6F33B22D1]
	GetHandleVerifier [0x00007FF6F386C96D+3378253]
	GetHandleVerifier [0x00007FF6F38B8497+3688311]
	GetHandleVerifier [0x00007FF6F38AD1CB+3642539]
	GetHandleVerifier [0x00007FF6F35FA6B6+813462]
	(No symbol) [0x00007FF6F34BAB5F]
	(No symbol) [0x00007FF6F34B6B74]
	(No symbol) [0x00007FF6F34B6D10]
	(No symbol) [0x00007FF6F34A5C1F]
	BaseThreadInitThunk [0x00007FFBE78E7344+20]
	RtlUserThreadStart [0x00007FFBE7E5CC91+33]
Traceback (most recent call last):
  File "D:\bons\les instances\whattsapping\alright\alright\__init__.py", line 465, in send_message
    input_box = self.wait.until(
                ^^^^^^^^^^^^^^^^
  File "D:\bons\les instances\whattsapping\alright\env\Lib\site-packages\selenium\webdriver\support\wait.py", line 96, in until
    value = method(self._driver)
            ^^^^^^^^^^^^^^^^^^^^
  File "D:\bons\les instances\whattsapping\alright\env\Lib\site-packages\selenium\webdriver\support\expected_conditions.py", line 84, in _predicate
    return driver.find_element(*locator)
           ^^^^^^^^^^^^^^^^^^^^^^^^^^^^^
  File "D:\bons\les instances\whattsapping\alright\env\Lib\site-packages\selenium\webdriver\remote\webdriver.py", line 741, in find_element
    return self.execute(Command.FIND_ELEMENT, {"using": by, "value": value})["value"]
           ^^^^^^^^^^^^^^^^^^^^^^^^^^^^^^^^^^^^^^^^^^^^^^^^^^^^^^^^^^^^^^^^^
  File "D:\bons\les instances\whattsapping\alright\env\Lib\site-packages\selenium\webdriver\remote\webdriver.py", line 347, in execute
    self.error_handler.check_response(response)
  File "D:\bons\les instances\whattsapping\alright\env\Lib\site-packages\selenium\webdriver\remote\errorhandler.py", line 229, in check_response
    raise exception_class(message, screen, stacktrace)
selenium.common.exceptions.WebDriverException: Message: disconnected: unable to send message to renderer
  (failed to check if window was closed: disconnected: not connected to DevTools)
  (Session info: chrome=129.0.6668.101)
Stacktrace:
	GetHandleVerifier [0x00007FF6F353B095+29557]
	(No symbol) [0x00007FF6F34AFA50]
	(No symbol) [0x00007FF6F336B56A]
	(No symbol) [0x00007FF6F335317C]
	(No symbol) [0x00007FF6F33530EC]
	(No symbol) [0x00007FF6F3351861]
	(No symbol) [0x00007FF6F33525BF]
	(No symbol) [0x00007FF6F336FBF1]
	(No symbol) [0x00007FF6F33706DA]
	(No symbol) [0x00007FF6F33744B7]
	(No symbol) [0x00007FF6F3374570]
	(No symbol) [0x00007FF6F33BF20F]
	(No symbol) [0x00007FF6F33BF8EC]
	(No symbol) [0x00007FF6F340B777]
	(No symbol) [0x00007FF6F33E71CF]
	(No symbol) [0x00007FF6F340851C]
	(No symbol) [0x00007FF6F33E6F33]
	(No symbol) [0x00007FF6F33B116F]
	(No symbol) [0x00007FF6F33B22D1]
	GetHandleVerifier [0x00007FF6F386C96D+3378253]
	GetHandleVerifier [0x00007FF6F38B8497+3688311]
	GetHandleVerifier [0x00007FF6F38AD1CB+3642539]
	GetHandleVerifier [0x00007FF6F35FA6B6+813462]
	(No symbol) [0x00007FF6F34BAB5F]
	(No symbol) [0x00007FF6F34B6B74]
	(No symbol) [0x00007FF6F34B6D10]
	(No symbol) [0x00007FF6F34A5C1F]
	BaseThreadInitThunk [0x00007FFBE78E7344+20]
	RtlUserThreadStart [0x00007FFBE7E5CC91+33]

2024-10-20 23:02:29,429 - INFO - Envoi du message texte à 25573652000: Hello, how are you?
2024-10-20 23:02:59,450 - ERROR - Failed to send a message to  - Message: no such window: target window already closed
from unknown error: web view not found
  (Session info: chrome=129.0.6668.101)
Stacktrace:
	GetHandleVerifier [0x00007FF6F353B095+29557]
	(No symbol) [0x00007FF6F34AFA50]
	(No symbol) [0x00007FF6F336B56A]
	(No symbol) [0x00007FF6F333FCC5]
	(No symbol) [0x00007FF6F33EEE07]
	(No symbol) [0x00007FF6F3407E21]
	(No symbol) [0x00007FF6F33E6F33]
	(No symbol) [0x00007FF6F33B116F]
	(No symbol) [0x00007FF6F33B22D1]
	GetHandleVerifier [0x00007FF6F386C96D+3378253]
	GetHandleVerifier [0x00007FF6F38B8497+3688311]
	GetHandleVerifier [0x00007FF6F38AD1CB+3642539]
	GetHandleVerifier [0x00007FF6F35FA6B6+813462]
	(No symbol) [0x00007FF6F34BAB5F]
	(No symbol) [0x00007FF6F34B6B74]
	(No symbol) [0x00007FF6F34B6D10]
	(No symbol) [0x00007FF6F34A5C1F]
	BaseThreadInitThunk [0x00007FFBE78E7344+20]
	RtlUserThreadStart [0x00007FFBE7E5CC91+33]
Traceback (most recent call last):
  File "D:\bons\les instances\whattsapping\alright\alright\__init__.py", line 465, in send_message
    input_box = self.wait.until(
                ^^^^^^^^^^^^^^^^
  File "D:\bons\les instances\whattsapping\alright\env\Lib\site-packages\selenium\webdriver\support\wait.py", line 96, in until
    value = method(self._driver)
            ^^^^^^^^^^^^^^^^^^^^
  File "D:\bons\les instances\whattsapping\alright\env\Lib\site-packages\selenium\webdriver\support\expected_conditions.py", line 84, in _predicate
    return driver.find_element(*locator)
           ^^^^^^^^^^^^^^^^^^^^^^^^^^^^^
  File "D:\bons\les instances\whattsapping\alright\env\Lib\site-packages\selenium\webdriver\remote\webdriver.py", line 741, in find_element
    return self.execute(Command.FIND_ELEMENT, {"using": by, "value": value})["value"]
           ^^^^^^^^^^^^^^^^^^^^^^^^^^^^^^^^^^^^^^^^^^^^^^^^^^^^^^^^^^^^^^^^^
  File "D:\bons\les instances\whattsapping\alright\env\Lib\site-packages\selenium\webdriver\remote\webdriver.py", line 347, in execute
    self.error_handler.check_response(response)
  File "D:\bons\les instances\whattsapping\alright\env\Lib\site-packages\selenium\webdriver\remote\errorhandler.py", line 229, in check_response
    raise exception_class(message, screen, stacktrace)
selenium.common.exceptions.NoSuchWindowException: Message: no such window: target window already closed
from unknown error: web view not found
  (Session info: chrome=129.0.6668.101)
Stacktrace:
	GetHandleVerifier [0x00007FF6F353B095+29557]
	(No symbol) [0x00007FF6F34AFA50]
	(No symbol) [0x00007FF6F336B56A]
	(No symbol) [0x00007FF6F333FCC5]
	(No symbol) [0x00007FF6F33EEE07]
	(No symbol) [0x00007FF6F3407E21]
	(No symbol) [0x00007FF6F33E6F33]
	(No symbol) [0x00007FF6F33B116F]
	(No symbol) [0x00007FF6F33B22D1]
	GetHandleVerifier [0x00007FF6F386C96D+3378253]
	GetHandleVerifier [0x00007FF6F38B8497+3688311]
	GetHandleVerifier [0x00007FF6F38AD1CB+3642539]
	GetHandleVerifier [0x00007FF6F35FA6B6+813462]
	(No symbol) [0x00007FF6F34BAB5F]
	(No symbol) [0x00007FF6F34B6B74]
	(No symbol) [0x00007FF6F34B6D10]
	(No symbol) [0x00007FF6F34A5C1F]
	BaseThreadInitThunk [0x00007FFBE78E7344+20]
	RtlUserThreadStart [0x00007FFBE7E5CC91+33]

2024-10-20 23:02:59,547 - INFO - send_message() finished running!
2024-10-20 23:02:59,552 - INFO - Envoi de l'image à 25573652000: path/to/image.jpg
2024-10-20 23:02:59,560 - ERROR - Failed to send a message to  - Message: no such window: target window already closed
from unknown error: web view not found
  (Session info: chrome=129.0.6668.101)
Stacktrace:
	GetHandleVerifier [0x00007FF6F353B095+29557]
	(No symbol) [0x00007FF6F34AFA50]
	(No symbol) [0x00007FF6F336B56A]
	(No symbol) [0x00007FF6F333FCC5]
	(No symbol) [0x00007FF6F33EEE07]
	(No symbol) [0x00007FF6F3407E21]
	(No symbol) [0x00007FF6F33E6F33]
	(No symbol) [0x00007FF6F33B116F]
	(No symbol) [0x00007FF6F33B22D1]
	GetHandleVerifier [0x00007FF6F386C96D+3378253]
	GetHandleVerifier [0x00007FF6F38B8497+3688311]
	GetHandleVerifier [0x00007FF6F38AD1CB+3642539]
	GetHandleVerifier [0x00007FF6F35FA6B6+813462]
	(No symbol) [0x00007FF6F34BAB5F]
	(No symbol) [0x00007FF6F34B6B74]
	(No symbol) [0x00007FF6F34B6D10]
	(No symbol) [0x00007FF6F34A5C1F]
	BaseThreadInitThunk [0x00007FFBE78E7344+20]
	RtlUserThreadStart [0x00007FFBE7E5CC91+33]
Traceback (most recent call last):
  File "D:\bons\les instances\whattsapping\alright\alright\__init__.py", line 551, in send_picture
    self.find_attachment()
  File "D:\bons\les instances\whattsapping\alright\alright\__init__.py", line 489, in find_attachment
    clipButton = self.wait.until(
                 ^^^^^^^^^^^^^^^^
  File "D:\bons\les instances\whattsapping\alright\env\Lib\site-packages\selenium\webdriver\support\wait.py", line 96, in until
    value = method(self._driver)
            ^^^^^^^^^^^^^^^^^^^^
  File "D:\bons\les instances\whattsapping\alright\env\Lib\site-packages\selenium\webdriver\support\expected_conditions.py", line 84, in _predicate
    return driver.find_element(*locator)
           ^^^^^^^^^^^^^^^^^^^^^^^^^^^^^
  File "D:\bons\les instances\whattsapping\alright\env\Lib\site-packages\selenium\webdriver\remote\webdriver.py", line 741, in find_element
    return self.execute(Command.FIND_ELEMENT, {"using": by, "value": value})["value"]
           ^^^^^^^^^^^^^^^^^^^^^^^^^^^^^^^^^^^^^^^^^^^^^^^^^^^^^^^^^^^^^^^^^
  File "D:\bons\les instances\whattsapping\alright\env\Lib\site-packages\selenium\webdriver\remote\webdriver.py", line 347, in execute
    self.error_handler.check_response(response)
  File "D:\bons\les instances\whattsapping\alright\env\Lib\site-packages\selenium\webdriver\remote\errorhandler.py", line 229, in check_response
    raise exception_class(message, screen, stacktrace)
selenium.common.exceptions.NoSuchWindowException: Message: no such window: target window already closed
from unknown error: web view not found
  (Session info: chrome=129.0.6668.101)
Stacktrace:
	GetHandleVerifier [0x00007FF6F353B095+29557]
	(No symbol) [0x00007FF6F34AFA50]
	(No symbol) [0x00007FF6F336B56A]
	(No symbol) [0x00007FF6F333FCC5]
	(No symbol) [0x00007FF6F33EEE07]
	(No symbol) [0x00007FF6F3407E21]
	(No symbol) [0x00007FF6F33E6F33]
	(No symbol) [0x00007FF6F33B116F]
	(No symbol) [0x00007FF6F33B22D1]
	GetHandleVerifier [0x00007FF6F386C96D+3378253]
	GetHandleVerifier [0x00007FF6F38B8497+3688311]
	GetHandleVerifier [0x00007FF6F38AD1CB+3642539]
	GetHandleVerifier [0x00007FF6F35FA6B6+813462]
	(No symbol) [0x00007FF6F34BAB5F]
	(No symbol) [0x00007FF6F34B6B74]
	(No symbol) [0x00007FF6F34B6D10]
	(No symbol) [0x00007FF6F34A5C1F]
	BaseThreadInitThunk [0x00007FFBE78E7344+20]
	RtlUserThreadStart [0x00007FFBE7E5CC91+33]

2024-10-20 23:02:59,563 - INFO - send_picture() finished running!
2024-10-20 23:02:59,563 - INFO - Envoi du fichier PDF à 25573652000: path/to/document.pdf
2024-10-20 23:02:59,566 - ERROR - Failed to send a file to  - Message: no such window: target window already closed
from unknown error: web view not found
  (Session info: chrome=129.0.6668.101)
Stacktrace:
	GetHandleVerifier [0x00007FF6F353B095+29557]
	(No symbol) [0x00007FF6F34AFA50]
	(No symbol) [0x00007FF6F336B56A]
	(No symbol) [0x00007FF6F333FCC5]
	(No symbol) [0x00007FF6F33EEE07]
	(No symbol) [0x00007FF6F3407E21]
	(No symbol) [0x00007FF6F33E6F33]
	(No symbol) [0x00007FF6F33B116F]
	(No symbol) [0x00007FF6F33B22D1]
	GetHandleVerifier [0x00007FF6F386C96D+3378253]
	GetHandleVerifier [0x00007FF6F38B8497+3688311]
	GetHandleVerifier [0x00007FF6F38AD1CB+3642539]
	GetHandleVerifier [0x00007FF6F35FA6B6+813462]
	(No symbol) [0x00007FF6F34BAB5F]
	(No symbol) [0x00007FF6F34B6B74]
	(No symbol) [0x00007FF6F34B6D10]
	(No symbol) [0x00007FF6F34A5C1F]
	BaseThreadInitThunk [0x00007FFBE78E7344+20]
	RtlUserThreadStart [0x00007FFBE7E5CC91+33]
Traceback (most recent call last):
  File "D:\bons\les instances\whattsapping\alright\alright\__init__.py", line 636, in send_file
    self.find_attachment()
  File "D:\bons\les instances\whattsapping\alright\alright\__init__.py", line 489, in find_attachment
    clipButton = self.wait.until(
                 ^^^^^^^^^^^^^^^^
  File "D:\bons\les instances\whattsapping\alright\env\Lib\site-packages\selenium\webdriver\support\wait.py", line 96, in until
    value = method(self._driver)
            ^^^^^^^^^^^^^^^^^^^^
  File "D:\bons\les instances\whattsapping\alright\env\Lib\site-packages\selenium\webdriver\support\expected_conditions.py", line 84, in _predicate
    return driver.find_element(*locator)
           ^^^^^^^^^^^^^^^^^^^^^^^^^^^^^
  File "D:\bons\les instances\whattsapping\alright\env\Lib\site-packages\selenium\webdriver\remote\webdriver.py", line 741, in find_element
    return self.execute(Command.FIND_ELEMENT, {"using": by, "value": value})["value"]
           ^^^^^^^^^^^^^^^^^^^^^^^^^^^^^^^^^^^^^^^^^^^^^^^^^^^^^^^^^^^^^^^^^
  File "D:\bons\les instances\whattsapping\alright\env\Lib\site-packages\selenium\webdriver\remote\webdriver.py", line 347, in execute
    self.error_handler.check_response(response)
  File "D:\bons\les instances\whattsapping\alright\env\Lib\site-packages\selenium\webdriver\remote\errorhandler.py", line 229, in check_response
    raise exception_class(message, screen, stacktrace)
selenium.common.exceptions.NoSuchWindowException: Message: no such window: target window already closed
from unknown error: web view not found
  (Session info: chrome=129.0.6668.101)
Stacktrace:
	GetHandleVerifier [0x00007FF6F353B095+29557]
	(No symbol) [0x00007FF6F34AFA50]
	(No symbol) [0x00007FF6F336B56A]
	(No symbol) [0x00007FF6F333FCC5]
	(No symbol) [0x00007FF6F33EEE07]
	(No symbol) [0x00007FF6F3407E21]
	(No symbol) [0x00007FF6F33E6F33]
	(No symbol) [0x00007FF6F33B116F]
	(No symbol) [0x00007FF6F33B22D1]
	GetHandleVerifier [0x00007FF6F386C96D+3378253]
	GetHandleVerifier [0x00007FF6F38B8497+3688311]
	GetHandleVerifier [0x00007FF6F38AD1CB+3642539]
	GetHandleVerifier [0x00007FF6F35FA6B6+813462]
	(No symbol) [0x00007FF6F34BAB5F]
	(No symbol) [0x00007FF6F34B6B74]
	(No symbol) [0x00007FF6F34B6D10]
	(No symbol) [0x00007FF6F34A5C1F]
	BaseThreadInitThunk [0x00007FFBE78E7344+20]
	RtlUserThreadStart [0x00007FFBE7E5CC91+33]

2024-10-20 23:02:59,569 - INFO - send_file() finished running!
2024-10-20 23:02:59,569 - INFO - Envoi de la vidéo à 25573652000: path/to/video.mp4
2024-10-20 23:02:59,570 - ERROR - Failed to send a message to  - [WinError 2] Sistem belirtilen dosyayı bulamıyor: 'D:\\bons\\les instances\\whattsapping\\alright\\25573652000'
Traceback (most recent call last):
  File "D:\bons\les instances\whattsapping\alright\alright\__init__.py", line 599, in send_video
    f_size = os.path.getsize(filename)
             ^^^^^^^^^^^^^^^^^^^^^^^^^
  File "<frozen genericpath>", line 50, in getsize
FileNotFoundError: [WinError 2] Sistem belirtilen dosyayı bulamıyor: 'D:\\bons\\les instances\\whattsapping\\alright\\25573652000'
2024-10-20 23:02:59,572 - INFO - send_video() finished running!
2024-10-20 23:03:01,580 - INFO - Envoi du message texte à 25573652000: Hello, how are you?
2024-10-20 23:03:01,587 - ERROR - Failed to send a message to  - Message: no such window: target window already closed
from unknown error: web view not found
  (Session info: chrome=129.0.6668.101)
Stacktrace:
	GetHandleVerifier [0x00007FF6F353B095+29557]
	(No symbol) [0x00007FF6F34AFA50]
	(No symbol) [0x00007FF6F336B56A]
	(No symbol) [0x00007FF6F333FCC5]
	(No symbol) [0x00007FF6F33EEE07]
	(No symbol) [0x00007FF6F3407E21]
	(No symbol) [0x00007FF6F33E6F33]
	(No symbol) [0x00007FF6F33B116F]
	(No symbol) [0x00007FF6F33B22D1]
	GetHandleVerifier [0x00007FF6F386C96D+3378253]
	GetHandleVerifier [0x00007FF6F38B8497+3688311]
	GetHandleVerifier [0x00007FF6F38AD1CB+3642539]
	GetHandleVerifier [0x00007FF6F35FA6B6+813462]
	(No symbol) [0x00007FF6F34BAB5F]
	(No symbol) [0x00007FF6F34B6B74]
	(No symbol) [0x00007FF6F34B6D10]
	(No symbol) [0x00007FF6F34A5C1F]
	BaseThreadInitThunk [0x00007FFBE78E7344+20]
	RtlUserThreadStart [0x00007FFBE7E5CC91+33]
Traceback (most recent call last):
  File "D:\bons\les instances\whattsapping\alright\alright\__init__.py", line 465, in send_message
    input_box = self.wait.until(
                ^^^^^^^^^^^^^^^^
  File "D:\bons\les instances\whattsapping\alright\env\Lib\site-packages\selenium\webdriver\support\wait.py", line 96, in until
    value = method(self._driver)
            ^^^^^^^^^^^^^^^^^^^^
  File "D:\bons\les instances\whattsapping\alright\env\Lib\site-packages\selenium\webdriver\support\expected_conditions.py", line 84, in _predicate
    return driver.find_element(*locator)
           ^^^^^^^^^^^^^^^^^^^^^^^^^^^^^
  File "D:\bons\les instances\whattsapping\alright\env\Lib\site-packages\selenium\webdriver\remote\webdriver.py", line 741, in find_element
    return self.execute(Command.FIND_ELEMENT, {"using": by, "value": value})["value"]
           ^^^^^^^^^^^^^^^^^^^^^^^^^^^^^^^^^^^^^^^^^^^^^^^^^^^^^^^^^^^^^^^^^
  File "D:\bons\les instances\whattsapping\alright\env\Lib\site-packages\selenium\webdriver\remote\webdriver.py", line 347, in execute
    self.error_handler.check_response(response)
  File "D:\bons\les instances\whattsapping\alright\env\Lib\site-packages\selenium\webdriver\remote\errorhandler.py", line 229, in check_response
    raise exception_class(message, screen, stacktrace)
selenium.common.exceptions.NoSuchWindowException: Message: no such window: target window already closed
from unknown error: web view not found
  (Session info: chrome=129.0.6668.101)
Stacktrace:
	GetHandleVerifier [0x00007FF6F353B095+29557]
	(No symbol) [0x00007FF6F34AFA50]
	(No symbol) [0x00007FF6F336B56A]
	(No symbol) [0x00007FF6F333FCC5]
	(No symbol) [0x00007FF6F33EEE07]
	(No symbol) [0x00007FF6F3407E21]
	(No symbol) [0x00007FF6F33E6F33]
	(No symbol) [0x00007FF6F33B116F]
	(No symbol) [0x00007FF6F33B22D1]
	GetHandleVerifier [0x00007FF6F386C96D+3378253]
	GetHandleVerifier [0x00007FF6F38B8497+3688311]
	GetHandleVerifier [0x00007FF6F38AD1CB+3642539]
	GetHandleVerifier [0x00007FF6F35FA6B6+813462]
	(No symbol) [0x00007FF6F34BAB5F]
	(No symbol) [0x00007FF6F34B6B74]
	(No symbol) [0x00007FF6F34B6D10]
	(No symbol) [0x00007FF6F34A5C1F]
	BaseThreadInitThunk [0x00007FFBE78E7344+20]
	RtlUserThreadStart [0x00007FFBE7E5CC91+33]

2024-10-20 23:03:01,595 - INFO - send_message() finished running!
2024-10-20 23:03:01,597 - INFO - Envoi de l'image à 25573652000: path/to/image.jpg
2024-10-20 23:03:01,601 - ERROR - Failed to send a message to  - Message: no such window: target window already closed
from unknown error: web view not found
  (Session info: chrome=129.0.6668.101)
Stacktrace:
	GetHandleVerifier [0x00007FF6F353B095+29557]
	(No symbol) [0x00007FF6F34AFA50]
	(No symbol) [0x00007FF6F336B56A]
	(No symbol) [0x00007FF6F333FCC5]
	(No symbol) [0x00007FF6F33EEE07]
	(No symbol) [0x00007FF6F3407E21]
	(No symbol) [0x00007FF6F33E6F33]
	(No symbol) [0x00007FF6F33B116F]
	(No symbol) [0x00007FF6F33B22D1]
	GetHandleVerifier [0x00007FF6F386C96D+3378253]
	GetHandleVerifier [0x00007FF6F38B8497+3688311]
	GetHandleVerifier [0x00007FF6F38AD1CB+3642539]
	GetHandleVerifier [0x00007FF6F35FA6B6+813462]
	(No symbol) [0x00007FF6F34BAB5F]
	(No symbol) [0x00007FF6F34B6B74]
	(No symbol) [0x00007FF6F34B6D10]
	(No symbol) [0x00007FF6F34A5C1F]
	BaseThreadInitThunk [0x00007FFBE78E7344+20]
	RtlUserThreadStart [0x00007FFBE7E5CC91+33]
Traceback (most recent call last):
  File "D:\bons\les instances\whattsapping\alright\alright\__init__.py", line 551, in send_picture
    self.find_attachment()
  File "D:\bons\les instances\whattsapping\alright\alright\__init__.py", line 489, in find_attachment
    clipButton = self.wait.until(
                 ^^^^^^^^^^^^^^^^
  File "D:\bons\les instances\whattsapping\alright\env\Lib\site-packages\selenium\webdriver\support\wait.py", line 96, in until
    value = method(self._driver)
            ^^^^^^^^^^^^^^^^^^^^
  File "D:\bons\les instances\whattsapping\alright\env\Lib\site-packages\selenium\webdriver\support\expected_conditions.py", line 84, in _predicate
    return driver.find_element(*locator)
           ^^^^^^^^^^^^^^^^^^^^^^^^^^^^^
  File "D:\bons\les instances\whattsapping\alright\env\Lib\site-packages\selenium\webdriver\remote\webdriver.py", line 741, in find_element
    return self.execute(Command.FIND_ELEMENT, {"using": by, "value": value})["value"]
           ^^^^^^^^^^^^^^^^^^^^^^^^^^^^^^^^^^^^^^^^^^^^^^^^^^^^^^^^^^^^^^^^^
  File "D:\bons\les instances\whattsapping\alright\env\Lib\site-packages\selenium\webdriver\remote\webdriver.py", line 347, in execute
    self.error_handler.check_response(response)
  File "D:\bons\les instances\whattsapping\alright\env\Lib\site-packages\selenium\webdriver\remote\errorhandler.py", line 229, in check_response
    raise exception_class(message, screen, stacktrace)
selenium.common.exceptions.NoSuchWindowException: Message: no such window: target window already closed
from unknown error: web view not found
  (Session info: chrome=129.0.6668.101)
Stacktrace:
	GetHandleVerifier [0x00007FF6F353B095+29557]
	(No symbol) [0x00007FF6F34AFA50]
	(No symbol) [0x00007FF6F336B56A]
	(No symbol) [0x00007FF6F333FCC5]
	(No symbol) [0x00007FF6F33EEE07]
	(No symbol) [0x00007FF6F3407E21]
	(No symbol) [0x00007FF6F33E6F33]
	(No symbol) [0x00007FF6F33B116F]
	(No symbol) [0x00007FF6F33B22D1]
	GetHandleVerifier [0x00007FF6F386C96D+3378253]
	GetHandleVerifier [0x00007FF6F38B8497+3688311]
	GetHandleVerifier [0x00007FF6F38AD1CB+3642539]
	GetHandleVerifier [0x00007FF6F35FA6B6+813462]
	(No symbol) [0x00007FF6F34BAB5F]
	(No symbol) [0x00007FF6F34B6B74]
	(No symbol) [0x00007FF6F34B6D10]
	(No symbol) [0x00007FF6F34A5C1F]
	BaseThreadInitThunk [0x00007FFBE78E7344+20]
	RtlUserThreadStart [0x00007FFBE7E5CC91+33]

2024-10-20 23:03:01,607 - INFO - send_picture() finished running!
2024-10-20 23:03:01,607 - INFO - Envoi du fichier PDF à 25573652000: path/to/document.pdf
2024-10-20 23:03:01,610 - ERROR - Failed to send a file to  - Message: no such window: target window already closed
from unknown error: web view not found
  (Session info: chrome=129.0.6668.101)
Stacktrace:
	GetHandleVerifier [0x00007FF6F353B095+29557]
	(No symbol) [0x00007FF6F34AFA50]
	(No symbol) [0x00007FF6F336B56A]
	(No symbol) [0x00007FF6F333FCC5]
	(No symbol) [0x00007FF6F33EEE07]
	(No symbol) [0x00007FF6F3407E21]
	(No symbol) [0x00007FF6F33E6F33]
	(No symbol) [0x00007FF6F33B116F]
	(No symbol) [0x00007FF6F33B22D1]
	GetHandleVerifier [0x00007FF6F386C96D+3378253]
	GetHandleVerifier [0x00007FF6F38B8497+3688311]
	GetHandleVerifier [0x00007FF6F38AD1CB+3642539]
	GetHandleVerifier [0x00007FF6F35FA6B6+813462]
	(No symbol) [0x00007FF6F34BAB5F]
	(No symbol) [0x00007FF6F34B6B74]
	(No symbol) [0x00007FF6F34B6D10]
	(No symbol) [0x00007FF6F34A5C1F]
	BaseThreadInitThunk [0x00007FFBE78E7344+20]
	RtlUserThreadStart [0x00007FFBE7E5CC91+33]
Traceback (most recent call last):
  File "D:\bons\les instances\whattsapping\alright\alright\__init__.py", line 636, in send_file
    self.find_attachment()
  File "D:\bons\les instances\whattsapping\alright\alright\__init__.py", line 489, in find_attachment
    clipButton = self.wait.until(
                 ^^^^^^^^^^^^^^^^
  File "D:\bons\les instances\whattsapping\alright\env\Lib\site-packages\selenium\webdriver\support\wait.py", line 96, in until
    value = method(self._driver)
            ^^^^^^^^^^^^^^^^^^^^
  File "D:\bons\les instances\whattsapping\alright\env\Lib\site-packages\selenium\webdriver\support\expected_conditions.py", line 84, in _predicate
    return driver.find_element(*locator)
           ^^^^^^^^^^^^^^^^^^^^^^^^^^^^^
  File "D:\bons\les instances\whattsapping\alright\env\Lib\site-packages\selenium\webdriver\remote\webdriver.py", line 741, in find_element
    return self.execute(Command.FIND_ELEMENT, {"using": by, "value": value})["value"]
           ^^^^^^^^^^^^^^^^^^^^^^^^^^^^^^^^^^^^^^^^^^^^^^^^^^^^^^^^^^^^^^^^^
  File "D:\bons\les instances\whattsapping\alright\env\Lib\site-packages\selenium\webdriver\remote\webdriver.py", line 347, in execute
    self.error_handler.check_response(response)
  File "D:\bons\les instances\whattsapping\alright\env\Lib\site-packages\selenium\webdriver\remote\errorhandler.py", line 229, in check_response
    raise exception_class(message, screen, stacktrace)
selenium.common.exceptions.NoSuchWindowException: Message: no such window: target window already closed
from unknown error: web view not found
  (Session info: chrome=129.0.6668.101)
Stacktrace:
	GetHandleVerifier [0x00007FF6F353B095+29557]
	(No symbol) [0x00007FF6F34AFA50]
	(No symbol) [0x00007FF6F336B56A]
	(No symbol) [0x00007FF6F333FCC5]
	(No symbol) [0x00007FF6F33EEE07]
	(No symbol) [0x00007FF6F3407E21]
	(No symbol) [0x00007FF6F33E6F33]
	(No symbol) [0x00007FF6F33B116F]
	(No symbol) [0x00007FF6F33B22D1]
	GetHandleVerifier [0x00007FF6F386C96D+3378253]
	GetHandleVerifier [0x00007FF6F38B8497+3688311]
	GetHandleVerifier [0x00007FF6F38AD1CB+3642539]
	GetHandleVerifier [0x00007FF6F35FA6B6+813462]
	(No symbol) [0x00007FF6F34BAB5F]
	(No symbol) [0x00007FF6F34B6B74]
	(No symbol) [0x00007FF6F34B6D10]
	(No symbol) [0x00007FF6F34A5C1F]
	BaseThreadInitThunk [0x00007FFBE78E7344+20]
	RtlUserThreadStart [0x00007FFBE7E5CC91+33]

2024-10-20 23:03:01,614 - INFO - send_file() finished running!
2024-10-20 23:03:01,614 - INFO - Envoi de la vidéo à 25573652000: path/to/video.mp4
2024-10-20 23:03:01,615 - ERROR - Failed to send a message to  - [WinError 2] Sistem belirtilen dosyayı bulamıyor: 'D:\\bons\\les instances\\whattsapping\\alright\\25573652000'
Traceback (most recent call last):
  File "D:\bons\les instances\whattsapping\alright\alright\__init__.py", line 599, in send_video
    f_size = os.path.getsize(filename)
             ^^^^^^^^^^^^^^^^^^^^^^^^^
  File "<frozen genericpath>", line 50, in getsize
FileNotFoundError: [WinError 2] Sistem belirtilen dosyayı bulamıyor: 'D:\\bons\\les instances\\whattsapping\\alright\\25573652000'
2024-10-20 23:03:01,616 - INFO - send_video() finished running!
2024-10-20 23:03:03,624 - INFO - Messages envoyés avec succès : 2
2024-10-20 23:03:03,625 - INFO - Messages échoués : 0
2024-10-21 12:15:22,425 - INFO - Envoi du message texte à 25573652000: Hello, how are you?
2024-10-21 12:25:22,697 - ERROR - Failed to send a message to  - Message: 
Stacktrace:
	GetHandleVerifier [0x00007FF6F353B095+29557]
	(No symbol) [0x00007FF6F34AFA50]
	(No symbol) [0x00007FF6F336B56A]
	(No symbol) [0x00007FF6F33BF695]
	(No symbol) [0x00007FF6F33BF8EC]
	(No symbol) [0x00007FF6F340B777]
	(No symbol) [0x00007FF6F33E71CF]
	(No symbol) [0x00007FF6F340851C]
	(No symbol) [0x00007FF6F33E6F33]
	(No symbol) [0x00007FF6F33B116F]
	(No symbol) [0x00007FF6F33B22D1]
	GetHandleVerifier [0x00007FF6F386C96D+3378253]
	GetHandleVerifier [0x00007FF6F38B8497+3688311]
	GetHandleVerifier [0x00007FF6F38AD1CB+3642539]
	GetHandleVerifier [0x00007FF6F35FA6B6+813462]
	(No symbol) [0x00007FF6F34BAB5F]
	(No symbol) [0x00007FF6F34B6B74]
	(No symbol) [0x00007FF6F34B6D10]
	(No symbol) [0x00007FF6F34A5C1F]
	BaseThreadInitThunk [0x00007FFBE78E7344+20]
	RtlUserThreadStart [0x00007FFBE7E5CC91+33]
Traceback (most recent call last):
  File "D:\bons\les instances\whattsapping\alright\alright\__init__.py", line 465, in send_message
    input_box = self.wait.until(
                ^^^^^^^^^^^^^^^^
  File "D:\bons\les instances\whattsapping\alright\env\Lib\site-packages\selenium\webdriver\support\wait.py", line 105, in until
    raise TimeoutException(message, screen, stacktrace)
selenium.common.exceptions.TimeoutException: Message: 
Stacktrace:
	GetHandleVerifier [0x00007FF6F353B095+29557]
	(No symbol) [0x00007FF6F34AFA50]
	(No symbol) [0x00007FF6F336B56A]
	(No symbol) [0x00007FF6F33BF695]
	(No symbol) [0x00007FF6F33BF8EC]
	(No symbol) [0x00007FF6F340B777]
	(No symbol) [0x00007FF6F33E71CF]
	(No symbol) [0x00007FF6F340851C]
	(No symbol) [0x00007FF6F33E6F33]
	(No symbol) [0x00007FF6F33B116F]
	(No symbol) [0x00007FF6F33B22D1]
	GetHandleVerifier [0x00007FF6F386C96D+3378253]
	GetHandleVerifier [0x00007FF6F38B8497+3688311]
	GetHandleVerifier [0x00007FF6F38AD1CB+3642539]
	GetHandleVerifier [0x00007FF6F35FA6B6+813462]
	(No symbol) [0x00007FF6F34BAB5F]
	(No symbol) [0x00007FF6F34B6B74]
	(No symbol) [0x00007FF6F34B6D10]
	(No symbol) [0x00007FF6F34A5C1F]
	BaseThreadInitThunk [0x00007FFBE78E7344+20]
	RtlUserThreadStart [0x00007FFBE7E5CC91+33]

2024-10-21 12:25:22,875 - INFO - send_message() finished running!
2024-10-21 12:25:22,877 - INFO - Envoi de l'image à 25573652000: path/to/image.jpg
2024-10-21 12:35:22,933 - ERROR - Failed to send a message to  - Message: 
Stacktrace:
	GetHandleVerifier [0x00007FF6F353B095+29557]
	(No symbol) [0x00007FF6F34AFA50]
	(No symbol) [0x00007FF6F336B56A]
	(No symbol) [0x00007FF6F33BF695]
	(No symbol) [0x00007FF6F33BF8EC]
	(No symbol) [0x00007FF6F340B777]
	(No symbol) [0x00007FF6F33E71CF]
	(No symbol) [0x00007FF6F340851C]
	(No symbol) [0x00007FF6F33E6F33]
	(No symbol) [0x00007FF6F33B116F]
	(No symbol) [0x00007FF6F33B22D1]
	GetHandleVerifier [0x00007FF6F386C96D+3378253]
	GetHandleVerifier [0x00007FF6F38B8497+3688311]
	GetHandleVerifier [0x00007FF6F38AD1CB+3642539]
	GetHandleVerifier [0x00007FF6F35FA6B6+813462]
	(No symbol) [0x00007FF6F34BAB5F]
	(No symbol) [0x00007FF6F34B6B74]
	(No symbol) [0x00007FF6F34B6D10]
	(No symbol) [0x00007FF6F34A5C1F]
	BaseThreadInitThunk [0x00007FFBE78E7344+20]
	RtlUserThreadStart [0x00007FFBE7E5CC91+33]
Traceback (most recent call last):
  File "D:\bons\les instances\whattsapping\alright\alright\__init__.py", line 551, in send_picture
    self.find_attachment()
  File "D:\bons\les instances\whattsapping\alright\alright\__init__.py", line 489, in find_attachment
    clipButton = self.wait.until(
                 ^^^^^^^^^^^^^^^^
  File "D:\bons\les instances\whattsapping\alright\env\Lib\site-packages\selenium\webdriver\support\wait.py", line 105, in until
    raise TimeoutException(message, screen, stacktrace)
selenium.common.exceptions.TimeoutException: Message: 
Stacktrace:
	GetHandleVerifier [0x00007FF6F353B095+29557]
	(No symbol) [0x00007FF6F34AFA50]
	(No symbol) [0x00007FF6F336B56A]
	(No symbol) [0x00007FF6F33BF695]
	(No symbol) [0x00007FF6F33BF8EC]
	(No symbol) [0x00007FF6F340B777]
	(No symbol) [0x00007FF6F33E71CF]
	(No symbol) [0x00007FF6F340851C]
	(No symbol) [0x00007FF6F33E6F33]
	(No symbol) [0x00007FF6F33B116F]
	(No symbol) [0x00007FF6F33B22D1]
	GetHandleVerifier [0x00007FF6F386C96D+3378253]
	GetHandleVerifier [0x00007FF6F38B8497+3688311]
	GetHandleVerifier [0x00007FF6F38AD1CB+3642539]
	GetHandleVerifier [0x00007FF6F35FA6B6+813462]
	(No symbol) [0x00007FF6F34BAB5F]
	(No symbol) [0x00007FF6F34B6B74]
	(No symbol) [0x00007FF6F34B6D10]
	(No symbol) [0x00007FF6F34A5C1F]
	BaseThreadInitThunk [0x00007FFBE78E7344+20]
	RtlUserThreadStart [0x00007FFBE7E5CC91+33]

2024-10-21 12:35:22,943 - INFO - send_picture() finished running!
2024-10-21 12:35:22,947 - INFO - Envoi du fichier PDF à 25573652000: path/to/document.pdf
2024-10-21 12:45:23,030 - ERROR - Failed to send a file to  - Message: 
Stacktrace:
	GetHandleVerifier [0x00007FF6F353B095+29557]
	(No symbol) [0x00007FF6F34AFA50]
	(No symbol) [0x00007FF6F336B56A]
	(No symbol) [0x00007FF6F33BF695]
	(No symbol) [0x00007FF6F33BF8EC]
	(No symbol) [0x00007FF6F340B777]
	(No symbol) [0x00007FF6F33E71CF]
	(No symbol) [0x00007FF6F340851C]
	(No symbol) [0x00007FF6F33E6F33]
	(No symbol) [0x00007FF6F33B116F]
	(No symbol) [0x00007FF6F33B22D1]
	GetHandleVerifier [0x00007FF6F386C96D+3378253]
	GetHandleVerifier [0x00007FF6F38B8497+3688311]
	GetHandleVerifier [0x00007FF6F38AD1CB+3642539]
	GetHandleVerifier [0x00007FF6F35FA6B6+813462]
	(No symbol) [0x00007FF6F34BAB5F]
	(No symbol) [0x00007FF6F34B6B74]
	(No symbol) [0x00007FF6F34B6D10]
	(No symbol) [0x00007FF6F34A5C1F]
	BaseThreadInitThunk [0x00007FFBE78E7344+20]
	RtlUserThreadStart [0x00007FFBE7E5CC91+33]
Traceback (most recent call last):
  File "D:\bons\les instances\whattsapping\alright\alright\__init__.py", line 636, in send_file
    self.find_attachment()
  File "D:\bons\les instances\whattsapping\alright\alright\__init__.py", line 489, in find_attachment
    clipButton = self.wait.until(
                 ^^^^^^^^^^^^^^^^
  File "D:\bons\les instances\whattsapping\alright\env\Lib\site-packages\selenium\webdriver\support\wait.py", line 105, in until
    raise TimeoutException(message, screen, stacktrace)
selenium.common.exceptions.TimeoutException: Message: 
Stacktrace:
	GetHandleVerifier [0x00007FF6F353B095+29557]
	(No symbol) [0x00007FF6F34AFA50]
	(No symbol) [0x00007FF6F336B56A]
	(No symbol) [0x00007FF6F33BF695]
	(No symbol) [0x00007FF6F33BF8EC]
	(No symbol) [0x00007FF6F340B777]
	(No symbol) [0x00007FF6F33E71CF]
	(No symbol) [0x00007FF6F340851C]
	(No symbol) [0x00007FF6F33E6F33]
	(No symbol) [0x00007FF6F33B116F]
	(No symbol) [0x00007FF6F33B22D1]
	GetHandleVerifier [0x00007FF6F386C96D+3378253]
	GetHandleVerifier [0x00007FF6F38B8497+3688311]
	GetHandleVerifier [0x00007FF6F38AD1CB+3642539]
	GetHandleVerifier [0x00007FF6F35FA6B6+813462]
	(No symbol) [0x00007FF6F34BAB5F]
	(No symbol) [0x00007FF6F34B6B74]
	(No symbol) [0x00007FF6F34B6D10]
	(No symbol) [0x00007FF6F34A5C1F]
	BaseThreadInitThunk [0x00007FFBE78E7344+20]
	RtlUserThreadStart [0x00007FFBE7E5CC91+33]

2024-10-21 12:45:23,032 - INFO - send_file() finished running!
2024-10-21 12:45:23,032 - INFO - Envoi de la vidéo à 25573652000: path/to/video.mp4
2024-10-21 12:45:23,033 - ERROR - Failed to send a message to  - [WinError 2] Sistem belirtilen dosyayı bulamıyor: 'D:\\bons\\les instances\\whattsapping\\alright\\25573652000'
Traceback (most recent call last):
  File "D:\bons\les instances\whattsapping\alright\alright\__init__.py", line 599, in send_video
    f_size = os.path.getsize(filename)
             ^^^^^^^^^^^^^^^^^^^^^^^^^
  File "<frozen genericpath>", line 50, in getsize
FileNotFoundError: [WinError 2] Sistem belirtilen dosyayı bulamıyor: 'D:\\bons\\les instances\\whattsapping\\alright\\25573652000'
2024-10-21 12:45:23,034 - INFO - send_video() finished running!
2024-10-21 12:45:25,036 - INFO - Envoi du message texte à 25573652000: Don't forget the meeting tomorrow
2024-10-21 12:55:25,568 - ERROR - Failed to send a message to  - Message: 
Stacktrace:
	GetHandleVerifier [0x00007FF6F353B095+29557]
	(No symbol) [0x00007FF6F34AFA50]
	(No symbol) [0x00007FF6F336B56A]
	(No symbol) [0x00007FF6F33BF695]
	(No symbol) [0x00007FF6F33BF8EC]
	(No symbol) [0x00007FF6F340B777]
	(No symbol) [0x00007FF6F33E71CF]
	(No symbol) [0x00007FF6F340851C]
	(No symbol) [0x00007FF6F33E6F33]
	(No symbol) [0x00007FF6F33B116F]
	(No symbol) [0x00007FF6F33B22D1]
	GetHandleVerifier [0x00007FF6F386C96D+3378253]
	GetHandleVerifier [0x00007FF6F38B8497+3688311]
	GetHandleVerifier [0x00007FF6F38AD1CB+3642539]
	GetHandleVerifier [0x00007FF6F35FA6B6+813462]
	(No symbol) [0x00007FF6F34BAB5F]
	(No symbol) [0x00007FF6F34B6B74]
	(No symbol) [0x00007FF6F34B6D10]
	(No symbol) [0x00007FF6F34A5C1F]
	BaseThreadInitThunk [0x00007FFBE78E7344+20]
	RtlUserThreadStart [0x00007FFBE7E5CC91+33]
Traceback (most recent call last):
  File "D:\bons\les instances\whattsapping\alright\alright\__init__.py", line 465, in send_message
    input_box = self.wait.until(
                ^^^^^^^^^^^^^^^^
  File "D:\bons\les instances\whattsapping\alright\env\Lib\site-packages\selenium\webdriver\support\wait.py", line 105, in until
    raise TimeoutException(message, screen, stacktrace)
selenium.common.exceptions.TimeoutException: Message: 
Stacktrace:
	GetHandleVerifier [0x00007FF6F353B095+29557]
	(No symbol) [0x00007FF6F34AFA50]
	(No symbol) [0x00007FF6F336B56A]
	(No symbol) [0x00007FF6F33BF695]
	(No symbol) [0x00007FF6F33BF8EC]
	(No symbol) [0x00007FF6F340B777]
	(No symbol) [0x00007FF6F33E71CF]
	(No symbol) [0x00007FF6F340851C]
	(No symbol) [0x00007FF6F33E6F33]
	(No symbol) [0x00007FF6F33B116F]
	(No symbol) [0x00007FF6F33B22D1]
	GetHandleVerifier [0x00007FF6F386C96D+3378253]
	GetHandleVerifier [0x00007FF6F38B8497+3688311]
	GetHandleVerifier [0x00007FF6F38AD1CB+3642539]
	GetHandleVerifier [0x00007FF6F35FA6B6+813462]
	(No symbol) [0x00007FF6F34BAB5F]
	(No symbol) [0x00007FF6F34B6B74]
	(No symbol) [0x00007FF6F34B6D10]
	(No symbol) [0x00007FF6F34A5C1F]
	BaseThreadInitThunk [0x00007FFBE78E7344+20]
	RtlUserThreadStart [0x00007FFBE7E5CC91+33]

2024-10-21 12:55:25,922 - INFO - send_message() finished running!
2024-10-21 12:55:27,927 - INFO - Messages envoyés avec succès : 2
2024-10-21 12:55:27,927 - INFO - Messages échoués : 0
2024-10-29 19:17:45,659 - INFO - Envoi du message texte à 25573652000: Don't forget the meeting tomorrow
2024-10-29 19:17:55,928 - ERROR - Failed to send a message to  - Message: no such window: target window already closed
from unknown error: web view not found
  (Session info: chrome=130.0.6723.70)
Stacktrace:
	GetHandleVerifier [0x00007FF7510E3AB5+28005]
	(No symbol) [0x00007FF7510483B0]
	(No symbol) [0x00007FF750EE580A]
	(No symbol) [0x00007FF750EBFA85]
	(No symbol) [0x00007FF750F62AD7]
	(No symbol) [0x00007FF750F7B1B1]
	(No symbol) [0x00007FF750F5B7E3]
	(No symbol) [0x00007FF750F275C8]
	(No symbol) [0x00007FF750F28731]
	GetHandleVerifier [0x00007FF7513D643D+3118829]
	GetHandleVerifier [0x00007FF751426C90+3448640]
	GetHandleVerifier [0x00007FF75141CF0D+3408317]
	GetHandleVerifier [0x00007FF7511AA40B+841403]
	(No symbol) [0x00007FF75105340F]
	(No symbol) [0x00007FF75104F484]
	(No symbol) [0x00007FF75104F61D]
	(No symbol) [0x00007FF75103EB79]
	BaseThreadInitThunk [0x00007FFE93147344+20]
	RtlUserThreadStart [0x00007FFE9497CC91+33]
Traceback (most recent call last):
  File "D:\bons\les instances\whattsapping\alright\alright\__init__.py", line 465, in send_message
    input_box = self.wait.until(
                ^^^^^^^^^^^^^^^^
  File "C:\Users\ibrahim\anaconda3\Lib\site-packages\selenium\webdriver\support\wait.py", line 96, in until
    value = method(self._driver)
            ^^^^^^^^^^^^^^^^^^^^
  File "C:\Users\ibrahim\anaconda3\Lib\site-packages\selenium\webdriver\support\expected_conditions.py", line 84, in _predicate
    return driver.find_element(*locator)
           ^^^^^^^^^^^^^^^^^^^^^^^^^^^^^
  File "C:\Users\ibrahim\anaconda3\Lib\site-packages\selenium\webdriver\remote\webdriver.py", line 741, in find_element
    return self.execute(Command.FIND_ELEMENT, {"using": by, "value": value})["value"]
           ^^^^^^^^^^^^^^^^^^^^^^^^^^^^^^^^^^^^^^^^^^^^^^^^^^^^^^^^^^^^^^^^^
  File "C:\Users\ibrahim\anaconda3\Lib\site-packages\selenium\webdriver\remote\webdriver.py", line 347, in execute
    self.error_handler.check_response(response)
  File "C:\Users\ibrahim\anaconda3\Lib\site-packages\selenium\webdriver\remote\errorhandler.py", line 229, in check_response
    raise exception_class(message, screen, stacktrace)
selenium.common.exceptions.NoSuchWindowException: Message: no such window: target window already closed
from unknown error: web view not found
  (Session info: chrome=130.0.6723.70)
Stacktrace:
	GetHandleVerifier [0x00007FF7510E3AB5+28005]
	(No symbol) [0x00007FF7510483B0]
	(No symbol) [0x00007FF750EE580A]
	(No symbol) [0x00007FF750EBFA85]
	(No symbol) [0x00007FF750F62AD7]
	(No symbol) [0x00007FF750F7B1B1]
	(No symbol) [0x00007FF750F5B7E3]
	(No symbol) [0x00007FF750F275C8]
	(No symbol) [0x00007FF750F28731]
	GetHandleVerifier [0x00007FF7513D643D+3118829]
	GetHandleVerifier [0x00007FF751426C90+3448640]
	GetHandleVerifier [0x00007FF75141CF0D+3408317]
	GetHandleVerifier [0x00007FF7511AA40B+841403]
	(No symbol) [0x00007FF75105340F]
	(No symbol) [0x00007FF75104F484]
	(No symbol) [0x00007FF75104F61D]
	(No symbol) [0x00007FF75103EB79]
	BaseThreadInitThunk [0x00007FFE93147344+20]
	RtlUserThreadStart [0x00007FFE9497CC91+33]

2024-10-29 19:17:55,970 - INFO - send_message() finished running!
2024-10-29 19:17:57,978 - INFO - Envoi du message texte à 25573652000: Hello, how are you?
2024-10-29 19:17:57,978 - ERROR - Failed to send a message to  - Message: no such window: target window already closed
from unknown error: web view not found
  (Session info: chrome=130.0.6723.70)
Stacktrace:
	GetHandleVerifier [0x00007FF7510E3AB5+28005]
	(No symbol) [0x00007FF7510483B0]
	(No symbol) [0x00007FF750EE580A]
	(No symbol) [0x00007FF750EBFA85]
	(No symbol) [0x00007FF750F62AD7]
	(No symbol) [0x00007FF750F7B1B1]
	(No symbol) [0x00007FF750F5B7E3]
	(No symbol) [0x00007FF750F275C8]
	(No symbol) [0x00007FF750F28731]
	GetHandleVerifier [0x00007FF7513D643D+3118829]
	GetHandleVerifier [0x00007FF751426C90+3448640]
	GetHandleVerifier [0x00007FF75141CF0D+3408317]
	GetHandleVerifier [0x00007FF7511AA40B+841403]
	(No symbol) [0x00007FF75105340F]
	(No symbol) [0x00007FF75104F484]
	(No symbol) [0x00007FF75104F61D]
	(No symbol) [0x00007FF75103EB79]
	BaseThreadInitThunk [0x00007FFE93147344+20]
	RtlUserThreadStart [0x00007FFE9497CC91+33]
Traceback (most recent call last):
  File "D:\bons\les instances\whattsapping\alright\alright\__init__.py", line 465, in send_message
    input_box = self.wait.until(
                ^^^^^^^^^^^^^^^^
  File "C:\Users\ibrahim\anaconda3\Lib\site-packages\selenium\webdriver\support\wait.py", line 96, in until
    value = method(self._driver)
            ^^^^^^^^^^^^^^^^^^^^
  File "C:\Users\ibrahim\anaconda3\Lib\site-packages\selenium\webdriver\support\expected_conditions.py", line 84, in _predicate
    return driver.find_element(*locator)
           ^^^^^^^^^^^^^^^^^^^^^^^^^^^^^
  File "C:\Users\ibrahim\anaconda3\Lib\site-packages\selenium\webdriver\remote\webdriver.py", line 741, in find_element
    return self.execute(Command.FIND_ELEMENT, {"using": by, "value": value})["value"]
           ^^^^^^^^^^^^^^^^^^^^^^^^^^^^^^^^^^^^^^^^^^^^^^^^^^^^^^^^^^^^^^^^^
  File "C:\Users\ibrahim\anaconda3\Lib\site-packages\selenium\webdriver\remote\webdriver.py", line 347, in execute
    self.error_handler.check_response(response)
  File "C:\Users\ibrahim\anaconda3\Lib\site-packages\selenium\webdriver\remote\errorhandler.py", line 229, in check_response
    raise exception_class(message, screen, stacktrace)
selenium.common.exceptions.NoSuchWindowException: Message: no such window: target window already closed
from unknown error: web view not found
  (Session info: chrome=130.0.6723.70)
Stacktrace:
	GetHandleVerifier [0x00007FF7510E3AB5+28005]
	(No symbol) [0x00007FF7510483B0]
	(No symbol) [0x00007FF750EE580A]
	(No symbol) [0x00007FF750EBFA85]
	(No symbol) [0x00007FF750F62AD7]
	(No symbol) [0x00007FF750F7B1B1]
	(No symbol) [0x00007FF750F5B7E3]
	(No symbol) [0x00007FF750F275C8]
	(No symbol) [0x00007FF750F28731]
	GetHandleVerifier [0x00007FF7513D643D+3118829]
	GetHandleVerifier [0x00007FF751426C90+3448640]
	GetHandleVerifier [0x00007FF75141CF0D+3408317]
	GetHandleVerifier [0x00007FF7511AA40B+841403]
	(No symbol) [0x00007FF75105340F]
	(No symbol) [0x00007FF75104F484]
	(No symbol) [0x00007FF75104F61D]
	(No symbol) [0x00007FF75103EB79]
	BaseThreadInitThunk [0x00007FFE93147344+20]
	RtlUserThreadStart [0x00007FFE9497CC91+33]

2024-10-29 19:17:57,999 - INFO - send_message() finished running!
2024-10-29 19:17:57,999 - INFO - Envoi de l'image à 25573652000: path/to/image.jpg
2024-10-29 19:17:58,004 - ERROR - Failed to send a message to  - Message: no such window: target window already closed
from unknown error: web view not found
  (Session info: chrome=130.0.6723.70)
Stacktrace:
	GetHandleVerifier [0x00007FF7510E3AB5+28005]
	(No symbol) [0x00007FF7510483B0]
	(No symbol) [0x00007FF750EE580A]
	(No symbol) [0x00007FF750EBFA85]
	(No symbol) [0x00007FF750F62AD7]
	(No symbol) [0x00007FF750F7B1B1]
	(No symbol) [0x00007FF750F5B7E3]
	(No symbol) [0x00007FF750F275C8]
	(No symbol) [0x00007FF750F28731]
	GetHandleVerifier [0x00007FF7513D643D+3118829]
	GetHandleVerifier [0x00007FF751426C90+3448640]
	GetHandleVerifier [0x00007FF75141CF0D+3408317]
	GetHandleVerifier [0x00007FF7511AA40B+841403]
	(No symbol) [0x00007FF75105340F]
	(No symbol) [0x00007FF75104F484]
	(No symbol) [0x00007FF75104F61D]
	(No symbol) [0x00007FF75103EB79]
	BaseThreadInitThunk [0x00007FFE93147344+20]
	RtlUserThreadStart [0x00007FFE9497CC91+33]
Traceback (most recent call last):
  File "D:\bons\les instances\whattsapping\alright\alright\__init__.py", line 551, in send_picture
    self.find_attachment()
  File "D:\bons\les instances\whattsapping\alright\alright\__init__.py", line 489, in find_attachment
    clipButton = self.wait.until(
                 ^^^^^^^^^^^^^^^^
  File "C:\Users\ibrahim\anaconda3\Lib\site-packages\selenium\webdriver\support\wait.py", line 96, in until
    value = method(self._driver)
            ^^^^^^^^^^^^^^^^^^^^
  File "C:\Users\ibrahim\anaconda3\Lib\site-packages\selenium\webdriver\support\expected_conditions.py", line 84, in _predicate
    return driver.find_element(*locator)
           ^^^^^^^^^^^^^^^^^^^^^^^^^^^^^
  File "C:\Users\ibrahim\anaconda3\Lib\site-packages\selenium\webdriver\remote\webdriver.py", line 741, in find_element
    return self.execute(Command.FIND_ELEMENT, {"using": by, "value": value})["value"]
           ^^^^^^^^^^^^^^^^^^^^^^^^^^^^^^^^^^^^^^^^^^^^^^^^^^^^^^^^^^^^^^^^^
  File "C:\Users\ibrahim\anaconda3\Lib\site-packages\selenium\webdriver\remote\webdriver.py", line 347, in execute
    self.error_handler.check_response(response)
  File "C:\Users\ibrahim\anaconda3\Lib\site-packages\selenium\webdriver\remote\errorhandler.py", line 229, in check_response
    raise exception_class(message, screen, stacktrace)
selenium.common.exceptions.NoSuchWindowException: Message: no such window: target window already closed
from unknown error: web view not found
  (Session info: chrome=130.0.6723.70)
Stacktrace:
	GetHandleVerifier [0x00007FF7510E3AB5+28005]
	(No symbol) [0x00007FF7510483B0]
	(No symbol) [0x00007FF750EE580A]
	(No symbol) [0x00007FF750EBFA85]
	(No symbol) [0x00007FF750F62AD7]
	(No symbol) [0x00007FF750F7B1B1]
	(No symbol) [0x00007FF750F5B7E3]
	(No symbol) [0x00007FF750F275C8]
	(No symbol) [0x00007FF750F28731]
	GetHandleVerifier [0x00007FF7513D643D+3118829]
	GetHandleVerifier [0x00007FF751426C90+3448640]
	GetHandleVerifier [0x00007FF75141CF0D+3408317]
	GetHandleVerifier [0x00007FF7511AA40B+841403]
	(No symbol) [0x00007FF75105340F]
	(No symbol) [0x00007FF75104F484]
	(No symbol) [0x00007FF75104F61D]
	(No symbol) [0x00007FF75103EB79]
	BaseThreadInitThunk [0x00007FFE93147344+20]
	RtlUserThreadStart [0x00007FFE9497CC91+33]

2024-10-29 19:17:58,018 - INFO - send_picture() finished running!
2024-10-29 19:17:58,019 - INFO - Envoi du fichier PDF à 25573652000: path/to/document.pdf
2024-10-29 19:17:58,021 - ERROR - Failed to send a file to  - Message: no such window: target window already closed
from unknown error: web view not found
  (Session info: chrome=130.0.6723.70)
Stacktrace:
	GetHandleVerifier [0x00007FF7510E3AB5+28005]
	(No symbol) [0x00007FF7510483B0]
	(No symbol) [0x00007FF750EE580A]
	(No symbol) [0x00007FF750EBFA85]
	(No symbol) [0x00007FF750F62AD7]
	(No symbol) [0x00007FF750F7B1B1]
	(No symbol) [0x00007FF750F5B7E3]
	(No symbol) [0x00007FF750F275C8]
	(No symbol) [0x00007FF750F28731]
	GetHandleVerifier [0x00007FF7513D643D+3118829]
	GetHandleVerifier [0x00007FF751426C90+3448640]
	GetHandleVerifier [0x00007FF75141CF0D+3408317]
	GetHandleVerifier [0x00007FF7511AA40B+841403]
	(No symbol) [0x00007FF75105340F]
	(No symbol) [0x00007FF75104F484]
	(No symbol) [0x00007FF75104F61D]
	(No symbol) [0x00007FF75103EB79]
	BaseThreadInitThunk [0x00007FFE93147344+20]
	RtlUserThreadStart [0x00007FFE9497CC91+33]
Traceback (most recent call last):
  File "D:\bons\les instances\whattsapping\alright\alright\__init__.py", line 636, in send_file
    self.find_attachment()
  File "D:\bons\les instances\whattsapping\alright\alright\__init__.py", line 489, in find_attachment
    clipButton = self.wait.until(
                 ^^^^^^^^^^^^^^^^
  File "C:\Users\ibrahim\anaconda3\Lib\site-packages\selenium\webdriver\support\wait.py", line 96, in until
    value = method(self._driver)
            ^^^^^^^^^^^^^^^^^^^^
  File "C:\Users\ibrahim\anaconda3\Lib\site-packages\selenium\webdriver\support\expected_conditions.py", line 84, in _predicate
    return driver.find_element(*locator)
           ^^^^^^^^^^^^^^^^^^^^^^^^^^^^^
  File "C:\Users\ibrahim\anaconda3\Lib\site-packages\selenium\webdriver\remote\webdriver.py", line 741, in find_element
    return self.execute(Command.FIND_ELEMENT, {"using": by, "value": value})["value"]
           ^^^^^^^^^^^^^^^^^^^^^^^^^^^^^^^^^^^^^^^^^^^^^^^^^^^^^^^^^^^^^^^^^
  File "C:\Users\ibrahim\anaconda3\Lib\site-packages\selenium\webdriver\remote\webdriver.py", line 347, in execute
    self.error_handler.check_response(response)
  File "C:\Users\ibrahim\anaconda3\Lib\site-packages\selenium\webdriver\remote\errorhandler.py", line 229, in check_response
    raise exception_class(message, screen, stacktrace)
selenium.common.exceptions.NoSuchWindowException: Message: no such window: target window already closed
from unknown error: web view not found
  (Session info: chrome=130.0.6723.70)
Stacktrace:
	GetHandleVerifier [0x00007FF7510E3AB5+28005]
	(No symbol) [0x00007FF7510483B0]
	(No symbol) [0x00007FF750EE580A]
	(No symbol) [0x00007FF750EBFA85]
	(No symbol) [0x00007FF750F62AD7]
	(No symbol) [0x00007FF750F7B1B1]
	(No symbol) [0x00007FF750F5B7E3]
	(No symbol) [0x00007FF750F275C8]
	(No symbol) [0x00007FF750F28731]
	GetHandleVerifier [0x00007FF7513D643D+3118829]
	GetHandleVerifier [0x00007FF751426C90+3448640]
	GetHandleVerifier [0x00007FF75141CF0D+3408317]
	GetHandleVerifier [0x00007FF7511AA40B+841403]
	(No symbol) [0x00007FF75105340F]
	(No symbol) [0x00007FF75104F484]
	(No symbol) [0x00007FF75104F61D]
	(No symbol) [0x00007FF75103EB79]
	BaseThreadInitThunk [0x00007FFE93147344+20]
	RtlUserThreadStart [0x00007FFE9497CC91+33]

2024-10-29 19:17:58,035 - INFO - send_file() finished running!
2024-10-29 19:17:58,035 - INFO - Envoi de la vidéo à 25573652000: path/to/video.mp4
2024-10-29 19:17:58,035 - ERROR - Failed to send a message to  - [WinError 2] Sistem belirtilen dosyayı bulamıyor: 'D:\\bons\\les instances\\whattsapping\\alright\\25573652000'
Traceback (most recent call last):
  File "D:\bons\les instances\whattsapping\alright\alright\__init__.py", line 599, in send_video
    f_size = os.path.getsize(filename)
             ^^^^^^^^^^^^^^^^^^^^^^^^^
  File "<frozen genericpath>", line 50, in getsize
FileNotFoundError: [WinError 2] Sistem belirtilen dosyayı bulamıyor: 'D:\\bons\\les instances\\whattsapping\\alright\\25573652000'
2024-10-29 19:17:58,039 - INFO - send_video() finished running!
2024-10-29 19:18:00,048 - INFO - Messages envoyés avec succès : 2
2024-10-29 19:18:00,048 - INFO - Messages échoués : 0
2024-10-29 19:18:09,200 - INFO - Envoi du message texte à 25573652000: Don't forget the meeting tomorrow
2024-10-29 19:18:20,086 - ERROR - Failed to send a message to  - Message: no such window: target window already closed
from unknown error: web view not found
  (Session info: chrome=130.0.6723.70)
Stacktrace:
	GetHandleVerifier [0x00007FF7510E3AB5+28005]
	(No symbol) [0x00007FF7510483B0]
	(No symbol) [0x00007FF750EE580A]
	(No symbol) [0x00007FF750EBFA85]
	(No symbol) [0x00007FF750F62AD7]
	(No symbol) [0x00007FF750F7B1B1]
	(No symbol) [0x00007FF750F5B7E3]
	(No symbol) [0x00007FF750F275C8]
	(No symbol) [0x00007FF750F28731]
	GetHandleVerifier [0x00007FF7513D643D+3118829]
	GetHandleVerifier [0x00007FF751426C90+3448640]
	GetHandleVerifier [0x00007FF75141CF0D+3408317]
	GetHandleVerifier [0x00007FF7511AA40B+841403]
	(No symbol) [0x00007FF75105340F]
	(No symbol) [0x00007FF75104F484]
	(No symbol) [0x00007FF75104F61D]
	(No symbol) [0x00007FF75103EB79]
	BaseThreadInitThunk [0x00007FFE93147344+20]
	RtlUserThreadStart [0x00007FFE9497CC91+33]
Traceback (most recent call last):
  File "D:\bons\les instances\whattsapping\alright\alright\__init__.py", line 465, in send_message
    input_box = self.wait.until(
                ^^^^^^^^^^^^^^^^
  File "C:\Users\ibrahim\anaconda3\Lib\site-packages\selenium\webdriver\support\wait.py", line 96, in until
    value = method(self._driver)
            ^^^^^^^^^^^^^^^^^^^^
  File "C:\Users\ibrahim\anaconda3\Lib\site-packages\selenium\webdriver\support\expected_conditions.py", line 84, in _predicate
    return driver.find_element(*locator)
           ^^^^^^^^^^^^^^^^^^^^^^^^^^^^^
  File "C:\Users\ibrahim\anaconda3\Lib\site-packages\selenium\webdriver\remote\webdriver.py", line 741, in find_element
    return self.execute(Command.FIND_ELEMENT, {"using": by, "value": value})["value"]
           ^^^^^^^^^^^^^^^^^^^^^^^^^^^^^^^^^^^^^^^^^^^^^^^^^^^^^^^^^^^^^^^^^
  File "C:\Users\ibrahim\anaconda3\Lib\site-packages\selenium\webdriver\remote\webdriver.py", line 347, in execute
    self.error_handler.check_response(response)
  File "C:\Users\ibrahim\anaconda3\Lib\site-packages\selenium\webdriver\remote\errorhandler.py", line 229, in check_response
    raise exception_class(message, screen, stacktrace)
selenium.common.exceptions.NoSuchWindowException: Message: no such window: target window already closed
from unknown error: web view not found
  (Session info: chrome=130.0.6723.70)
Stacktrace:
	GetHandleVerifier [0x00007FF7510E3AB5+28005]
	(No symbol) [0x00007FF7510483B0]
	(No symbol) [0x00007FF750EE580A]
	(No symbol) [0x00007FF750EBFA85]
	(No symbol) [0x00007FF750F62AD7]
	(No symbol) [0x00007FF750F7B1B1]
	(No symbol) [0x00007FF750F5B7E3]
	(No symbol) [0x00007FF750F275C8]
	(No symbol) [0x00007FF750F28731]
	GetHandleVerifier [0x00007FF7513D643D+3118829]
	GetHandleVerifier [0x00007FF751426C90+3448640]
	GetHandleVerifier [0x00007FF75141CF0D+3408317]
	GetHandleVerifier [0x00007FF7511AA40B+841403]
	(No symbol) [0x00007FF75105340F]
	(No symbol) [0x00007FF75104F484]
	(No symbol) [0x00007FF75104F61D]
	(No symbol) [0x00007FF75103EB79]
	BaseThreadInitThunk [0x00007FFE93147344+20]
	RtlUserThreadStart [0x00007FFE9497CC91+33]

2024-10-29 19:18:20,102 - INFO - send_message() finished running!
2024-10-29 19:18:22,107 - INFO - Envoi du message texte à 25573652000: Hello, how are you?
2024-10-29 19:18:22,112 - ERROR - Failed to send a message to  - Message: no such window: target window already closed
from unknown error: web view not found
  (Session info: chrome=130.0.6723.70)
Stacktrace:
	GetHandleVerifier [0x00007FF7510E3AB5+28005]
	(No symbol) [0x00007FF7510483B0]
	(No symbol) [0x00007FF750EE580A]
	(No symbol) [0x00007FF750EBFA85]
	(No symbol) [0x00007FF750F62AD7]
	(No symbol) [0x00007FF750F7B1B1]
	(No symbol) [0x00007FF750F5B7E3]
	(No symbol) [0x00007FF750F275C8]
	(No symbol) [0x00007FF750F28731]
	GetHandleVerifier [0x00007FF7513D643D+3118829]
	GetHandleVerifier [0x00007FF751426C90+3448640]
	GetHandleVerifier [0x00007FF75141CF0D+3408317]
	GetHandleVerifier [0x00007FF7511AA40B+841403]
	(No symbol) [0x00007FF75105340F]
	(No symbol) [0x00007FF75104F484]
	(No symbol) [0x00007FF75104F61D]
	(No symbol) [0x00007FF75103EB79]
	BaseThreadInitThunk [0x00007FFE93147344+20]
	RtlUserThreadStart [0x00007FFE9497CC91+33]
Traceback (most recent call last):
  File "D:\bons\les instances\whattsapping\alright\alright\__init__.py", line 465, in send_message
    input_box = self.wait.until(
                ^^^^^^^^^^^^^^^^
  File "C:\Users\ibrahim\anaconda3\Lib\site-packages\selenium\webdriver\support\wait.py", line 96, in until
    value = method(self._driver)
            ^^^^^^^^^^^^^^^^^^^^
  File "C:\Users\ibrahim\anaconda3\Lib\site-packages\selenium\webdriver\support\expected_conditions.py", line 84, in _predicate
    return driver.find_element(*locator)
           ^^^^^^^^^^^^^^^^^^^^^^^^^^^^^
  File "C:\Users\ibrahim\anaconda3\Lib\site-packages\selenium\webdriver\remote\webdriver.py", line 741, in find_element
    return self.execute(Command.FIND_ELEMENT, {"using": by, "value": value})["value"]
           ^^^^^^^^^^^^^^^^^^^^^^^^^^^^^^^^^^^^^^^^^^^^^^^^^^^^^^^^^^^^^^^^^
  File "C:\Users\ibrahim\anaconda3\Lib\site-packages\selenium\webdriver\remote\webdriver.py", line 347, in execute
    self.error_handler.check_response(response)
  File "C:\Users\ibrahim\anaconda3\Lib\site-packages\selenium\webdriver\remote\errorhandler.py", line 229, in check_response
    raise exception_class(message, screen, stacktrace)
selenium.common.exceptions.NoSuchWindowException: Message: no such window: target window already closed
from unknown error: web view not found
  (Session info: chrome=130.0.6723.70)
Stacktrace:
	GetHandleVerifier [0x00007FF7510E3AB5+28005]
	(No symbol) [0x00007FF7510483B0]
	(No symbol) [0x00007FF750EE580A]
	(No symbol) [0x00007FF750EBFA85]
	(No symbol) [0x00007FF750F62AD7]
	(No symbol) [0x00007FF750F7B1B1]
	(No symbol) [0x00007FF750F5B7E3]
	(No symbol) [0x00007FF750F275C8]
	(No symbol) [0x00007FF750F28731]
	GetHandleVerifier [0x00007FF7513D643D+3118829]
	GetHandleVerifier [0x00007FF751426C90+3448640]
	GetHandleVerifier [0x00007FF75141CF0D+3408317]
	GetHandleVerifier [0x00007FF7511AA40B+841403]
	(No symbol) [0x00007FF75105340F]
	(No symbol) [0x00007FF75104F484]
	(No symbol) [0x00007FF75104F61D]
	(No symbol) [0x00007FF75103EB79]
	BaseThreadInitThunk [0x00007FFE93147344+20]
	RtlUserThreadStart [0x00007FFE9497CC91+33]

2024-10-29 19:18:22,132 - INFO - send_message() finished running!
2024-10-29 19:18:22,134 - INFO - Envoi de l'image à 25573652000: path/to/image.jpg
2024-10-29 19:18:22,137 - ERROR - Failed to send a message to  - Message: no such window: target window already closed
from unknown error: web view not found
  (Session info: chrome=130.0.6723.70)
Stacktrace:
	GetHandleVerifier [0x00007FF7510E3AB5+28005]
	(No symbol) [0x00007FF7510483B0]
	(No symbol) [0x00007FF750EE580A]
	(No symbol) [0x00007FF750EBFA85]
	(No symbol) [0x00007FF750F62AD7]
	(No symbol) [0x00007FF750F7B1B1]
	(No symbol) [0x00007FF750F5B7E3]
	(No symbol) [0x00007FF750F275C8]
	(No symbol) [0x00007FF750F28731]
	GetHandleVerifier [0x00007FF7513D643D+3118829]
	GetHandleVerifier [0x00007FF751426C90+3448640]
	GetHandleVerifier [0x00007FF75141CF0D+3408317]
	GetHandleVerifier [0x00007FF7511AA40B+841403]
	(No symbol) [0x00007FF75105340F]
	(No symbol) [0x00007FF75104F484]
	(No symbol) [0x00007FF75104F61D]
	(No symbol) [0x00007FF75103EB79]
	BaseThreadInitThunk [0x00007FFE93147344+20]
	RtlUserThreadStart [0x00007FFE9497CC91+33]
Traceback (most recent call last):
  File "D:\bons\les instances\whattsapping\alright\alright\__init__.py", line 551, in send_picture
    self.find_attachment()
  File "D:\bons\les instances\whattsapping\alright\alright\__init__.py", line 489, in find_attachment
    clipButton = self.wait.until(
                 ^^^^^^^^^^^^^^^^
  File "C:\Users\ibrahim\anaconda3\Lib\site-packages\selenium\webdriver\support\wait.py", line 96, in until
    value = method(self._driver)
            ^^^^^^^^^^^^^^^^^^^^
  File "C:\Users\ibrahim\anaconda3\Lib\site-packages\selenium\webdriver\support\expected_conditions.py", line 84, in _predicate
    return driver.find_element(*locator)
           ^^^^^^^^^^^^^^^^^^^^^^^^^^^^^
  File "C:\Users\ibrahim\anaconda3\Lib\site-packages\selenium\webdriver\remote\webdriver.py", line 741, in find_element
    return self.execute(Command.FIND_ELEMENT, {"using": by, "value": value})["value"]
           ^^^^^^^^^^^^^^^^^^^^^^^^^^^^^^^^^^^^^^^^^^^^^^^^^^^^^^^^^^^^^^^^^
  File "C:\Users\ibrahim\anaconda3\Lib\site-packages\selenium\webdriver\remote\webdriver.py", line 347, in execute
    self.error_handler.check_response(response)
  File "C:\Users\ibrahim\anaconda3\Lib\site-packages\selenium\webdriver\remote\errorhandler.py", line 229, in check_response
    raise exception_class(message, screen, stacktrace)
selenium.common.exceptions.NoSuchWindowException: Message: no such window: target window already closed
from unknown error: web view not found
  (Session info: chrome=130.0.6723.70)
Stacktrace:
	GetHandleVerifier [0x00007FF7510E3AB5+28005]
	(No symbol) [0x00007FF7510483B0]
	(No symbol) [0x00007FF750EE580A]
	(No symbol) [0x00007FF750EBFA85]
	(No symbol) [0x00007FF750F62AD7]
	(No symbol) [0x00007FF750F7B1B1]
	(No symbol) [0x00007FF750F5B7E3]
	(No symbol) [0x00007FF750F275C8]
	(No symbol) [0x00007FF750F28731]
	GetHandleVerifier [0x00007FF7513D643D+3118829]
	GetHandleVerifier [0x00007FF751426C90+3448640]
	GetHandleVerifier [0x00007FF75141CF0D+3408317]
	GetHandleVerifier [0x00007FF7511AA40B+841403]
	(No symbol) [0x00007FF75105340F]
	(No symbol) [0x00007FF75104F484]
	(No symbol) [0x00007FF75104F61D]
	(No symbol) [0x00007FF75103EB79]
	BaseThreadInitThunk [0x00007FFE93147344+20]
	RtlUserThreadStart [0x00007FFE9497CC91+33]

2024-10-29 19:18:22,149 - INFO - send_picture() finished running!
2024-10-29 19:18:22,149 - INFO - Envoi du fichier PDF à 25573652000: path/to/document.pdf
2024-10-29 19:18:22,153 - ERROR - Failed to send a file to  - Message: no such window: target window already closed
from unknown error: web view not found
  (Session info: chrome=130.0.6723.70)
Stacktrace:
	GetHandleVerifier [0x00007FF7510E3AB5+28005]
	(No symbol) [0x00007FF7510483B0]
	(No symbol) [0x00007FF750EE580A]
	(No symbol) [0x00007FF750EBFA85]
	(No symbol) [0x00007FF750F62AD7]
	(No symbol) [0x00007FF750F7B1B1]
	(No symbol) [0x00007FF750F5B7E3]
	(No symbol) [0x00007FF750F275C8]
	(No symbol) [0x00007FF750F28731]
	GetHandleVerifier [0x00007FF7513D643D+3118829]
	GetHandleVerifier [0x00007FF751426C90+3448640]
	GetHandleVerifier [0x00007FF75141CF0D+3408317]
	GetHandleVerifier [0x00007FF7511AA40B+841403]
	(No symbol) [0x00007FF75105340F]
	(No symbol) [0x00007FF75104F484]
	(No symbol) [0x00007FF75104F61D]
	(No symbol) [0x00007FF75103EB79]
	BaseThreadInitThunk [0x00007FFE93147344+20]
	RtlUserThreadStart [0x00007FFE9497CC91+33]
Traceback (most recent call last):
  File "D:\bons\les instances\whattsapping\alright\alright\__init__.py", line 636, in send_file
    self.find_attachment()
  File "D:\bons\les instances\whattsapping\alright\alright\__init__.py", line 489, in find_attachment
    clipButton = self.wait.until(
                 ^^^^^^^^^^^^^^^^
  File "C:\Users\ibrahim\anaconda3\Lib\site-packages\selenium\webdriver\support\wait.py", line 96, in until
    value = method(self._driver)
            ^^^^^^^^^^^^^^^^^^^^
  File "C:\Users\ibrahim\anaconda3\Lib\site-packages\selenium\webdriver\support\expected_conditions.py", line 84, in _predicate
    return driver.find_element(*locator)
           ^^^^^^^^^^^^^^^^^^^^^^^^^^^^^
  File "C:\Users\ibrahim\anaconda3\Lib\site-packages\selenium\webdriver\remote\webdriver.py", line 741, in find_element
    return self.execute(Command.FIND_ELEMENT, {"using": by, "value": value})["value"]
           ^^^^^^^^^^^^^^^^^^^^^^^^^^^^^^^^^^^^^^^^^^^^^^^^^^^^^^^^^^^^^^^^^
  File "C:\Users\ibrahim\anaconda3\Lib\site-packages\selenium\webdriver\remote\webdriver.py", line 347, in execute
    self.error_handler.check_response(response)
  File "C:\Users\ibrahim\anaconda3\Lib\site-packages\selenium\webdriver\remote\errorhandler.py", line 229, in check_response
    raise exception_class(message, screen, stacktrace)
selenium.common.exceptions.NoSuchWindowException: Message: no such window: target window already closed
from unknown error: web view not found
  (Session info: chrome=130.0.6723.70)
Stacktrace:
	GetHandleVerifier [0x00007FF7510E3AB5+28005]
	(No symbol) [0x00007FF7510483B0]
	(No symbol) [0x00007FF750EE580A]
	(No symbol) [0x00007FF750EBFA85]
	(No symbol) [0x00007FF750F62AD7]
	(No symbol) [0x00007FF750F7B1B1]
	(No symbol) [0x00007FF750F5B7E3]
	(No symbol) [0x00007FF750F275C8]
	(No symbol) [0x00007FF750F28731]
	GetHandleVerifier [0x00007FF7513D643D+3118829]
	GetHandleVerifier [0x00007FF751426C90+3448640]
	GetHandleVerifier [0x00007FF75141CF0D+3408317]
	GetHandleVerifier [0x00007FF7511AA40B+841403]
	(No symbol) [0x00007FF75105340F]
	(No symbol) [0x00007FF75104F484]
	(No symbol) [0x00007FF75104F61D]
	(No symbol) [0x00007FF75103EB79]
	BaseThreadInitThunk [0x00007FFE93147344+20]
	RtlUserThreadStart [0x00007FFE9497CC91+33]

2024-10-29 19:18:22,168 - INFO - send_file() finished running!
2024-10-29 19:18:22,168 - INFO - Envoi de la vidéo à 25573652000: path/to/video.mp4
2024-10-29 19:18:22,168 - ERROR - Failed to send a message to  - [WinError 2] Sistem belirtilen dosyayı bulamıyor: 'D:\\bons\\les instances\\whattsapping\\alright\\25573652000'
Traceback (most recent call last):
  File "D:\bons\les instances\whattsapping\alright\alright\__init__.py", line 599, in send_video
    f_size = os.path.getsize(filename)
             ^^^^^^^^^^^^^^^^^^^^^^^^^
  File "<frozen genericpath>", line 50, in getsize
FileNotFoundError: [WinError 2] Sistem belirtilen dosyayı bulamıyor: 'D:\\bons\\les instances\\whattsapping\\alright\\25573652000'
2024-10-29 19:18:22,168 - INFO - send_video() finished running!
2024-10-29 19:18:24,174 - INFO - Messages envoyés avec succès : 2
2024-10-29 19:18:24,174 - INFO - Messages échoués : 0
2024-10-29 19:19:53,293 - INFO - Envoi du message texte à 25573652000: Don't forget the meeting tomorrow
2024-10-29 19:23:45,153 - ERROR - Failed to send a message to  - Message: no such window: target window already closed
from unknown error: web view not found
  (Session info: chrome=130.0.6723.70)
Stacktrace:
	GetHandleVerifier [0x00007FF7510E3AB5+28005]
	(No symbol) [0x00007FF7510483B0]
	(No symbol) [0x00007FF750EE580A]
	(No symbol) [0x00007FF750EBFA85]
	(No symbol) [0x00007FF750F62AD7]
	(No symbol) [0x00007FF750F7B1B1]
	(No symbol) [0x00007FF750F5B7E3]
	(No symbol) [0x00007FF750F275C8]
	(No symbol) [0x00007FF750F28731]
	GetHandleVerifier [0x00007FF7513D643D+3118829]
	GetHandleVerifier [0x00007FF751426C90+3448640]
	GetHandleVerifier [0x00007FF75141CF0D+3408317]
	GetHandleVerifier [0x00007FF7511AA40B+841403]
	(No symbol) [0x00007FF75105340F]
	(No symbol) [0x00007FF75104F484]
	(No symbol) [0x00007FF75104F61D]
	(No symbol) [0x00007FF75103EB79]
	BaseThreadInitThunk [0x00007FFE93147344+20]
	RtlUserThreadStart [0x00007FFE9497CC91+33]
Traceback (most recent call last):
  File "D:\bons\les instances\whattsapping\alright\alright\__init__.py", line 465, in send_message
    input_box = self.wait.until(
                ^^^^^^^^^^^^^^^^
  File "C:\Users\ibrahim\anaconda3\Lib\site-packages\selenium\webdriver\support\wait.py", line 96, in until
    value = method(self._driver)
            ^^^^^^^^^^^^^^^^^^^^
  File "C:\Users\ibrahim\anaconda3\Lib\site-packages\selenium\webdriver\support\expected_conditions.py", line 84, in _predicate
    return driver.find_element(*locator)
           ^^^^^^^^^^^^^^^^^^^^^^^^^^^^^
  File "C:\Users\ibrahim\anaconda3\Lib\site-packages\selenium\webdriver\remote\webdriver.py", line 741, in find_element
    return self.execute(Command.FIND_ELEMENT, {"using": by, "value": value})["value"]
           ^^^^^^^^^^^^^^^^^^^^^^^^^^^^^^^^^^^^^^^^^^^^^^^^^^^^^^^^^^^^^^^^^
  File "C:\Users\ibrahim\anaconda3\Lib\site-packages\selenium\webdriver\remote\webdriver.py", line 347, in execute
    self.error_handler.check_response(response)
  File "C:\Users\ibrahim\anaconda3\Lib\site-packages\selenium\webdriver\remote\errorhandler.py", line 229, in check_response
    raise exception_class(message, screen, stacktrace)
selenium.common.exceptions.NoSuchWindowException: Message: no such window: target window already closed
from unknown error: web view not found
  (Session info: chrome=130.0.6723.70)
Stacktrace:
	GetHandleVerifier [0x00007FF7510E3AB5+28005]
	(No symbol) [0x00007FF7510483B0]
	(No symbol) [0x00007FF750EE580A]
	(No symbol) [0x00007FF750EBFA85]
	(No symbol) [0x00007FF750F62AD7]
	(No symbol) [0x00007FF750F7B1B1]
	(No symbol) [0x00007FF750F5B7E3]
	(No symbol) [0x00007FF750F275C8]
	(No symbol) [0x00007FF750F28731]
	GetHandleVerifier [0x00007FF7513D643D+3118829]
	GetHandleVerifier [0x00007FF751426C90+3448640]
	GetHandleVerifier [0x00007FF75141CF0D+3408317]
	GetHandleVerifier [0x00007FF7511AA40B+841403]
	(No symbol) [0x00007FF75105340F]
	(No symbol) [0x00007FF75104F484]
	(No symbol) [0x00007FF75104F61D]
	(No symbol) [0x00007FF75103EB79]
	BaseThreadInitThunk [0x00007FFE93147344+20]
	RtlUserThreadStart [0x00007FFE9497CC91+33]

2024-10-29 19:23:45,171 - INFO - send_message() finished running!
2024-10-29 19:23:47,173 - INFO - Envoi du message texte à 25573652000: Hello, how are you?
2024-10-29 19:23:47,175 - ERROR - Failed to send a message to  - Message: no such window: target window already closed
from unknown error: web view not found
  (Session info: chrome=130.0.6723.70)
Stacktrace:
	GetHandleVerifier [0x00007FF7510E3AB5+28005]
	(No symbol) [0x00007FF7510483B0]
	(No symbol) [0x00007FF750EE580A]
	(No symbol) [0x00007FF750EBFA85]
	(No symbol) [0x00007FF750F62AD7]
	(No symbol) [0x00007FF750F7B1B1]
	(No symbol) [0x00007FF750F5B7E3]
	(No symbol) [0x00007FF750F275C8]
	(No symbol) [0x00007FF750F28731]
	GetHandleVerifier [0x00007FF7513D643D+3118829]
	GetHandleVerifier [0x00007FF751426C90+3448640]
	GetHandleVerifier [0x00007FF75141CF0D+3408317]
	GetHandleVerifier [0x00007FF7511AA40B+841403]
	(No symbol) [0x00007FF75105340F]
	(No symbol) [0x00007FF75104F484]
	(No symbol) [0x00007FF75104F61D]
	(No symbol) [0x00007FF75103EB79]
	BaseThreadInitThunk [0x00007FFE93147344+20]
	RtlUserThreadStart [0x00007FFE9497CC91+33]
Traceback (most recent call last):
  File "D:\bons\les instances\whattsapping\alright\alright\__init__.py", line 465, in send_message
    input_box = self.wait.until(
                ^^^^^^^^^^^^^^^^
  File "C:\Users\ibrahim\anaconda3\Lib\site-packages\selenium\webdriver\support\wait.py", line 96, in until
    value = method(self._driver)
            ^^^^^^^^^^^^^^^^^^^^
  File "C:\Users\ibrahim\anaconda3\Lib\site-packages\selenium\webdriver\support\expected_conditions.py", line 84, in _predicate
    return driver.find_element(*locator)
           ^^^^^^^^^^^^^^^^^^^^^^^^^^^^^
  File "C:\Users\ibrahim\anaconda3\Lib\site-packages\selenium\webdriver\remote\webdriver.py", line 741, in find_element
    return self.execute(Command.FIND_ELEMENT, {"using": by, "value": value})["value"]
           ^^^^^^^^^^^^^^^^^^^^^^^^^^^^^^^^^^^^^^^^^^^^^^^^^^^^^^^^^^^^^^^^^
  File "C:\Users\ibrahim\anaconda3\Lib\site-packages\selenium\webdriver\remote\webdriver.py", line 347, in execute
    self.error_handler.check_response(response)
  File "C:\Users\ibrahim\anaconda3\Lib\site-packages\selenium\webdriver\remote\errorhandler.py", line 229, in check_response
    raise exception_class(message, screen, stacktrace)
selenium.common.exceptions.NoSuchWindowException: Message: no such window: target window already closed
from unknown error: web view not found
  (Session info: chrome=130.0.6723.70)
Stacktrace:
	GetHandleVerifier [0x00007FF7510E3AB5+28005]
	(No symbol) [0x00007FF7510483B0]
	(No symbol) [0x00007FF750EE580A]
	(No symbol) [0x00007FF750EBFA85]
	(No symbol) [0x00007FF750F62AD7]
	(No symbol) [0x00007FF750F7B1B1]
	(No symbol) [0x00007FF750F5B7E3]
	(No symbol) [0x00007FF750F275C8]
	(No symbol) [0x00007FF750F28731]
	GetHandleVerifier [0x00007FF7513D643D+3118829]
	GetHandleVerifier [0x00007FF751426C90+3448640]
	GetHandleVerifier [0x00007FF75141CF0D+3408317]
	GetHandleVerifier [0x00007FF7511AA40B+841403]
	(No symbol) [0x00007FF75105340F]
	(No symbol) [0x00007FF75104F484]
	(No symbol) [0x00007FF75104F61D]
	(No symbol) [0x00007FF75103EB79]
	BaseThreadInitThunk [0x00007FFE93147344+20]
	RtlUserThreadStart [0x00007FFE9497CC91+33]

2024-10-29 19:23:47,192 - INFO - send_message() finished running!
2024-10-29 19:23:47,193 - INFO - Envoi de l'image à 25573652000: path/to/image.jpg
2024-10-29 19:23:47,196 - ERROR - Failed to send a message to  - Message: no such window: target window already closed
from unknown error: web view not found
  (Session info: chrome=130.0.6723.70)
Stacktrace:
	GetHandleVerifier [0x00007FF7510E3AB5+28005]
	(No symbol) [0x00007FF7510483B0]
	(No symbol) [0x00007FF750EE580A]
	(No symbol) [0x00007FF750EBFA85]
	(No symbol) [0x00007FF750F62AD7]
	(No symbol) [0x00007FF750F7B1B1]
	(No symbol) [0x00007FF750F5B7E3]
	(No symbol) [0x00007FF750F275C8]
	(No symbol) [0x00007FF750F28731]
	GetHandleVerifier [0x00007FF7513D643D+3118829]
	GetHandleVerifier [0x00007FF751426C90+3448640]
	GetHandleVerifier [0x00007FF75141CF0D+3408317]
	GetHandleVerifier [0x00007FF7511AA40B+841403]
	(No symbol) [0x00007FF75105340F]
	(No symbol) [0x00007FF75104F484]
	(No symbol) [0x00007FF75104F61D]
	(No symbol) [0x00007FF75103EB79]
	BaseThreadInitThunk [0x00007FFE93147344+20]
	RtlUserThreadStart [0x00007FFE9497CC91+33]
Traceback (most recent call last):
  File "D:\bons\les instances\whattsapping\alright\alright\__init__.py", line 551, in send_picture
    self.find_attachment()
  File "D:\bons\les instances\whattsapping\alright\alright\__init__.py", line 489, in find_attachment
    clipButton = self.wait.until(
                 ^^^^^^^^^^^^^^^^
  File "C:\Users\ibrahim\anaconda3\Lib\site-packages\selenium\webdriver\support\wait.py", line 96, in until
    value = method(self._driver)
            ^^^^^^^^^^^^^^^^^^^^
  File "C:\Users\ibrahim\anaconda3\Lib\site-packages\selenium\webdriver\support\expected_conditions.py", line 84, in _predicate
    return driver.find_element(*locator)
           ^^^^^^^^^^^^^^^^^^^^^^^^^^^^^
  File "C:\Users\ibrahim\anaconda3\Lib\site-packages\selenium\webdriver\remote\webdriver.py", line 741, in find_element
    return self.execute(Command.FIND_ELEMENT, {"using": by, "value": value})["value"]
           ^^^^^^^^^^^^^^^^^^^^^^^^^^^^^^^^^^^^^^^^^^^^^^^^^^^^^^^^^^^^^^^^^
  File "C:\Users\ibrahim\anaconda3\Lib\site-packages\selenium\webdriver\remote\webdriver.py", line 347, in execute
    self.error_handler.check_response(response)
  File "C:\Users\ibrahim\anaconda3\Lib\site-packages\selenium\webdriver\remote\errorhandler.py", line 229, in check_response
    raise exception_class(message, screen, stacktrace)
selenium.common.exceptions.NoSuchWindowException: Message: no such window: target window already closed
from unknown error: web view not found
  (Session info: chrome=130.0.6723.70)
Stacktrace:
	GetHandleVerifier [0x00007FF7510E3AB5+28005]
	(No symbol) [0x00007FF7510483B0]
	(No symbol) [0x00007FF750EE580A]
	(No symbol) [0x00007FF750EBFA85]
	(No symbol) [0x00007FF750F62AD7]
	(No symbol) [0x00007FF750F7B1B1]
	(No symbol) [0x00007FF750F5B7E3]
	(No symbol) [0x00007FF750F275C8]
	(No symbol) [0x00007FF750F28731]
	GetHandleVerifier [0x00007FF7513D643D+3118829]
	GetHandleVerifier [0x00007FF751426C90+3448640]
	GetHandleVerifier [0x00007FF75141CF0D+3408317]
	GetHandleVerifier [0x00007FF7511AA40B+841403]
	(No symbol) [0x00007FF75105340F]
	(No symbol) [0x00007FF75104F484]
	(No symbol) [0x00007FF75104F61D]
	(No symbol) [0x00007FF75103EB79]
	BaseThreadInitThunk [0x00007FFE93147344+20]
	RtlUserThreadStart [0x00007FFE9497CC91+33]

2024-10-29 19:23:47,211 - INFO - send_picture() finished running!
2024-10-29 19:23:47,211 - INFO - Envoi du fichier PDF à 25573652000: path/to/document.pdf
2024-10-29 19:23:47,214 - ERROR - Failed to send a file to  - Message: no such window: target window already closed
from unknown error: web view not found
  (Session info: chrome=130.0.6723.70)
Stacktrace:
	GetHandleVerifier [0x00007FF7510E3AB5+28005]
	(No symbol) [0x00007FF7510483B0]
	(No symbol) [0x00007FF750EE580A]
	(No symbol) [0x00007FF750EBFA85]
	(No symbol) [0x00007FF750F62AD7]
	(No symbol) [0x00007FF750F7B1B1]
	(No symbol) [0x00007FF750F5B7E3]
	(No symbol) [0x00007FF750F275C8]
	(No symbol) [0x00007FF750F28731]
	GetHandleVerifier [0x00007FF7513D643D+3118829]
	GetHandleVerifier [0x00007FF751426C90+3448640]
	GetHandleVerifier [0x00007FF75141CF0D+3408317]
	GetHandleVerifier [0x00007FF7511AA40B+841403]
	(No symbol) [0x00007FF75105340F]
	(No symbol) [0x00007FF75104F484]
	(No symbol) [0x00007FF75104F61D]
	(No symbol) [0x00007FF75103EB79]
	BaseThreadInitThunk [0x00007FFE93147344+20]
	RtlUserThreadStart [0x00007FFE9497CC91+33]
Traceback (most recent call last):
  File "D:\bons\les instances\whattsapping\alright\alright\__init__.py", line 636, in send_file
    self.find_attachment()
  File "D:\bons\les instances\whattsapping\alright\alright\__init__.py", line 489, in find_attachment
    clipButton = self.wait.until(
                 ^^^^^^^^^^^^^^^^
  File "C:\Users\ibrahim\anaconda3\Lib\site-packages\selenium\webdriver\support\wait.py", line 96, in until
    value = method(self._driver)
            ^^^^^^^^^^^^^^^^^^^^
  File "C:\Users\ibrahim\anaconda3\Lib\site-packages\selenium\webdriver\support\expected_conditions.py", line 84, in _predicate
    return driver.find_element(*locator)
           ^^^^^^^^^^^^^^^^^^^^^^^^^^^^^
  File "C:\Users\ibrahim\anaconda3\Lib\site-packages\selenium\webdriver\remote\webdriver.py", line 741, in find_element
    return self.execute(Command.FIND_ELEMENT, {"using": by, "value": value})["value"]
           ^^^^^^^^^^^^^^^^^^^^^^^^^^^^^^^^^^^^^^^^^^^^^^^^^^^^^^^^^^^^^^^^^
  File "C:\Users\ibrahim\anaconda3\Lib\site-packages\selenium\webdriver\remote\webdriver.py", line 347, in execute
    self.error_handler.check_response(response)
  File "C:\Users\ibrahim\anaconda3\Lib\site-packages\selenium\webdriver\remote\errorhandler.py", line 229, in check_response
    raise exception_class(message, screen, stacktrace)
selenium.common.exceptions.NoSuchWindowException: Message: no such window: target window already closed
from unknown error: web view not found
  (Session info: chrome=130.0.6723.70)
Stacktrace:
	GetHandleVerifier [0x00007FF7510E3AB5+28005]
	(No symbol) [0x00007FF7510483B0]
	(No symbol) [0x00007FF750EE580A]
	(No symbol) [0x00007FF750EBFA85]
	(No symbol) [0x00007FF750F62AD7]
	(No symbol) [0x00007FF750F7B1B1]
	(No symbol) [0x00007FF750F5B7E3]
	(No symbol) [0x00007FF750F275C8]
	(No symbol) [0x00007FF750F28731]
	GetHandleVerifier [0x00007FF7513D643D+3118829]
	GetHandleVerifier [0x00007FF751426C90+3448640]
	GetHandleVerifier [0x00007FF75141CF0D+3408317]
	GetHandleVerifier [0x00007FF7511AA40B+841403]
	(No symbol) [0x00007FF75105340F]
	(No symbol) [0x00007FF75104F484]
	(No symbol) [0x00007FF75104F61D]
	(No symbol) [0x00007FF75103EB79]
	BaseThreadInitThunk [0x00007FFE93147344+20]
	RtlUserThreadStart [0x00007FFE9497CC91+33]

2024-10-29 19:23:47,227 - INFO - send_file() finished running!
2024-10-29 19:23:47,228 - INFO - Envoi de la vidéo à 25573652000: path/to/video.mp4
2024-10-29 19:23:47,228 - ERROR - Failed to send a message to  - [WinError 2] Sistem belirtilen dosyayı bulamıyor: 'D:\\bons\\les instances\\whattsapping\\alright\\25573652000'
Traceback (most recent call last):
  File "D:\bons\les instances\whattsapping\alright\alright\__init__.py", line 599, in send_video
    f_size = os.path.getsize(filename)
             ^^^^^^^^^^^^^^^^^^^^^^^^^
  File "<frozen genericpath>", line 50, in getsize
FileNotFoundError: [WinError 2] Sistem belirtilen dosyayı bulamıyor: 'D:\\bons\\les instances\\whattsapping\\alright\\25573652000'
2024-10-29 19:23:47,231 - INFO - send_video() finished running!
2024-10-29 19:23:49,236 - INFO - Messages envoyés avec succès : 2
2024-10-29 19:23:49,238 - INFO - Messages échoués : 0
2024-10-29 19:24:30,467 - INFO - Envoi du message texte à +905313003687: Don't forget the meeting tomorrow
2024-10-29 19:31:09,699 - ERROR - Failed to send a message to  - Message: no such window: target window already closed
from unknown error: web view not found
  (Session info: chrome=130.0.6723.70)
Stacktrace:
	GetHandleVerifier [0x00007FF7510E3AB5+28005]
	(No symbol) [0x00007FF7510483B0]
	(No symbol) [0x00007FF750EE580A]
	(No symbol) [0x00007FF750EBFA85]
	(No symbol) [0x00007FF750F62AD7]
	(No symbol) [0x00007FF750F7B1B1]
	(No symbol) [0x00007FF750F5B7E3]
	(No symbol) [0x00007FF750F275C8]
	(No symbol) [0x00007FF750F28731]
	GetHandleVerifier [0x00007FF7513D643D+3118829]
	GetHandleVerifier [0x00007FF751426C90+3448640]
	GetHandleVerifier [0x00007FF75141CF0D+3408317]
	GetHandleVerifier [0x00007FF7511AA40B+841403]
	(No symbol) [0x00007FF75105340F]
	(No symbol) [0x00007FF75104F484]
	(No symbol) [0x00007FF75104F61D]
	(No symbol) [0x00007FF75103EB79]
	BaseThreadInitThunk [0x00007FFE93147344+20]
	RtlUserThreadStart [0x00007FFE9497CC91+33]
Traceback (most recent call last):
  File "D:\bons\les instances\whattsapping\alright\alright\__init__.py", line 465, in send_message
    input_box = self.wait.until(
                ^^^^^^^^^^^^^^^^
  File "C:\Users\ibrahim\anaconda3\Lib\site-packages\selenium\webdriver\support\wait.py", line 96, in until
    value = method(self._driver)
            ^^^^^^^^^^^^^^^^^^^^
  File "C:\Users\ibrahim\anaconda3\Lib\site-packages\selenium\webdriver\support\expected_conditions.py", line 84, in _predicate
    return driver.find_element(*locator)
           ^^^^^^^^^^^^^^^^^^^^^^^^^^^^^
  File "C:\Users\ibrahim\anaconda3\Lib\site-packages\selenium\webdriver\remote\webdriver.py", line 741, in find_element
    return self.execute(Command.FIND_ELEMENT, {"using": by, "value": value})["value"]
           ^^^^^^^^^^^^^^^^^^^^^^^^^^^^^^^^^^^^^^^^^^^^^^^^^^^^^^^^^^^^^^^^^
  File "C:\Users\ibrahim\anaconda3\Lib\site-packages\selenium\webdriver\remote\webdriver.py", line 347, in execute
    self.error_handler.check_response(response)
  File "C:\Users\ibrahim\anaconda3\Lib\site-packages\selenium\webdriver\remote\errorhandler.py", line 229, in check_response
    raise exception_class(message, screen, stacktrace)
selenium.common.exceptions.NoSuchWindowException: Message: no such window: target window already closed
from unknown error: web view not found
  (Session info: chrome=130.0.6723.70)
Stacktrace:
	GetHandleVerifier [0x00007FF7510E3AB5+28005]
	(No symbol) [0x00007FF7510483B0]
	(No symbol) [0x00007FF750EE580A]
	(No symbol) [0x00007FF750EBFA85]
	(No symbol) [0x00007FF750F62AD7]
	(No symbol) [0x00007FF750F7B1B1]
	(No symbol) [0x00007FF750F5B7E3]
	(No symbol) [0x00007FF750F275C8]
	(No symbol) [0x00007FF750F28731]
	GetHandleVerifier [0x00007FF7513D643D+3118829]
	GetHandleVerifier [0x00007FF751426C90+3448640]
	GetHandleVerifier [0x00007FF75141CF0D+3408317]
	GetHandleVerifier [0x00007FF7511AA40B+841403]
	(No symbol) [0x00007FF75105340F]
	(No symbol) [0x00007FF75104F484]
	(No symbol) [0x00007FF75104F61D]
	(No symbol) [0x00007FF75103EB79]
	BaseThreadInitThunk [0x00007FFE93147344+20]
	RtlUserThreadStart [0x00007FFE9497CC91+33]

2024-10-29 19:31:09,736 - INFO - send_message() finished running!
2024-10-29 19:31:11,741 - INFO - Messages envoyés avec succès : 1
2024-10-29 19:31:11,743 - INFO - Messages échoués : 0
2024-10-29 19:43:27,230 - INFO - Envoi du message texte à +905313003687: Don't forget the meeting tomorrow
2024-10-29 19:43:56,444 - ERROR - Failed to send a message to  - Message: no such window: target window already closed
from unknown error: web view not found
  (Session info: chrome=130.0.6723.70)
Stacktrace:
	GetHandleVerifier [0x00007FF7510E3AB5+28005]
	(No symbol) [0x00007FF7510483B0]
	(No symbol) [0x00007FF750EE580A]
	(No symbol) [0x00007FF750EBFA85]
	(No symbol) [0x00007FF750F62AD7]
	(No symbol) [0x00007FF750F7B1B1]
	(No symbol) [0x00007FF750F5B7E3]
	(No symbol) [0x00007FF750F275C8]
	(No symbol) [0x00007FF750F28731]
	GetHandleVerifier [0x00007FF7513D643D+3118829]
	GetHandleVerifier [0x00007FF751426C90+3448640]
	GetHandleVerifier [0x00007FF75141CF0D+3408317]
	GetHandleVerifier [0x00007FF7511AA40B+841403]
	(No symbol) [0x00007FF75105340F]
	(No symbol) [0x00007FF75104F484]
	(No symbol) [0x00007FF75104F61D]
	(No symbol) [0x00007FF75103EB79]
	BaseThreadInitThunk [0x00007FFE93147344+20]
	RtlUserThreadStart [0x00007FFE9497CC91+33]
Traceback (most recent call last):
  File "D:\bons\les instances\whattsapping\alright\alright\__init__.py", line 465, in send_message
    input_box = self.wait.until(
                ^^^^^^^^^^^^^^^^
  File "C:\Users\ibrahim\anaconda3\Lib\site-packages\selenium\webdriver\support\wait.py", line 96, in until
    value = method(self._driver)
            ^^^^^^^^^^^^^^^^^^^^
  File "C:\Users\ibrahim\anaconda3\Lib\site-packages\selenium\webdriver\support\expected_conditions.py", line 84, in _predicate
    return driver.find_element(*locator)
           ^^^^^^^^^^^^^^^^^^^^^^^^^^^^^
  File "C:\Users\ibrahim\anaconda3\Lib\site-packages\selenium\webdriver\remote\webdriver.py", line 741, in find_element
    return self.execute(Command.FIND_ELEMENT, {"using": by, "value": value})["value"]
           ^^^^^^^^^^^^^^^^^^^^^^^^^^^^^^^^^^^^^^^^^^^^^^^^^^^^^^^^^^^^^^^^^
  File "C:\Users\ibrahim\anaconda3\Lib\site-packages\selenium\webdriver\remote\webdriver.py", line 347, in execute
    self.error_handler.check_response(response)
  File "C:\Users\ibrahim\anaconda3\Lib\site-packages\selenium\webdriver\remote\errorhandler.py", line 229, in check_response
    raise exception_class(message, screen, stacktrace)
selenium.common.exceptions.NoSuchWindowException: Message: no such window: target window already closed
from unknown error: web view not found
  (Session info: chrome=130.0.6723.70)
Stacktrace:
	GetHandleVerifier [0x00007FF7510E3AB5+28005]
	(No symbol) [0x00007FF7510483B0]
	(No symbol) [0x00007FF750EE580A]
	(No symbol) [0x00007FF750EBFA85]
	(No symbol) [0x00007FF750F62AD7]
	(No symbol) [0x00007FF750F7B1B1]
	(No symbol) [0x00007FF750F5B7E3]
	(No symbol) [0x00007FF750F275C8]
	(No symbol) [0x00007FF750F28731]
	GetHandleVerifier [0x00007FF7513D643D+3118829]
	GetHandleVerifier [0x00007FF751426C90+3448640]
	GetHandleVerifier [0x00007FF75141CF0D+3408317]
	GetHandleVerifier [0x00007FF7511AA40B+841403]
	(No symbol) [0x00007FF75105340F]
	(No symbol) [0x00007FF75104F484]
	(No symbol) [0x00007FF75104F61D]
	(No symbol) [0x00007FF75103EB79]
	BaseThreadInitThunk [0x00007FFE93147344+20]
	RtlUserThreadStart [0x00007FFE9497CC91+33]

2024-10-29 19:43:56,465 - INFO - send_message() finished running!
2024-10-29 19:43:58,467 - INFO - Messages envoyés avec succès : 1
2024-10-29 19:43:58,468 - INFO - Messages échoués : 0
2025-01-19 15:40:15,619 - INFO - Initialisation de WhatsApp Messenger
2025-01-19 15:40:15,619 - DEBUG - Tentative de chargement du fichier messages depuis wamessage.json
2025-01-19 15:40:15,632 - INFO - Fichier messages charg avec succs : 2 entres trouves.
2025-01-19 15:40:15,632 - DEBUG - Tentative de chargement du fichier contacts depuis wacontact.json
2025-01-19 15:40:15,644 - INFO - Fichier contacts charg avec succs : 2 entres trouves.
2025-01-19 15:40:15,645 - INFO - ====== WebDriver manager ======
2025-01-19 15:40:18,114 - INFO - Get LATEST chromedriver version for google-chrome
2025-01-19 15:40:18,629 - DEBUG - Starting new HTTPS connection (1): googlechromelabs.github.io:443
2025-01-19 15:40:18,839 - DEBUG - https://googlechromelabs.github.io:443 "GET /chrome-for-testing/latest-patch-versions-per-build.json HTTP/1.1" 200 9261
2025-01-19 15:40:18,909 - INFO - Get LATEST chromedriver version for google-chrome
2025-01-19 15:40:18,912 - DEBUG - Starting new HTTPS connection (1): googlechromelabs.github.io:443
2025-01-19 15:40:19,124 - DEBUG - https://googlechromelabs.github.io:443 "GET /chrome-for-testing/latest-patch-versions-per-build.json HTTP/1.1" 200 9261
2025-01-19 15:40:19,267 - INFO - Get LATEST chromedriver version for google-chrome
2025-01-19 15:40:19,269 - DEBUG - Starting new HTTPS connection (1): googlechromelabs.github.io:443
2025-01-19 15:40:19,462 - DEBUG - https://googlechromelabs.github.io:443 "GET /chrome-for-testing/latest-patch-versions-per-build.json HTTP/1.1" 200 9261
2025-01-19 15:40:19,473 - DEBUG - Starting new HTTPS connection (1): googlechromelabs.github.io:443
2025-01-19 15:40:19,642 - DEBUG - https://googlechromelabs.github.io:443 "GET /chrome-for-testing/known-good-versions-with-downloads.json HTTP/1.1" 200 74718
2025-01-19 15:40:19,762 - INFO - WebDriver version 131.0.6778.264 selected
2025-01-19 15:40:19,766 - INFO - Modern chrome version https://storage.googleapis.com/chrome-for-testing-public/131.0.6778.264/win32/chromedriver-win32.zip
2025-01-19 15:40:19,766 - INFO - About to download new driver from https://storage.googleapis.com/chrome-for-testing-public/131.0.6778.264/win32/chromedriver-win32.zip
2025-01-19 15:40:19,768 - DEBUG - Starting new HTTPS connection (1): storage.googleapis.com:443
2025-01-19 15:40:20,738 - DEBUG - https://storage.googleapis.com:443 "GET /chrome-for-testing-public/131.0.6778.264/win32/chromedriver-win32.zip HTTP/1.1" 200 8232778
2025-01-19 15:40:20,738 - INFO - Driver downloading response is 200
2025-01-19 15:40:22,317 - INFO - Get LATEST chromedriver version for google-chrome
2025-01-19 15:40:22,320 - DEBUG - Starting new HTTPS connection (1): googlechromelabs.github.io:443
2025-01-19 15:40:22,468 - DEBUG - https://googlechromelabs.github.io:443 "GET /chrome-for-testing/latest-patch-versions-per-build.json HTTP/1.1" 200 9261
2025-01-19 15:40:25,759 - INFO - Driver has been saved in cache [C:\Users\cheic\.wdm\drivers\chromedriver\win64\131.0.6778.264]
2025-01-19 15:40:25,976 - DEBUG - Skipping Selenium Manager; path to chrome driver specified in Service class: C:\Users\cheic\.wdm\drivers\chromedriver\win64\131.0.6778.264\chromedriver-win32/chromedriver.exe
2025-01-19 15:40:28,183 - DEBUG - Started executable: `C:\Users\cheic\.wdm\drivers\chromedriver\win64\131.0.6778.264\chromedriver-win32/chromedriver.exe` in a child process with pid: 11532 using 0 to output -3
2025-01-19 15:40:29,214 - DEBUG - POST http://localhost:54646/session {'capabilities': {'firstMatch': [{}], 'alwaysMatch': {'browserName': 'chrome', 'pageLoadStrategy': <PageLoadStrategy.normal: 'normal'>, 'goog:chromeOptions': {'extensions': [], 'args': ['--profile-directory=Default', '--user-data-dir=C:/Temp/ChromeProfile']}}}}
2025-01-19 15:40:29,215 - DEBUG - Starting new HTTP connection (1): localhost:54646
2025-01-19 15:40:34,602 - DEBUG - http://localhost:54646 "POST /session HTTP/1.1" 200 0
2025-01-19 15:40:34,602 - DEBUG - Remote response: status=200 | data={"value":{"capabilities":{"acceptInsecureCerts":false,"browserName":"chrome","browserVersion":"131.0.6778.265","chrome":{"chromedriverVersion":"131.0.6778.264 (2d05e31515360f4da764174f7c448b33e36da871-refs/branch-heads/6778@{#4323})","userDataDir":"C:/Temp/ChromeProfile"},"fedcm:accounts":true,"goog:chromeOptions":{"debuggerAddress":"localhost:54650"},"networkConnectionEnabled":false,"pageLoadStrategy":"normal","platformName":"windows","proxy":{},"setWindowRect":true,"strictFileInteractability":false,"timeouts":{"implicit":0,"pageLoad":300000,"script":30000},"unhandledPromptBehavior":"dismiss and notify","webauthn:extension:credBlob":true,"webauthn:extension:largeBlob":true,"webauthn:extension:minPinLength":true,"webauthn:extension:prf":true,"webauthn:virtualAuthenticators":true},"sessionId":"904e8211341934320f249c2798a86aa2"}} | headers=HTTPHeaderDict({'Content-Length': '839', 'Content-Type': 'application/json; charset=utf-8', 'cache-control': 'no-cache'})
2025-01-19 15:40:34,603 - DEBUG - Finished Request
2025-01-19 15:40:34,664 - DEBUG - GET http://localhost:54646/session/904e8211341934320f249c2798a86aa2/window/handles {}
2025-01-19 15:40:34,666 - DEBUG - http://localhost:54646 "GET /session/904e8211341934320f249c2798a86aa2/window/handles HTTP/1.1" 200 0
2025-01-19 15:40:34,666 - DEBUG - Remote response: status=200 | data={"value":["EF777D9ABA728FC491B936BC01E5E934"]} | headers=HTTPHeaderDict({'Content-Length': '46', 'Content-Type': 'application/json; charset=utf-8', 'cache-control': 'no-cache'})
2025-01-19 15:40:34,666 - DEBUG - Finished Request
2025-01-19 15:40:34,666 - DEBUG - GET http://localhost:54646/session/904e8211341934320f249c2798a86aa2/window {}
2025-01-19 15:40:34,667 - DEBUG - http://localhost:54646 "GET /session/904e8211341934320f249c2798a86aa2/window HTTP/1.1" 200 0
2025-01-19 15:40:34,667 - DEBUG - Remote response: status=200 | data={"value":"EF777D9ABA728FC491B936BC01E5E934"} | headers=HTTPHeaderDict({'Content-Length': '44', 'Content-Type': 'application/json; charset=utf-8', 'cache-control': 'no-cache'})
2025-01-19 15:40:34,667 - DEBUG - Finished Request
2025-01-19 15:40:44,201 - INFO - Dbut de l'envoi des messages  tous les contacts.
2025-01-19 15:40:44,227 - INFO - Envoi du message texte  9054115103 : Abdullah Sünnü Don't forget the meeting tomorrow
2025-01-19 15:41:53,444 - INFO - It was not possible to fetch chat "9054115103"
2025-01-19 15:41:54,084 - INFO - Message sent successfuly to 
2025-01-19 15:41:54,084 - INFO - Message envoy avec succs  Abdullah Sünnü (9054115103).
2025-01-19 15:41:56,085 - INFO - Envoi du message texte  9054115103 : Türk Novatech Don't forget the meeting tomorrow
2025-01-19 15:41:56,713 - INFO - It was not possible to fetch chat "9054115103"
2025-01-19 15:41:57,623 - INFO - Message sent successfuly to 
2025-01-19 15:41:57,624 - INFO - Message envoy avec succs  Türk Novatech (9054115103).
2025-01-19 15:41:59,624 - INFO - Rsum des envois :
2025-01-19 15:41:59,624 - INFO - Messages envoys avec succs : 2
2025-01-19 15:41:59,625 - INFO - Messages chous : 0
2025-01-19 16:29:08,188 - INFO - Initialisation de WhatsApp Messenger
2025-01-19 16:29:08,188 - DEBUG - Tentative de chargement du fichier messages depuis wamessage.json
2025-01-19 16:29:08,195 - INFO - Fichier messages charg avec succs : 1 entres trouves.
2025-01-19 16:29:08,195 - DEBUG - Tentative de chargement du fichier contacts depuis wacontact.json
2025-01-19 16:29:08,201 - INFO - Fichier contacts charg avec succs : 1 entres trouves.
2025-01-19 16:29:08,201 - INFO - ====== WebDriver manager ======
2025-01-19 16:29:10,953 - INFO - Get LATEST chromedriver version for google-chrome
2025-01-19 16:29:10,956 - DEBUG - Starting new HTTPS connection (1): googlechromelabs.github.io:443
2025-01-19 16:29:11,158 - DEBUG - https://googlechromelabs.github.io:443 "GET /chrome-for-testing/latest-patch-versions-per-build.json HTTP/1.1" 200 9261
2025-01-19 16:29:11,176 - INFO - Get LATEST chromedriver version for google-chrome
2025-01-19 16:29:11,177 - DEBUG - Starting new HTTPS connection (1): googlechromelabs.github.io:443
2025-01-19 16:29:11,388 - DEBUG - https://googlechromelabs.github.io:443 "GET /chrome-for-testing/latest-patch-versions-per-build.json HTTP/1.1" 200 9261
2025-01-19 16:29:11,402 - INFO - Driver [C:\Users\cheic\.wdm\drivers\chromedriver\win64\131.0.6778.264\chromedriver-win32/chromedriver.exe] found in cache
2025-01-19 16:29:11,404 - DEBUG - Skipping Selenium Manager; path to chrome driver specified in Service class: C:\Users\cheic\.wdm\drivers\chromedriver\win64\131.0.6778.264\chromedriver-win32/chromedriver.exe
2025-01-19 16:29:11,417 - DEBUG - Started executable: `C:\Users\cheic\.wdm\drivers\chromedriver\win64\131.0.6778.264\chromedriver-win32/chromedriver.exe` in a child process with pid: 13544 using 0 to output -3
2025-01-19 16:29:11,924 - DEBUG - POST http://localhost:54830/session {'capabilities': {'firstMatch': [{}], 'alwaysMatch': {'browserName': 'chrome', 'pageLoadStrategy': <PageLoadStrategy.normal: 'normal'>, 'goog:chromeOptions': {'extensions': [], 'args': ['--profile-directory=Default', '--user-data-dir=C:/Temp/ChromeProfile']}}}}
2025-01-19 16:29:11,925 - DEBUG - Starting new HTTP connection (1): localhost:54830
2025-01-19 16:29:13,009 - DEBUG - http://localhost:54830 "POST /session HTTP/1.1" 200 0
2025-01-19 16:29:13,009 - DEBUG - Remote response: status=200 | data={"value":{"capabilities":{"acceptInsecureCerts":false,"browserName":"chrome","browserVersion":"131.0.6778.265","chrome":{"chromedriverVersion":"131.0.6778.264 (2d05e31515360f4da764174f7c448b33e36da871-refs/branch-heads/6778@{#4323})","userDataDir":"C:/Temp/ChromeProfile"},"fedcm:accounts":true,"goog:chromeOptions":{"debuggerAddress":"localhost:54833"},"networkConnectionEnabled":false,"pageLoadStrategy":"normal","platformName":"windows","proxy":{},"setWindowRect":true,"strictFileInteractability":false,"timeouts":{"implicit":0,"pageLoad":300000,"script":30000},"unhandledPromptBehavior":"dismiss and notify","webauthn:extension:credBlob":true,"webauthn:extension:largeBlob":true,"webauthn:extension:minPinLength":true,"webauthn:extension:prf":true,"webauthn:virtualAuthenticators":true},"sessionId":"41074174e8f3f2762e441fb98650ea2d"}} | headers=HTTPHeaderDict({'Content-Length': '839', 'Content-Type': 'application/json; charset=utf-8', 'cache-control': 'no-cache'})
2025-01-19 16:29:13,009 - DEBUG - Finished Request
2025-01-19 16:29:13,009 - DEBUG - GET http://localhost:54830/session/41074174e8f3f2762e441fb98650ea2d/window/handles {}
2025-01-19 16:29:13,012 - DEBUG - http://localhost:54830 "GET /session/41074174e8f3f2762e441fb98650ea2d/window/handles HTTP/1.1" 200 0
2025-01-19 16:29:13,013 - DEBUG - Remote response: status=200 | data={"value":["1F008D02C46C98B249110D4ADB1B3332"]} | headers=HTTPHeaderDict({'Content-Length': '46', 'Content-Type': 'application/json; charset=utf-8', 'cache-control': 'no-cache'})
2025-01-19 16:29:13,013 - DEBUG - Finished Request
2025-01-19 16:29:13,013 - DEBUG - GET http://localhost:54830/session/41074174e8f3f2762e441fb98650ea2d/window {}
2025-01-19 16:29:13,015 - DEBUG - http://localhost:54830 "GET /session/41074174e8f3f2762e441fb98650ea2d/window HTTP/1.1" 200 0
2025-01-19 16:29:13,015 - DEBUG - Remote response: status=200 | data={"value":"1F008D02C46C98B249110D4ADB1B3332"} | headers=HTTPHeaderDict({'Content-Length': '44', 'Content-Type': 'application/json; charset=utf-8', 'cache-control': 'no-cache'})
2025-01-19 16:29:13,016 - DEBUG - Finished Request
2025-01-19 16:29:14,343 - INFO - Dbut de l'envoi des messages  tous les contacts.
2025-01-19 16:29:14,527 - ERROR - Donnes de contact invalides : {'MÜKELLEF': 'ASLI MOR', 'KDV': '308.3', 'STOPAJ': '', 'SGK': '', 'GEÇİCİ VERGİ': '', 'MUHASEBE ÜC.': '0.0', 'TOPLAM': '408.3', 'son ödeme': '28 / 10/ 2024', 'phone': '905411510391', 'İban': 'ALİ ÇEVİKLER TÜRKİYE FİNANS İBAN NO: TR76 0020 6002 8201 1626 3700 02'}
2025-01-19 16:34:50,160 - INFO - Initialisation de WhatsApp Messenger
2025-01-19 16:34:50,161 - DEBUG - Tentative de chargement du fichier messages depuis wamessage.json
2025-01-19 16:34:50,161 - INFO - Fichier messages charg avec succs : 1 entres trouves.
2025-01-19 16:34:50,161 - DEBUG - Tentative de chargement du fichier contacts depuis wacontact.json
2025-01-19 16:34:50,161 - INFO - Fichier contacts charg avec succs : 1 entres trouves.
2025-01-19 16:34:50,162 - INFO - ====== WebDriver manager ======
2025-01-19 16:34:51,128 - INFO - Get LATEST chromedriver version for google-chrome
2025-01-19 16:34:51,130 - DEBUG - Starting new HTTPS connection (1): googlechromelabs.github.io:443
2025-01-19 16:34:51,305 - DEBUG - https://googlechromelabs.github.io:443 "GET /chrome-for-testing/latest-patch-versions-per-build.json HTTP/1.1" 200 9261
2025-01-19 16:34:51,319 - INFO - Get LATEST chromedriver version for google-chrome
2025-01-19 16:34:51,322 - DEBUG - Starting new HTTPS connection (1): googlechromelabs.github.io:443
2025-01-19 16:34:51,528 - DEBUG - https://googlechromelabs.github.io:443 "GET /chrome-for-testing/latest-patch-versions-per-build.json HTTP/1.1" 200 9261
2025-01-19 16:34:51,531 - INFO - Driver [C:\Users\cheic\.wdm\drivers\chromedriver\win64\131.0.6778.264\chromedriver-win32/chromedriver.exe] found in cache
2025-01-19 16:34:51,532 - DEBUG - Skipping Selenium Manager; path to chrome driver specified in Service class: C:\Users\cheic\.wdm\drivers\chromedriver\win64\131.0.6778.264\chromedriver-win32/chromedriver.exe
2025-01-19 16:34:51,537 - DEBUG - Started executable: `C:\Users\cheic\.wdm\drivers\chromedriver\win64\131.0.6778.264\chromedriver-win32/chromedriver.exe` in a child process with pid: 15420 using 0 to output -3
2025-01-19 16:34:52,062 - DEBUG - POST http://localhost:54862/session {'capabilities': {'firstMatch': [{}], 'alwaysMatch': {'browserName': 'chrome', 'pageLoadStrategy': <PageLoadStrategy.normal: 'normal'>, 'goog:chromeOptions': {'extensions': [], 'args': ['--profile-directory=Default', '--user-data-dir=C:/Temp/ChromeProfile']}}}}
2025-01-19 16:34:52,063 - DEBUG - Starting new HTTP connection (1): localhost:54862
2025-01-19 16:34:53,235 - DEBUG - http://localhost:54862 "POST /session HTTP/1.1" 200 0
2025-01-19 16:34:53,235 - DEBUG - Remote response: status=200 | data={"value":{"capabilities":{"acceptInsecureCerts":false,"browserName":"chrome","browserVersion":"131.0.6778.265","chrome":{"chromedriverVersion":"131.0.6778.264 (2d05e31515360f4da764174f7c448b33e36da871-refs/branch-heads/6778@{#4323})","userDataDir":"C:/Temp/ChromeProfile"},"fedcm:accounts":true,"goog:chromeOptions":{"debuggerAddress":"localhost:54865"},"networkConnectionEnabled":false,"pageLoadStrategy":"normal","platformName":"windows","proxy":{},"setWindowRect":true,"strictFileInteractability":false,"timeouts":{"implicit":0,"pageLoad":300000,"script":30000},"unhandledPromptBehavior":"dismiss and notify","webauthn:extension:credBlob":true,"webauthn:extension:largeBlob":true,"webauthn:extension:minPinLength":true,"webauthn:extension:prf":true,"webauthn:virtualAuthenticators":true},"sessionId":"f93819434246b94a65789a26c119ff5c"}} | headers=HTTPHeaderDict({'Content-Length': '839', 'Content-Type': 'application/json; charset=utf-8', 'cache-control': 'no-cache'})
2025-01-19 16:34:53,235 - DEBUG - Finished Request
2025-01-19 16:34:53,236 - DEBUG - GET http://localhost:54862/session/f93819434246b94a65789a26c119ff5c/window/handles {}
2025-01-19 16:34:53,239 - DEBUG - http://localhost:54862 "GET /session/f93819434246b94a65789a26c119ff5c/window/handles HTTP/1.1" 200 0
2025-01-19 16:34:53,239 - DEBUG - Remote response: status=200 | data={"value":["C080993630EA5ED46D4F9D0094B5E271"]} | headers=HTTPHeaderDict({'Content-Length': '46', 'Content-Type': 'application/json; charset=utf-8', 'cache-control': 'no-cache'})
2025-01-19 16:34:53,239 - DEBUG - Finished Request
2025-01-19 16:34:53,239 - DEBUG - GET http://localhost:54862/session/f93819434246b94a65789a26c119ff5c/window {}
2025-01-19 16:34:53,241 - DEBUG - http://localhost:54862 "GET /session/f93819434246b94a65789a26c119ff5c/window HTTP/1.1" 200 0
2025-01-19 16:34:53,241 - DEBUG - Remote response: status=200 | data={"value":"C080993630EA5ED46D4F9D0094B5E271"} | headers=HTTPHeaderDict({'Content-Length': '44', 'Content-Type': 'application/json; charset=utf-8', 'cache-control': 'no-cache'})
2025-01-19 16:34:53,241 - DEBUG - Finished Request
2025-01-19 16:34:54,248 - INFO - Dbut de l'envoi des messages  tous les contacts.
2025-01-19 16:34:54,430 - INFO - Envoi du message texte  905411510391 : Say\u0131n ASLI MOR 
 A\u015fa\u011f\u0131da bu ayki demeleriniz listelenmi\u015ftir. 
KDV D. VERG\u0130S\u0130 : 308.3 
STOPAJ :  
SGK PR\u0130M :  
GE\u0130C\u0130 VERG\u0130 :  
MUHASEBE : 0.0 
TOPLAM : 408.3 
son deme : 28 / 10/ 2024 
AL\u0130 EV\u0130KLER TRK\u0130YE F\u0130NANS \u0130BAN NO: TR76 0020 6002 8201 1626 3700 02 
*NOT : Dekonta A\u0131klama Yazmay\u0131n\u0131z.*
2025-01-19 16:35:03,469 - INFO - It was not possible to fetch chat "905411510391"
2025-01-19 16:35:07,334 - INFO - Message sent successfuly to 
2025-01-19 16:35:07,334 - INFO - Message envoy avec succs  ASLI MOR (905411510391).
2025-01-19 16:35:09,335 - INFO - Rsum des envois :
2025-01-19 16:35:09,335 - INFO - Messages envoys avec succs : 1
2025-01-19 16:35:09,335 - INFO - Messages chous : 0
2025-01-19 16:49:19,356 - INFO - Initialisation de WhatsApp Messenger
2025-01-19 16:49:19,356 - DEBUG - Tentative de chargement du fichier messages depuis wamessage.json
2025-01-19 16:49:19,356 - INFO - Fichier messages charg avec succs : 1 entres trouves.
2025-01-19 16:49:19,356 - DEBUG - Tentative de chargement du fichier contacts depuis wacontact.json
2025-01-19 16:49:19,363 - INFO - Fichier contacts charg avec succs : 1 entres trouves.
2025-01-19 16:49:19,364 - INFO - ====== WebDriver manager ======
2025-01-19 16:49:20,413 - INFO - Get LATEST chromedriver version for google-chrome
2025-01-19 16:49:20,416 - DEBUG - Starting new HTTPS connection (1): googlechromelabs.github.io:443
2025-01-19 16:49:20,586 - DEBUG - https://googlechromelabs.github.io:443 "GET /chrome-for-testing/latest-patch-versions-per-build.json HTTP/1.1" 200 9261
2025-01-19 16:49:20,594 - INFO - Get LATEST chromedriver version for google-chrome
2025-01-19 16:49:20,598 - DEBUG - Starting new HTTPS connection (1): googlechromelabs.github.io:443
2025-01-19 16:49:20,751 - DEBUG - https://googlechromelabs.github.io:443 "GET /chrome-for-testing/latest-patch-versions-per-build.json HTTP/1.1" 200 9261
2025-01-19 16:49:20,978 - INFO - Driver [C:\Users\cheic\.wdm\drivers\chromedriver\win64\131.0.6778.264\chromedriver-win32/chromedriver.exe] found in cache
2025-01-19 16:49:20,981 - DEBUG - Skipping Selenium Manager; path to chrome driver specified in Service class: C:\Users\cheic\.wdm\drivers\chromedriver\win64\131.0.6778.264\chromedriver-win32/chromedriver.exe
2025-01-19 16:49:20,995 - DEBUG - Started executable: `C:\Users\cheic\.wdm\drivers\chromedriver\win64\131.0.6778.264\chromedriver-win32/chromedriver.exe` in a child process with pid: 14172 using 0 to output -3
2025-01-19 16:49:21,515 - DEBUG - POST http://localhost:54921/session {'capabilities': {'firstMatch': [{}], 'alwaysMatch': {'browserName': 'chrome', 'pageLoadStrategy': <PageLoadStrategy.normal: 'normal'>, 'goog:chromeOptions': {'extensions': [], 'args': ['--profile-directory=Default', '--user-data-dir=C:/Temp/ChromeProfile']}}}}
2025-01-19 16:49:21,515 - DEBUG - Starting new HTTP connection (1): localhost:54921
2025-01-19 16:49:29,600 - DEBUG - http://localhost:54921 "POST /session HTTP/1.1" 200 0
2025-01-19 16:49:29,600 - DEBUG - Remote response: status=200 | data={"value":{"capabilities":{"acceptInsecureCerts":false,"browserName":"chrome","browserVersion":"131.0.6778.265","chrome":{"chromedriverVersion":"131.0.6778.264 (2d05e31515360f4da764174f7c448b33e36da871-refs/branch-heads/6778@{#4323})","userDataDir":"C:/Temp/ChromeProfile"},"fedcm:accounts":true,"goog:chromeOptions":{"debuggerAddress":"localhost:54924"},"networkConnectionEnabled":false,"pageLoadStrategy":"normal","platformName":"windows","proxy":{},"setWindowRect":true,"strictFileInteractability":false,"timeouts":{"implicit":0,"pageLoad":300000,"script":30000},"unhandledPromptBehavior":"dismiss and notify","webauthn:extension:credBlob":true,"webauthn:extension:largeBlob":true,"webauthn:extension:minPinLength":true,"webauthn:extension:prf":true,"webauthn:virtualAuthenticators":true},"sessionId":"c57a5797c2748d54f765bd4c597c41c5"}} | headers=HTTPHeaderDict({'Content-Length': '839', 'Content-Type': 'application/json; charset=utf-8', 'cache-control': 'no-cache'})
2025-01-19 16:49:29,600 - DEBUG - Finished Request
2025-01-19 16:49:29,601 - DEBUG - GET http://localhost:54921/session/c57a5797c2748d54f765bd4c597c41c5/window/handles {}
2025-01-19 16:49:29,602 - DEBUG - http://localhost:54921 "GET /session/c57a5797c2748d54f765bd4c597c41c5/window/handles HTTP/1.1" 200 0
2025-01-19 16:49:29,602 - DEBUG - Remote response: status=200 | data={"value":["15B33FE89AEB08802B5CA2B98CFBF517"]} | headers=HTTPHeaderDict({'Content-Length': '46', 'Content-Type': 'application/json; charset=utf-8', 'cache-control': 'no-cache'})
2025-01-19 16:49:29,603 - DEBUG - Finished Request
2025-01-19 16:49:29,603 - DEBUG - GET http://localhost:54921/session/c57a5797c2748d54f765bd4c597c41c5/window {}
2025-01-19 16:49:29,604 - DEBUG - http://localhost:54921 "GET /session/c57a5797c2748d54f765bd4c597c41c5/window HTTP/1.1" 200 0
2025-01-19 16:49:29,604 - DEBUG - Remote response: status=200 | data={"value":"15B33FE89AEB08802B5CA2B98CFBF517"} | headers=HTTPHeaderDict({'Content-Length': '44', 'Content-Type': 'application/json; charset=utf-8', 'cache-control': 'no-cache'})
2025-01-19 16:49:29,604 - DEBUG - Finished Request
2025-01-19 16:49:31,039 - INFO - Dbut de l'envoi des messages  tous les contacts.
2025-01-19 16:49:31,040 - INFO - Envoi du message texte  905363044002 : Say\u0131n ASLI MOR 
 A\u015fa\u011f\u0131da bu ayki demeleriniz listelenmi\u015ftir. 
KDV D. VERG\u0130S\u0130 : 308.3 
STOPAJ :  
SGK PR\u0130M :  
GE\u0130C\u0130 VERG\u0130 :  
MUHASEBE : 0.0 
TOPLAM : 408.3 
son deme : 28 / 10/ 2024 
AL\u0130 EV\u0130KLER TRK\u0130YE F\u0130NANS \u0130BAN NO: TR76 0020 6002 8201 1626 3700 02 
*NOT : Dekonta A\u0131klama Yazmay\u0131n\u0131z.*
2025-01-19 16:49:43,962 - INFO - It was not possible to fetch chat "905363044002"
2025-01-19 16:49:46,503 - INFO - Message sent successfuly to 
2025-01-19 16:49:46,504 - INFO - Message envoy avec succs  ASLI MOR (905363044002).
2025-01-19 16:49:48,505 - INFO - Rsum des envois :
2025-01-19 16:49:48,505 - INFO - Messages envoys avec succs : 1
2025-01-19 16:49:48,505 - INFO - Messages chous : 0
2025-01-19 19:57:17,200 - INFO - Initialisation de WhatsApp Messenger
2025-01-19 19:57:17,200 - DEBUG - Tentative de chargement du fichier messages depuis wamessage.json
2025-01-19 19:57:17,201 - INFO - Fichier messages charg avec succs : 1 entres trouves.
2025-01-19 19:57:17,201 - DEBUG - Tentative de chargement du fichier contacts depuis wacontact.json
2025-01-19 19:57:17,208 - INFO - Fichier contacts charg avec succs : 1 entres trouves.
2025-01-19 19:57:17,208 - INFO - ====== WebDriver manager ======
2025-01-19 19:57:18,416 - INFO - Get LATEST chromedriver version for google-chrome
2025-01-19 19:57:18,419 - DEBUG - Starting new HTTPS connection (1): googlechromelabs.github.io:443
2025-01-19 19:57:18,847 - DEBUG - https://googlechromelabs.github.io:443 "GET /chrome-for-testing/latest-patch-versions-per-build.json HTTP/1.1" 200 9261
2025-01-19 19:57:18,865 - INFO - Get LATEST chromedriver version for google-chrome
2025-01-19 19:57:18,866 - DEBUG - Starting new HTTPS connection (1): googlechromelabs.github.io:443
2025-01-19 19:57:19,094 - DEBUG - https://googlechromelabs.github.io:443 "GET /chrome-for-testing/latest-patch-versions-per-build.json HTTP/1.1" 200 9261
2025-01-19 19:57:19,113 - INFO - Driver [C:\Users\cheic\.wdm\drivers\chromedriver\win64\131.0.6778.264\chromedriver-win32/chromedriver.exe] found in cache
2025-01-19 19:57:19,114 - DEBUG - Skipping Selenium Manager; path to chrome driver specified in Service class: C:\Users\cheic\.wdm\drivers\chromedriver\win64\131.0.6778.264\chromedriver-win32/chromedriver.exe
2025-01-19 19:57:19,124 - DEBUG - Started executable: `C:\Users\cheic\.wdm\drivers\chromedriver\win64\131.0.6778.264\chromedriver-win32/chromedriver.exe` in a child process with pid: 13004 using 0 to output -3
2025-01-19 19:57:20,669 - DEBUG - POST http://localhost:56131/session {'capabilities': {'firstMatch': [{}], 'alwaysMatch': {'browserName': 'chrome', 'pageLoadStrategy': <PageLoadStrategy.normal: 'normal'>, 'goog:chromeOptions': {'extensions': [], 'args': ['--profile-directory=Default', '--user-data-dir=C:/Temp/ChromeProfile']}}}}
2025-01-19 19:57:20,671 - DEBUG - Starting new HTTP connection (1): localhost:56131
2025-01-19 19:57:22,426 - DEBUG - http://localhost:56131 "POST /session HTTP/1.1" 200 0
2025-01-19 19:57:22,426 - DEBUG - Remote response: status=200 | data={"value":{"capabilities":{"acceptInsecureCerts":false,"browserName":"chrome","browserVersion":"131.0.6778.265","chrome":{"chromedriverVersion":"131.0.6778.264 (2d05e31515360f4da764174f7c448b33e36da871-refs/branch-heads/6778@{#4323})","userDataDir":"C:/Temp/ChromeProfile"},"fedcm:accounts":true,"goog:chromeOptions":{"debuggerAddress":"localhost:56135"},"networkConnectionEnabled":false,"pageLoadStrategy":"normal","platformName":"windows","proxy":{},"setWindowRect":true,"strictFileInteractability":false,"timeouts":{"implicit":0,"pageLoad":300000,"script":30000},"unhandledPromptBehavior":"dismiss and notify","webauthn:extension:credBlob":true,"webauthn:extension:largeBlob":true,"webauthn:extension:minPinLength":true,"webauthn:extension:prf":true,"webauthn:virtualAuthenticators":true},"sessionId":"35eb4bda6883090c6cc996690128a82c"}} | headers=HTTPHeaderDict({'Content-Length': '839', 'Content-Type': 'application/json; charset=utf-8', 'cache-control': 'no-cache'})
2025-01-19 19:57:22,426 - DEBUG - Finished Request
2025-01-19 19:57:22,427 - DEBUG - GET http://localhost:56131/session/35eb4bda6883090c6cc996690128a82c/window/handles {}
2025-01-19 19:57:22,429 - DEBUG - http://localhost:56131 "GET /session/35eb4bda6883090c6cc996690128a82c/window/handles HTTP/1.1" 200 0
2025-01-19 19:57:22,429 - DEBUG - Remote response: status=200 | data={"value":["A55A44BF2E45F60080784963F5D37508"]} | headers=HTTPHeaderDict({'Content-Length': '46', 'Content-Type': 'application/json; charset=utf-8', 'cache-control': 'no-cache'})
2025-01-19 19:57:22,429 - DEBUG - Finished Request
2025-01-19 19:57:22,429 - DEBUG - GET http://localhost:56131/session/35eb4bda6883090c6cc996690128a82c/window {}
2025-01-19 19:57:22,430 - DEBUG - http://localhost:56131 "GET /session/35eb4bda6883090c6cc996690128a82c/window HTTP/1.1" 200 0
2025-01-19 19:57:22,430 - DEBUG - Remote response: status=200 | data={"value":"A55A44BF2E45F60080784963F5D37508"} | headers=HTTPHeaderDict({'Content-Length': '44', 'Content-Type': 'application/json; charset=utf-8', 'cache-control': 'no-cache'})
2025-01-19 19:57:22,430 - DEBUG - Finished Request
2025-01-19 19:57:24,558 - INFO - Dbut de l'envoi des messages  tous les contacts.
2025-01-19 19:57:24,559 - INFO - Envoi du message texte  905411510391 : Say\u0131n MRSAN MAK\u0130NA LTD. \u015eT\u0130. 
 A\u015fa\u011f\u0131da bu ayki demeleriniz listelenmi\u015ftir. 
KDV D. VERG\u0130S\u0130 : 308.3 
MUHASEBE : 100.0 
TOPLAM : 408.3 
son deme : 40 / 10/ 2024 
AL\u0130 EV\u0130KLER TRK\u0130YE F\u0130NANS \u0130BAN NO: TR76 0020 6002 8201 1626 3700 02 
*NOT : Dekonta A\u0131klama Yazmay\u0131n\u0131z.*
2025-01-19 19:57:35,580 - INFO - It was not possible to fetch chat "905411510391"
2025-01-19 19:57:38,046 - INFO - Message sent successfuly to 
2025-01-19 19:57:38,046 - INFO - Message envoy avec succs  MRSAN MAK\u0130NA LTD. \u015eT\u0130. (905411510391).
2025-01-19 19:57:40,047 - INFO - Rsum des envois :
2025-01-19 19:57:40,047 - INFO - Messages envoys avec succs : 1
2025-01-19 19:57:40,048 - INFO - Messages chous : 0
2025-01-19 20:25:25,041 - INFO - Initialisation de WhatsApp Messenger
2025-01-19 20:25:25,041 - DEBUG - Tentative de chargement du fichier messages depuis wamessage.json
2025-01-19 20:25:25,043 - INFO - Fichier messages charg avec succs : 1 entres trouves.
2025-01-19 20:25:25,043 - DEBUG - Tentative de chargement du fichier contacts depuis wacontact.json
2025-01-19 20:25:25,052 - INFO - Fichier contacts charg avec succs : 15 entres trouves.
2025-01-19 20:25:25,052 - INFO - ====== WebDriver manager ======
2025-01-19 20:25:25,994 - INFO - Get LATEST chromedriver version for google-chrome
2025-01-19 20:25:25,996 - DEBUG - Starting new HTTPS connection (1): googlechromelabs.github.io:443
2025-01-19 20:25:27,108 - DEBUG - https://googlechromelabs.github.io:443 "GET /chrome-for-testing/latest-patch-versions-per-build.json HTTP/1.1" 200 9261
2025-01-19 20:25:27,112 - INFO - Get LATEST chromedriver version for google-chrome
2025-01-19 20:25:27,114 - DEBUG - Starting new HTTPS connection (1): googlechromelabs.github.io:443
2025-01-19 20:25:27,351 - DEBUG - https://googlechromelabs.github.io:443 "GET /chrome-for-testing/latest-patch-versions-per-build.json HTTP/1.1" 200 9261
2025-01-19 20:25:27,365 - INFO - Driver [C:\Users\cheic\.wdm\drivers\chromedriver\win64\131.0.6778.264\chromedriver-win32/chromedriver.exe] found in cache
2025-01-19 20:25:27,366 - DEBUG - Skipping Selenium Manager; path to chrome driver specified in Service class: C:\Users\cheic\.wdm\drivers\chromedriver\win64\131.0.6778.264\chromedriver-win32/chromedriver.exe
2025-01-19 20:25:27,371 - DEBUG - Started executable: `C:\Users\cheic\.wdm\drivers\chromedriver\win64\131.0.6778.264\chromedriver-win32/chromedriver.exe` in a child process with pid: 15124 using 0 to output -3
2025-01-19 20:25:27,903 - DEBUG - POST http://localhost:56242/session {'capabilities': {'firstMatch': [{}], 'alwaysMatch': {'browserName': 'chrome', 'pageLoadStrategy': <PageLoadStrategy.normal: 'normal'>, 'goog:chromeOptions': {'extensions': [], 'args': ['--profile-directory=Default', '--user-data-dir=C:/Temp/ChromeProfile']}}}}
2025-01-19 20:25:27,904 - DEBUG - Starting new HTTP connection (1): localhost:56242
2025-01-19 20:25:29,178 - DEBUG - http://localhost:56242 "POST /session HTTP/1.1" 200 0
2025-01-19 20:25:29,179 - DEBUG - Remote response: status=200 | data={"value":{"capabilities":{"acceptInsecureCerts":false,"browserName":"chrome","browserVersion":"131.0.6778.265","chrome":{"chromedriverVersion":"131.0.6778.264 (2d05e31515360f4da764174f7c448b33e36da871-refs/branch-heads/6778@{#4323})","userDataDir":"C:/Temp/ChromeProfile"},"fedcm:accounts":true,"goog:chromeOptions":{"debuggerAddress":"localhost:56245"},"networkConnectionEnabled":false,"pageLoadStrategy":"normal","platformName":"windows","proxy":{},"setWindowRect":true,"strictFileInteractability":false,"timeouts":{"implicit":0,"pageLoad":300000,"script":30000},"unhandledPromptBehavior":"dismiss and notify","webauthn:extension:credBlob":true,"webauthn:extension:largeBlob":true,"webauthn:extension:minPinLength":true,"webauthn:extension:prf":true,"webauthn:virtualAuthenticators":true},"sessionId":"fb2882a769b3a0335d2fea8f9fb9d795"}} | headers=HTTPHeaderDict({'Content-Length': '839', 'Content-Type': 'application/json; charset=utf-8', 'cache-control': 'no-cache'})
2025-01-19 20:25:29,179 - DEBUG - Finished Request
2025-01-19 20:25:29,179 - DEBUG - GET http://localhost:56242/session/fb2882a769b3a0335d2fea8f9fb9d795/window/handles {}
2025-01-19 20:25:29,181 - DEBUG - http://localhost:56242 "GET /session/fb2882a769b3a0335d2fea8f9fb9d795/window/handles HTTP/1.1" 200 0
2025-01-19 20:25:29,181 - DEBUG - Remote response: status=200 | data={"value":["138419895A3A46E372EA64E79CF6A385"]} | headers=HTTPHeaderDict({'Content-Length': '46', 'Content-Type': 'application/json; charset=utf-8', 'cache-control': 'no-cache'})
2025-01-19 20:25:29,181 - DEBUG - Finished Request
2025-01-19 20:25:29,181 - DEBUG - GET http://localhost:56242/session/fb2882a769b3a0335d2fea8f9fb9d795/window {}
2025-01-19 20:25:29,183 - DEBUG - http://localhost:56242 "GET /session/fb2882a769b3a0335d2fea8f9fb9d795/window HTTP/1.1" 200 0
2025-01-19 20:25:29,183 - DEBUG - Remote response: status=200 | data={"value":"138419895A3A46E372EA64E79CF6A385"} | headers=HTTPHeaderDict({'Content-Length': '44', 'Content-Type': 'application/json; charset=utf-8', 'cache-control': 'no-cache'})
2025-01-19 20:25:29,183 - DEBUG - Finished Request
2025-01-19 20:25:30,194 - INFO - Dbut de l'envoi des messages  tous les contacts.
2025-01-19 20:25:30,195 - INFO - Envoi du message texte  905363044002 : Say\u0131n ORHAN ZSOY 
A\u015fa\u011f\u0131da bu ayki demeleriniz listelenmi\u015ftir. 
SIRA: 46 
KDV D. VERG\u0130S\u0130: 408.0 
STOPAJ: 365.0 
SGK PR\u0130M: 12000.0 
BA\u011e-KUR: 0.0 
E DN\u015eM: 45.0 
MUHASEBE C.: 0.0 
TOPLAM: 12823.0 
KALAN: 12823.0 
\u0130LET\u0130\u015e\u0130M: {CONTACT} 
SON DEME: {SON DEME} 
\u0130BAN: {\u0130BAN} 
*NOT : Dekonta A\u0131klama Yazmay\u0131n\u0131z.*
2025-01-19 20:25:38,448 - INFO - It was not possible to fetch chat "905363044002"
2025-01-19 20:25:41,359 - INFO - Message sent successfuly to 
2025-01-19 20:25:41,359 - INFO - Message envoy avec succs  ORHAN ZSOY (905363044002).
2025-01-19 20:25:43,360 - INFO - Envoi du message texte  905363044002 : Say\u0131n AL\u0130 DURMU\u015e 
A\u015fa\u011f\u0131da bu ayki demeleriniz listelenmi\u015ftir. 
SIRA: 47 
KDV D. VERG\u0130S\u0130: 308.3 
STOPAJ: 365.0 
KDV 2: 2000.0 
MTV: 9000.0 
BA\u011e-KUR: 0.0 
E DN\u015eM: 45.0 
MUHASEBE C.: 0.0 
TOPLAM: 11818.3 
FAZLA ALINAN: 6415.24 
KALAN: 5403.06 
\u0130LET\u0130\u015e\u0130M: {CONTACT} 
SON DEME: {SON DEME} 
\u0130BAN: {\u0130BAN} 
*NOT : Dekonta A\u0131klama Yazmay\u0131n\u0131z.*
2025-01-19 20:25:44,189 - INFO - It was not possible to fetch chat "905363044002"
2025-01-19 20:25:47,051 - INFO - Message sent successfuly to 
2025-01-19 20:25:47,051 - INFO - Message envoy avec succs  AL\u0130 DURMU\u015e (905363044002).
2025-01-19 20:25:49,053 - INFO - Envoi du message texte  905363044002 : Say\u0131n ASLI MOR 
A\u015fa\u011f\u0131da bu ayki demeleriniz listelenmi\u015ftir. 
SIRA: 48 
KDV D. VERG\u0130S\u0130: 308.3 
STOPAJ: 365.0 
GE\u0130C\u0130 VERG\u0130: 56.0 
GEL\u0130R V.: 7888.0 
BA\u011e-KUR: 0.0 
E DN\u015eM: 45.0 
DEFTER TAST\u0130K: 3.0 
MUHASEBE C.: 0.0 
TOPLAM: 8765.3 
KALAN: 8765.3 
\u0130LET\u0130\u015e\u0130M: {CONTACT} 
SON DEME: {SON DEME} 
\u0130BAN: {\u0130BAN} 
*NOT : Dekonta A\u0131klama Yazmay\u0131n\u0131z.*
2025-01-19 20:25:49,897 - INFO - It was not possible to fetch chat "905363044002"
2025-01-19 20:25:52,564 - INFO - Message sent successfuly to 
2025-01-19 20:25:52,565 - INFO - Message envoy avec succs  ASLI MOR (905363044002).
2025-01-19 20:25:54,566 - INFO - Envoi du message texte  905363044002 : Say\u0131n KIZILDO\u011eAN OTO .\u0130N\u015e. LTD. \u015eT\u0130. 
A\u015fa\u011f\u0131da bu ayki demeleriniz listelenmi\u015ftir. 
SIRA: 49 
KDV D. VERG\u0130S\u0130: 308.3 
STOPAJ: 365.5 
KDV 2: 39999.0 
BA\u011e-KUR: 0.0 
SGK YAPILANDIRMA: 4.0 
SMM KDV S\u0130: 899.0 
E DN\u015eM: 45.0 
MUHASEBE C.: 0.0 
TOPLAM: 47621.53 
FAZLA ALINAN: 5011.57 
KALAN: 42609.96 
\u0130LET\u0130\u015e\u0130M: {CONTACT} 
SON DEME: {SON DEME} 
\u0130BAN: {\u0130BAN} 
*NOT : Dekonta A\u0131klama Yazmay\u0131n\u0131z.*
2025-01-19 20:25:55,349 - INFO - It was not possible to fetch chat "905363044002"
2025-01-19 20:25:58,123 - INFO - Message sent successfuly to 
2025-01-19 20:25:58,124 - INFO - Message envoy avec succs  KIZILDO\u011eAN OTO .\u0130N\u015e. LTD. \u015eT\u0130. (905363044002).
2025-01-19 20:26:00,125 - INFO - Envoi du message texte  905363044002 : Say\u0131n ELZEM LTD. \u015eT\u0130. 
A\u015fa\u011f\u0131da bu ayki demeleriniz listelenmi\u015ftir. 
SIRA: 50 
KDV D. VERG\u0130S\u0130: 1841.04 
STOPAJ: 365.5 
BA\u011e-KUR: 0.0 
SGK YAPILANDIRMA: 4.0 
E DN\u015eM: 45.0 
DEFTER TAST\u0130K: 43.0 
MUHASEBE C.: 0.0 
TOPLAM: 2398.54 
KALAN: 2398.54 
\u0130LET\u0130\u015e\u0130M: {CONTACT} 
SON DEME: {SON DEME} 
\u0130BAN: {\u0130BAN} 
*NOT : Dekonta A\u0131klama Yazmay\u0131n\u0131z.*
2025-01-19 20:26:00,903 - INFO - It was not possible to fetch chat "905363044002"
2025-01-19 20:26:19,404 - INFO - Message sent successfuly to 
2025-01-19 20:26:19,405 - INFO - Message envoy avec succs  ELZEM LTD. \u015eT\u0130. (905363044002).
2025-01-19 20:26:21,406 - INFO - Envoi du message texte  905363044002 : Say\u0131n EMRE YILDIRIM  
A\u015fa\u011f\u0131da bu ayki demeleriniz listelenmi\u015ftir. 
SIRA: 51 
KDV D. VERG\u0130S\u0130: 308.3 
STOPAJ: 365.5 
BA\u011e-KUR: 0.0 
SGK YAPILANDIRMA: 4.0 
SMM KDV S\u0130: 5.0 
E DN\u015eM: 45.0 
DEFTER TAST\u0130K: 534.0 
MUHASEBE C.: 0.0 
TOPLAM: 1361.8 
KALAN: 1361.8 
\u0130LET\u0130\u015e\u0130M: {CONTACT} 
SON DEME: {SON DEME} 
\u0130BAN: {\u0130BAN} 
*NOT : Dekonta A\u0131klama Yazmay\u0131n\u0131z.*
2025-01-19 20:26:22,295 - INFO - It was not possible to fetch chat "905363044002"
2025-01-19 20:26:25,169 - INFO - Message sent successfuly to 
2025-01-19 20:26:25,170 - INFO - Message envoy avec succs  EMRE YILDIRIM  (905363044002).
2025-01-19 20:26:27,171 - INFO - Envoi du message texte  905363044002 : Say\u0131n SAHRA KUNDURA 
A\u015fa\u011f\u0131da bu ayki demeleriniz listelenmi\u015ftir. 
SIRA: 52 
KDV D. VERG\u0130S\u0130: 308.3 
STOPAJ: 365.5 
KDV 2: 999.0 
VERG\u0130 YAP.: 11685.34 
BA\u011e-KUR: 0.0 
SGK YAPILANDIRMA: 456.0 
SMM KDV S\u0130: 5.0 
E DN\u015eM: 45.0 
DEFTER TAST\u0130K: 5.0 
MUHASEBE C.: 0.0 
TOPLAM: 13989.14 
KALAN: 13989.14 
\u0130LET\u0130\u015e\u0130M: {CONTACT} 
SON DEME: {SON DEME} 
\u0130BAN: {\u0130BAN} 
*NOT : Dekonta A\u0131klama Yazmay\u0131n\u0131z.*
2025-01-19 20:26:28,028 - INFO - It was not possible to fetch chat "905363044002"
2025-01-19 20:26:31,244 - INFO - Message sent successfuly to 
2025-01-19 20:26:31,244 - INFO - Message envoy avec succs  SAHRA KUNDURA (905363044002).
2025-01-19 20:26:33,245 - INFO - Envoi du message texte  905363044002 : Say\u0131n \u0130BRAH\u0130M ARSLAN 
A\u015fa\u011f\u0131da bu ayki demeleriniz listelenmi\u015ftir. 
SIRA: 53 
KDV D. VERG\u0130S\u0130: 308.3 
STOPAJ: 2365.5 
GEL\u0130R V.: 5666.0 
BA\u011e-KUR: 0.0 
SGK YAPILANDIRMA: 6.0 
E DN\u015eM: 45.0 
DEFTER TAST\u0130K: 523.0 
MUHASEBE C.: 0.0 
TOPLAM: 14964.53 
KALAN: 14964.53 
\u0130LET\u0130\u015e\u0130M: {CONTACT} 
SON DEME: {SON DEME} 
\u0130BAN: {\u0130BAN} 
*NOT : Dekonta A\u0131klama Yazmay\u0131n\u0131z.*
2025-01-19 20:26:33,803 - INFO - It was not possible to fetch chat "905363044002"
2025-01-19 20:26:36,738 - INFO - Message sent successfuly to 
2025-01-19 20:26:36,738 - INFO - Message envoy avec succs  \u0130BRAH\u0130M ARSLAN (905363044002).
2025-01-19 20:26:38,739 - INFO - Envoi du message texte  905363044002 : Say\u0131n \u0130NCE TUR\u0130ZM LTD. \u015eT\u0130. 
A\u015fa\u011f\u0131da bu ayki demeleriniz listelenmi\u015ftir. 
SIRA: 54 
KDV D. VERG\u0130S\u0130: 1900.0 
BA\u011e-KUR: 0.0 
SGK YAPILANDIRMA: 78.0 
SMM KDV S\u0130: 34.0 
E DN\u015eM: 45.0 
DEFTER TAST\u0130K: 5.0 
MUHASEBE C.: 0.0 
TOPLAM: 2182.0 
KALAN: 2182.0 
\u0130LET\u0130\u015e\u0130M: {CONTACT} 
SON DEME: {SON DEME} 
\u0130BAN: {\u0130BAN} 
*NOT : Dekonta A\u0131klama Yazmay\u0131n\u0131z.*
2025-01-19 20:26:39,585 - INFO - It was not possible to fetch chat "905363044002"
2025-01-19 20:26:42,415 - INFO - Message sent successfuly to 
2025-01-19 20:26:42,416 - INFO - Message envoy avec succs  \u0130NCE TUR\u0130ZM LTD. \u015eT\u0130. (905363044002).
2025-01-19 20:26:44,417 - INFO - Envoi du message texte  905363044002 : Say\u0131n KARSER LTD \u015eT\u0130. 
A\u015fa\u011f\u0131da bu ayki demeleriniz listelenmi\u015ftir. 
SIRA: 55 
KDV D. VERG\u0130S\u0130: 1840.0 
BA\u011e-KUR: 0.0 
SGK YAPILANDIRMA: 8765434.0 
E DN\u015eM: 45.0 
DEFTER TAST\u0130K: 5.0 
MUHASEBE C.: 0.0 
TOPLAM: 8767474.0 
KALAN: 8767474.0 
\u0130LET\u0130\u015e\u0130M: {CONTACT} 
SON DEME: {SON DEME} 
\u0130BAN: {\u0130BAN} 
*NOT : Dekonta A\u0131klama Yazmay\u0131n\u0131z.*
2025-01-19 20:26:45,286 - INFO - It was not possible to fetch chat "905363044002"
2025-01-19 20:26:47,660 - INFO - Message sent successfuly to 
2025-01-19 20:26:47,661 - INFO - Message envoy avec succs  KARSER LTD \u015eT\u0130. (905363044002).
2025-01-19 20:26:49,662 - INFO - Envoi du message texte  905363044002 : Say\u0131n MEHMET ADAK GAYR\u0130MENKUL LTD. \u015eT\u0130. 
A\u015fa\u011f\u0131da bu ayki demeleriniz listelenmi\u015ftir. 
SIRA: 56 
KDV D. VERG\u0130S\u0130: 10926.4 
STOPAJ: 52865.5 
VERG\u0130 YAP.: 2710.8 
SGK PR\u0130M: 3467.1 
BA\u011e-KUR: 0.0 
SGK YAPILANDIRMA: 567.0 
E DN\u015eM: 45.0 
MUHASEBE C.: 0.0 
TOPLAM: 70681.8 
FAZLA ALINAN: 952.68 
KALAN: 69729.12 
\u0130LET\u0130\u015e\u0130M: {CONTACT} 
SON DEME: {SON DEME} 
\u0130BAN: {\u0130BAN} 
*NOT : Dekonta A\u0131klama Yazmay\u0131n\u0131z.*
2025-01-19 20:26:50,254 - INFO - It was not possible to fetch chat "905363044002"
2025-01-19 20:26:53,390 - INFO - Message sent successfuly to 
2025-01-19 20:26:53,391 - INFO - Message envoy avec succs  MEHMET ADAK GAYR\u0130MENKUL LTD. \u015eT\u0130. (905363044002).
2025-01-19 20:26:55,391 - INFO - Envoi du message texte  905363044002 : Say\u0131n SETAMAC MAK\u0130NA LTD. \u015eT\u0130. 
A\u015fa\u011f\u0131da bu ayki demeleriniz listelenmi\u015ftir. 
SIRA: 57 
BA\u011e-KUR: 0.0 
SGK YAPILANDIRMA: 654.0 
E DN\u015eM: 45.0 
E. KALAN TUTAR: 16579.69 
MUHASEBE C.: 0.0 
TOPLAM: 17378.69 
KALAN: 17378.69 
\u0130LET\u0130\u015e\u0130M: {CONTACT} 
SON DEME: {SON DEME} 
\u0130BAN: {\u0130BAN} 
*NOT : Dekonta A\u0131klama Yazmay\u0131n\u0131z.*
2025-01-19 20:26:56,214 - INFO - It was not possible to fetch chat "905363044002"
2025-01-19 20:26:58,565 - INFO - Message sent successfuly to 
2025-01-19 20:26:58,565 - INFO - Message envoy avec succs  SETAMAC MAK\u0130NA LTD. \u015eT\u0130. (905363044002).
2025-01-19 20:27:00,566 - INFO - Envoi du message texte  905363044002 : Say\u0131n OSMANLI REDKTR MOTOR LTD. \u015eT\u0130. 
A\u015fa\u011f\u0131da bu ayki demeleriniz listelenmi\u015ftir. 
SIRA: 58 
BA\u011e-KUR: 0.0 
SGK YAPILANDIRMA: 35.0 
E DN\u015eM: 45.0 
MUHASEBE C.: 0.0 
TOPLAM: 180.0 
FAZLA ALINAN: 1000.0 
KALAN: -820.0 
\u0130LET\u0130\u015e\u0130M: {CONTACT} 
SON DEME: {SON DEME} 
\u0130BAN: {\u0130BAN} 
*NOT : Dekonta A\u0131klama Yazmay\u0131n\u0131z.*
2025-01-19 20:27:01,540 - INFO - It was not possible to fetch chat "905363044002"
2025-01-19 20:27:03,981 - INFO - Message sent successfuly to 
2025-01-19 20:27:03,981 - INFO - Message envoy avec succs  OSMANLI REDKTR MOTOR LTD. \u015eT\u0130. (905363044002).
2025-01-19 20:27:05,982 - INFO - Envoi du message texte  905363044002 : Say\u0131n S.S. YA\u015eAM PARK YAPI KOOP. 
A\u015fa\u011f\u0131da bu ayki demeleriniz listelenmi\u015ftir. 
SIRA: 59 
BA\u011e-KUR: 0.0 
E DN\u015eM: 45.0 
MUHASEBE C.: 0.0 
TOPLAM: 145.0 
KALAN: 145.0 
\u0130LET\u0130\u015e\u0130M: {CONTACT} 
SON DEME: {SON DEME} 
\u0130BAN: {\u0130BAN} 
*NOT : Dekonta A\u0131klama Yazmay\u0131n\u0131z.*
2025-01-19 20:27:06,821 - INFO - It was not possible to fetch chat "905363044002"
2025-01-19 20:27:09,008 - INFO - Message sent successfuly to 
2025-01-19 20:27:09,008 - INFO - Message envoy avec succs  S.S. YA\u015eAM PARK YAPI KOOP. (905363044002).
2025-01-19 20:27:11,010 - INFO - Envoi du message texte  905363044002 : Say\u0131n MRSAN MAK\u0130NA LTD. \u015eT\u0130. 
A\u015fa\u011f\u0131da bu ayki demeleriniz listelenmi\u015ftir. 
SIRA: 60 
KDV D. VERG\u0130S\u0130: 308.3 
BA\u011e-KUR: 0.0 
E DN\u015eM: 45.0 
MUHASEBE C.: 0.0 
TOPLAM: 453.3 
KALAN: 453.3 
\u0130LET\u0130\u015e\u0130M: {CONTACT} 
SON DEME: {SON DEME} 
\u0130BAN: {\u0130BAN} 
*NOT : Dekonta A\u0131klama Yazmay\u0131n\u0131z.*
2025-01-19 20:27:11,885 - INFO - It was not possible to fetch chat "905363044002"
2025-01-19 20:27:14,000 - INFO - Message sent successfuly to 
2025-01-19 20:27:14,000 - INFO - Message envoy avec succs  MRSAN MAK\u0130NA LTD. \u015eT\u0130. (905363044002).
2025-01-19 20:27:16,001 - INFO - Rsum des envois :
2025-01-19 20:27:16,001 - INFO - Messages envoys avec succs : 15
2025-01-19 20:27:16,001 - INFO - Messages chous : 0
2025-01-19 20:38:34,946 - INFO - Initialisation de WhatsApp Messenger
2025-01-19 20:38:34,946 - DEBUG - Tentative de chargement du fichier messages depuis wamessage.json
2025-01-19 20:38:34,953 - INFO - Fichier messages charg avec succs : 1 entres trouves.
2025-01-19 20:38:34,953 - DEBUG - Tentative de chargement du fichier contacts depuis wacontact.json
2025-01-19 20:38:34,960 - INFO - Fichier contacts charg avec succs : 1 entres trouves.
2025-01-19 20:38:34,960 - INFO - ====== WebDriver manager ======
2025-01-19 20:38:36,028 - INFO - Get LATEST chromedriver version for google-chrome
2025-01-19 20:38:36,031 - DEBUG - Starting new HTTPS connection (1): googlechromelabs.github.io:443
2025-01-19 20:38:37,420 - DEBUG - https://googlechromelabs.github.io:443 "GET /chrome-for-testing/latest-patch-versions-per-build.json HTTP/1.1" 200 9261
2025-01-19 20:38:37,436 - INFO - Get LATEST chromedriver version for google-chrome
2025-01-19 20:38:37,437 - DEBUG - Starting new HTTPS connection (1): googlechromelabs.github.io:443
2025-01-19 20:38:37,736 - DEBUG - https://googlechromelabs.github.io:443 "GET /chrome-for-testing/latest-patch-versions-per-build.json HTTP/1.1" 200 9261
2025-01-19 20:38:37,749 - INFO - Driver [C:\Users\cheic\.wdm\drivers\chromedriver\win64\131.0.6778.264\chromedriver-win32/chromedriver.exe] found in cache
2025-01-19 20:38:37,750 - DEBUG - Skipping Selenium Manager; path to chrome driver specified in Service class: C:\Users\cheic\.wdm\drivers\chromedriver\win64\131.0.6778.264\chromedriver-win32/chromedriver.exe
2025-01-19 20:38:37,755 - DEBUG - Started executable: `C:\Users\cheic\.wdm\drivers\chromedriver\win64\131.0.6778.264\chromedriver-win32/chromedriver.exe` in a child process with pid: 11924 using 0 to output -3
2025-01-19 20:38:39,275 - DEBUG - POST http://localhost:56303/session {'capabilities': {'firstMatch': [{}], 'alwaysMatch': {'browserName': 'chrome', 'pageLoadStrategy': <PageLoadStrategy.normal: 'normal'>, 'goog:chromeOptions': {'extensions': [], 'args': ['--profile-directory=Default', '--user-data-dir=C:/Temp/ChromeProfile']}}}}
2025-01-19 20:38:39,276 - DEBUG - Starting new HTTP connection (1): localhost:56303
2025-01-19 20:38:41,562 - DEBUG - http://localhost:56303 "POST /session HTTP/1.1" 200 0
2025-01-19 20:38:41,562 - DEBUG - Remote response: status=200 | data={"value":{"capabilities":{"acceptInsecureCerts":false,"browserName":"chrome","browserVersion":"131.0.6778.265","chrome":{"chromedriverVersion":"131.0.6778.264 (2d05e31515360f4da764174f7c448b33e36da871-refs/branch-heads/6778@{#4323})","userDataDir":"C:/Temp/ChromeProfile"},"fedcm:accounts":true,"goog:chromeOptions":{"debuggerAddress":"localhost:56307"},"networkConnectionEnabled":false,"pageLoadStrategy":"normal","platformName":"windows","proxy":{},"setWindowRect":true,"strictFileInteractability":false,"timeouts":{"implicit":0,"pageLoad":300000,"script":30000},"unhandledPromptBehavior":"dismiss and notify","webauthn:extension:credBlob":true,"webauthn:extension:largeBlob":true,"webauthn:extension:minPinLength":true,"webauthn:extension:prf":true,"webauthn:virtualAuthenticators":true},"sessionId":"1db9124f06ea1f15a3d873356f874958"}} | headers=HTTPHeaderDict({'Content-Length': '839', 'Content-Type': 'application/json; charset=utf-8', 'cache-control': 'no-cache'})
2025-01-19 20:38:41,562 - DEBUG - Finished Request
2025-01-19 20:38:41,563 - DEBUG - GET http://localhost:56303/session/1db9124f06ea1f15a3d873356f874958/window/handles {}
2025-01-19 20:38:41,564 - DEBUG - http://localhost:56303 "GET /session/1db9124f06ea1f15a3d873356f874958/window/handles HTTP/1.1" 200 0
2025-01-19 20:38:41,565 - DEBUG - Remote response: status=200 | data={"value":["54C08E4315D7515906BE6AC25F510FE5"]} | headers=HTTPHeaderDict({'Content-Length': '46', 'Content-Type': 'application/json; charset=utf-8', 'cache-control': 'no-cache'})
2025-01-19 20:38:41,565 - DEBUG - Finished Request
2025-01-19 20:38:41,565 - DEBUG - GET http://localhost:56303/session/1db9124f06ea1f15a3d873356f874958/window {}
2025-01-19 20:38:41,566 - DEBUG - http://localhost:56303 "GET /session/1db9124f06ea1f15a3d873356f874958/window HTTP/1.1" 200 0
2025-01-19 20:38:41,566 - DEBUG - Remote response: status=200 | data={"value":"54C08E4315D7515906BE6AC25F510FE5"} | headers=HTTPHeaderDict({'Content-Length': '44', 'Content-Type': 'application/json; charset=utf-8', 'cache-control': 'no-cache'})
2025-01-19 20:38:41,566 - DEBUG - Finished Request
2025-01-19 20:38:42,755 - INFO - Dbut de l'envoi des messages  tous les contacts.
2025-01-19 20:38:42,756 - INFO - Envoi du message texte  905411510391 : Say\u0131n ORHAN ZSOY 
A\u015fa\u011f\u0131da bu ayki demeleriniz listelenmi\u015ftir. 
 - SIRA: 46 
 - KDV D. VERG\u0130S\u0130: 408.0 
 - STOPAJ: 365.0 
 - SGK PR\u0130M: 12000.0 
 - BA\u011e-KUR: 0.0 
 - E DN\u015eM: 45.0 
 - MUHASEBE C.: 0.0 
 - TOPLAM: 12823.0 
 
 - SON DEME: 26 / 10/ 2024 
 - \u0130BAN: AL\u0130 EV\u0130KLER TRK\u0130YE F\u0130NANS \u0130BAN NO: TR76 0020 6002 8201 1626 3700 02 
 
 *NOT : Dekonta A\u0131klama Yazmay\u0131n\u0131z.*
2025-01-19 20:38:54,831 - INFO - It was not possible to fetch chat "905411510391"
2025-01-19 20:38:58,069 - INFO - Message sent successfuly to 
2025-01-19 20:38:58,069 - INFO - Message envoy avec succs  ORHAN ZSOY (905411510391).
2025-01-19 20:39:00,070 - INFO - Rsum des envois :
2025-01-19 20:39:00,070 - INFO - Messages envoys avec succs : 1
2025-01-19 20:39:00,070 - INFO - Messages chous : 0
2025-01-19 20:39:24,574 - INFO - Initialisation de WhatsApp Messenger
2025-01-19 20:39:24,574 - DEBUG - Tentative de chargement du fichier messages depuis wamessage.json
2025-01-19 20:39:24,575 - INFO - Fichier messages charg avec succs : 1 entres trouves.
2025-01-19 20:39:24,575 - DEBUG - Tentative de chargement du fichier contacts depuis wacontact.json
2025-01-19 20:39:24,584 - INFO - Fichier contacts charg avec succs : 15 entres trouves.
2025-01-19 20:39:24,584 - INFO - ====== WebDriver manager ======
2025-01-19 20:39:25,491 - INFO - Get LATEST chromedriver version for google-chrome
2025-01-19 20:39:25,493 - DEBUG - Starting new HTTPS connection (1): googlechromelabs.github.io:443
2025-01-19 20:39:25,725 - DEBUG - https://googlechromelabs.github.io:443 "GET /chrome-for-testing/latest-patch-versions-per-build.json HTTP/1.1" 200 9261
2025-01-19 20:39:25,736 - INFO - Get LATEST chromedriver version for google-chrome
2025-01-19 20:39:25,737 - DEBUG - Starting new HTTPS connection (1): googlechromelabs.github.io:443
2025-01-19 20:39:25,989 - DEBUG - https://googlechromelabs.github.io:443 "GET /chrome-for-testing/latest-patch-versions-per-build.json HTTP/1.1" 200 9261
2025-01-19 20:39:26,007 - INFO - Driver [C:\Users\cheic\.wdm\drivers\chromedriver\win64\131.0.6778.264\chromedriver-win32/chromedriver.exe] found in cache
2025-01-19 20:39:26,007 - DEBUG - Skipping Selenium Manager; path to chrome driver specified in Service class: C:\Users\cheic\.wdm\drivers\chromedriver\win64\131.0.6778.264\chromedriver-win32/chromedriver.exe
2025-01-19 20:39:26,014 - DEBUG - Started executable: `C:\Users\cheic\.wdm\drivers\chromedriver\win64\131.0.6778.264\chromedriver-win32/chromedriver.exe` in a child process with pid: 16172 using 0 to output -3
2025-01-19 20:39:26,533 - DEBUG - POST http://localhost:56327/session {'capabilities': {'firstMatch': [{}], 'alwaysMatch': {'browserName': 'chrome', 'pageLoadStrategy': <PageLoadStrategy.normal: 'normal'>, 'goog:chromeOptions': {'extensions': [], 'args': ['--profile-directory=Default', '--user-data-dir=C:/Temp/ChromeProfile']}}}}
2025-01-19 20:39:26,534 - DEBUG - Starting new HTTP connection (1): localhost:56327
2025-01-19 20:39:27,263 - DEBUG - http://localhost:56327 "POST /session HTTP/1.1" 200 0
2025-01-19 20:39:27,263 - DEBUG - Remote response: status=200 | data={"value":{"capabilities":{"acceptInsecureCerts":false,"browserName":"chrome","browserVersion":"131.0.6778.265","chrome":{"chromedriverVersion":"131.0.6778.264 (2d05e31515360f4da764174f7c448b33e36da871-refs/branch-heads/6778@{#4323})","userDataDir":"C:/Temp/ChromeProfile"},"fedcm:accounts":true,"goog:chromeOptions":{"debuggerAddress":"localhost:56330"},"networkConnectionEnabled":false,"pageLoadStrategy":"normal","platformName":"windows","proxy":{},"setWindowRect":true,"strictFileInteractability":false,"timeouts":{"implicit":0,"pageLoad":300000,"script":30000},"unhandledPromptBehavior":"dismiss and notify","webauthn:extension:credBlob":true,"webauthn:extension:largeBlob":true,"webauthn:extension:minPinLength":true,"webauthn:extension:prf":true,"webauthn:virtualAuthenticators":true},"sessionId":"28545ba437c39100a9f0b9d70e2ae539"}} | headers=HTTPHeaderDict({'Content-Length': '839', 'Content-Type': 'application/json; charset=utf-8', 'cache-control': 'no-cache'})
2025-01-19 20:39:27,264 - DEBUG - Finished Request
2025-01-19 20:39:27,264 - DEBUG - GET http://localhost:56327/session/28545ba437c39100a9f0b9d70e2ae539/window/handles {}
2025-01-19 20:39:27,266 - DEBUG - http://localhost:56327 "GET /session/28545ba437c39100a9f0b9d70e2ae539/window/handles HTTP/1.1" 200 0
2025-01-19 20:39:27,266 - DEBUG - Remote response: status=200 | data={"value":["9A20AAD9BEE13A10E432A30A88AC300C"]} | headers=HTTPHeaderDict({'Content-Length': '46', 'Content-Type': 'application/json; charset=utf-8', 'cache-control': 'no-cache'})
2025-01-19 20:39:27,266 - DEBUG - Finished Request
2025-01-19 20:39:27,267 - DEBUG - GET http://localhost:56327/session/28545ba437c39100a9f0b9d70e2ae539/window {}
2025-01-19 20:39:27,268 - DEBUG - http://localhost:56327 "GET /session/28545ba437c39100a9f0b9d70e2ae539/window HTTP/1.1" 200 0
2025-01-19 20:39:27,268 - DEBUG - Remote response: status=200 | data={"value":"9A20AAD9BEE13A10E432A30A88AC300C"} | headers=HTTPHeaderDict({'Content-Length': '44', 'Content-Type': 'application/json; charset=utf-8', 'cache-control': 'no-cache'})
2025-01-19 20:39:27,268 - DEBUG - Finished Request
2025-01-19 20:39:28,015 - INFO - Dbut de l'envoi des messages  tous les contacts.
2025-01-19 20:39:28,016 - INFO - Envoi du message texte  905363044002 : Say\u0131n ORHAN ZSOY 
A\u015fa\u011f\u0131da bu ayki demeleriniz listelenmi\u015ftir. 
 - SIRA: 46 
 - KDV D. VERG\u0130S\u0130: 408.0 
 - STOPAJ: 365.0 
 - SGK PR\u0130M: 12000.0 
 - BA\u011e-KUR: 0.0 
 - E DN\u015eM: 45.0 
 - MUHASEBE C.: 0.0 
 - TOPLAM: 12823.0 
 
 - SON DEME: 26 / 10/ 2024 
 - \u0130BAN: AL\u0130 EV\u0130KLER TRK\u0130YE F\u0130NANS \u0130BAN NO: TR76 0020 6002 8201 1626 3700 02 
 
 *NOT : Dekonta A\u0131klama Yazmay\u0131n\u0131z.*
2025-01-19 20:39:36,902 - INFO - It was not possible to fetch chat "905363044002"
2025-01-19 20:39:39,837 - INFO - Message sent successfuly to 
2025-01-19 20:39:39,838 - INFO - Message envoy avec succs  ORHAN ZSOY (905363044002).
2025-01-19 20:39:41,838 - INFO - Envoi du message texte  905363044002 : Say\u0131n AL\u0130 DURMU\u015e 
A\u015fa\u011f\u0131da bu ayki demeleriniz listelenmi\u015ftir. 
 - SIRA: 47 
 - KDV D. VERG\u0130S\u0130: 308.3 
 - STOPAJ: 365.0 
 - KDV 2: 2000.0 
 - MTV: 9000.0 
 - BA\u011e-KUR: 0.0 
 - E DN\u015eM: 45.0 
 - MUHASEBE C.: 0.0 
 - TOPLAM: 11818.3 
 
 - SON DEME: 27 / 10/ 2024 
 - \u0130BAN: AL\u0130 EV\u0130KLER TRK\u0130YE F\u0130NANS \u0130BAN NO: TR76 0020 6002 8201 1626 3700 02 
 
 *NOT : Dekonta A\u0131klama Yazmay\u0131n\u0131z.*
2025-01-19 20:39:42,758 - INFO - It was not possible to fetch chat "905363044002"
2025-01-19 20:39:45,803 - INFO - Message sent successfuly to 
2025-01-19 20:39:45,803 - INFO - Message envoy avec succs  AL\u0130 DURMU\u015e (905363044002).
2025-01-19 20:39:47,804 - INFO - Envoi du message texte  905363044002 : Say\u0131n ASLI MOR 
A\u015fa\u011f\u0131da bu ayki demeleriniz listelenmi\u015ftir. 
 - SIRA: 48 
 - KDV D. VERG\u0130S\u0130: 308.3 
 - STOPAJ: 365.0 
 - GE\u0130C\u0130 VERG\u0130: 56.0 
 - GEL\u0130R V.: 7888.0 
 - BA\u011e-KUR: 0.0 
 - E DN\u015eM: 45.0 
 - DEFTER TAST\u0130K: 3.0 
 - MUHASEBE C.: 0.0 
 - TOPLAM: 8765.3 
 
 - SON DEME: 28 / 10/ 2024 
 - \u0130BAN: AL\u0130 EV\u0130KLER TRK\u0130YE F\u0130NANS \u0130BAN NO: TR76 0020 6002 8201 1626 3700 02 
 
 *NOT : Dekonta A\u0131klama Yazmay\u0131n\u0131z.*
2025-01-19 20:39:48,903 - INFO - It was not possible to fetch chat "905363044002"
2025-01-19 20:39:52,199 - INFO - Message sent successfuly to 
2025-01-19 20:39:52,199 - INFO - Message envoy avec succs  ASLI MOR (905363044002).
2025-01-19 20:39:54,200 - INFO - Envoi du message texte  905363044002 : Say\u0131n KIZILDO\u011eAN OTO .\u0130N\u015e. LTD. \u015eT\u0130. 
A\u015fa\u011f\u0131da bu ayki demeleriniz listelenmi\u015ftir. 
 - SIRA: 49 
 - KDV D. VERG\u0130S\u0130: 308.3 
 - STOPAJ: 365.5 
 - KDV 2: 39999.0 
 - BA\u011e-KUR: 0.0 
 - SGK YAPILANDIRMA: 4.0 
 - SMM KDV S\u0130: 899.0 
 - E DN\u015eM: 45.0 
 - MUHASEBE C.: 0.0 
 - TOPLAM: 47621.53 
 
 - SON DEME: 29 / 10/ 2024 
 - \u0130BAN: AL\u0130 EV\u0130KLER TRK\u0130YE F\u0130NANS \u0130BAN NO: TR76 0020 6002 8201 1626 3700 02 
 
 *NOT : Dekonta A\u0131klama Yazmay\u0131n\u0131z.*
2025-01-19 20:39:55,058 - INFO - It was not possible to fetch chat "905363044002"
2025-01-19 20:39:57,938 - INFO - Message sent successfuly to 
2025-01-19 20:39:57,939 - INFO - Message envoy avec succs  KIZILDO\u011eAN OTO .\u0130N\u015e. LTD. \u015eT\u0130. (905363044002).
2025-01-19 20:39:59,939 - INFO - Envoi du message texte  905363044002 : Say\u0131n ELZEM LTD. \u015eT\u0130. 
A\u015fa\u011f\u0131da bu ayki demeleriniz listelenmi\u015ftir. 
 - SIRA: 50 
 - KDV D. VERG\u0130S\u0130: 1841.04 
 - STOPAJ: 365.5 
 - BA\u011e-KUR: 0.0 
 - SGK YAPILANDIRMA: 4.0 
 - E DN\u015eM: 45.0 
 - DEFTER TAST\u0130K: 43.0 
 - MUHASEBE C.: 0.0 
 - TOPLAM: 2398.54 
 
 - SON DEME: 30 / 10/ 2024 
 - \u0130BAN: AL\u0130 EV\u0130KLER TRK\u0130YE F\u0130NANS \u0130BAN NO: TR76 0020 6002 8201 1626 3700 02 
 
 *NOT : Dekonta A\u0131klama Yazmay\u0131n\u0131z.*
2025-01-19 20:40:00,789 - INFO - It was not possible to fetch chat "905363044002"
2025-01-19 20:40:03,968 - INFO - Message sent successfuly to 
2025-01-19 20:40:03,968 - INFO - Message envoy avec succs  ELZEM LTD. \u015eT\u0130. (905363044002).
2025-01-19 20:40:05,969 - INFO - Envoi du message texte  905363044002 : Say\u0131n EMRE YILDIRIM  
A\u015fa\u011f\u0131da bu ayki demeleriniz listelenmi\u015ftir. 
 - SIRA: 51 
 - KDV D. VERG\u0130S\u0130: 308.3 
 - STOPAJ: 365.5 
 - BA\u011e-KUR: 0.0 
 - SGK YAPILANDIRMA: 4.0 
 - SMM KDV S\u0130: 5.0 
 - E DN\u015eM: 45.0 
 - DEFTER TAST\u0130K: 534.0 
 - MUHASEBE C.: 0.0 
 - TOPLAM: 1361.8 
 
 - SON DEME: 31 / 10/ 2024 
 - \u0130BAN: AL\u0130 EV\u0130KLER TRK\u0130YE F\u0130NANS \u0130BAN NO: TR76 0020 6002 8201 1626 3700 02 
 
 *NOT : Dekonta A\u0131klama Yazmay\u0131n\u0131z.*
2025-01-19 20:40:07,188 - INFO - It was not possible to fetch chat "905363044002"
2025-01-19 20:40:10,143 - INFO - Message sent successfuly to 
2025-01-19 20:40:10,143 - INFO - Message envoy avec succs  EMRE YILDIRIM  (905363044002).
2025-01-19 20:40:12,144 - INFO - Envoi du message texte  905363044002 : Say\u0131n SAHRA KUNDURA 
A\u015fa\u011f\u0131da bu ayki demeleriniz listelenmi\u015ftir. 
 - SIRA: 52 
 - KDV D. VERG\u0130S\u0130: 308.3 
 - STOPAJ: 365.5 
 - KDV 2: 999.0 
 - VERG\u0130 YAP.: 11685.34 
 - BA\u011e-KUR: 0.0 
 - SGK YAPILANDIRMA: 456.0 
 - SMM KDV S\u0130: 5.0 
 - E DN\u015eM: 45.0 
 - DEFTER TAST\u0130K: 5.0 
 - MUHASEBE C.: 0.0 
 - TOPLAM: 13989.14 
 
 - SON DEME: 32 / 10/ 2024 
 - \u0130BAN: AL\u0130 EV\u0130KLER TRK\u0130YE F\u0130NANS \u0130BAN NO: TR76 0020 6002 8201 1626 3700 02 
 
 *NOT : Dekonta A\u0131klama Yazmay\u0131n\u0131z.*
2025-01-19 20:40:12,926 - INFO - It was not possible to fetch chat "905363044002"
2025-01-19 20:40:16,125 - INFO - Message sent successfuly to 
2025-01-19 20:40:16,125 - INFO - Message envoy avec succs  SAHRA KUNDURA (905363044002).
2025-01-19 20:40:18,126 - INFO - Envoi du message texte  905363044002 : Say\u0131n \u0130BRAH\u0130M ARSLAN 
A\u015fa\u011f\u0131da bu ayki demeleriniz listelenmi\u015ftir. 
 - SIRA: 53 
 - KDV D. VERG\u0130S\u0130: 308.3 
 - STOPAJ: 2365.5 
 - GEL\u0130R V.: 5666.0 
 - BA\u011e-KUR: 0.0 
 - SGK YAPILANDIRMA: 6.0 
 - E DN\u015eM: 45.0 
 - DEFTER TAST\u0130K: 523.0 
 - MUHASEBE C.: 0.0 
 - TOPLAM: 14964.53 
 
 - SON DEME: 33 / 10/ 2024 
 - \u0130BAN: AL\u0130 EV\u0130KLER TRK\u0130YE F\u0130NANS \u0130BAN NO: TR76 0020 6002 8201 1626 3700 02 
 
 *NOT : Dekonta A\u0131klama Yazmay\u0131n\u0131z.*
2025-01-19 20:40:18,922 - INFO - It was not possible to fetch chat "905363044002"
2025-01-19 20:40:21,776 - INFO - Message sent successfuly to 
2025-01-19 20:40:21,776 - INFO - Message envoy avec succs  \u0130BRAH\u0130M ARSLAN (905363044002).
2025-01-19 20:40:23,777 - INFO - Envoi du message texte  905363044002 : Say\u0131n \u0130NCE TUR\u0130ZM LTD. \u015eT\u0130. 
A\u015fa\u011f\u0131da bu ayki demeleriniz listelenmi\u015ftir. 
 - SIRA: 54 
 - KDV D. VERG\u0130S\u0130: 1900.0 
 - BA\u011e-KUR: 0.0 
 - SGK YAPILANDIRMA: 78.0 
 - SMM KDV S\u0130: 34.0 
 - E DN\u015eM: 45.0 
 - DEFTER TAST\u0130K: 5.0 
 - MUHASEBE C.: 0.0 
 - TOPLAM: 2182.0 
 
 - SON DEME: 34 / 10/ 2024 
 - \u0130BAN: AL\u0130 EV\u0130KLER TRK\u0130YE F\u0130NANS \u0130BAN NO: TR76 0020 6002 8201 1626 3700 02 
 
 *NOT : Dekonta A\u0131klama Yazmay\u0131n\u0131z.*
2025-01-19 20:40:24,578 - INFO - It was not possible to fetch chat "905363044002"
2025-01-19 20:40:27,647 - INFO - Message sent successfuly to 
2025-01-19 20:40:27,648 - INFO - Message envoy avec succs  \u0130NCE TUR\u0130ZM LTD. \u015eT\u0130. (905363044002).
2025-01-19 20:40:29,649 - INFO - Envoi du message texte  905363044002 : Say\u0131n KARSER LTD \u015eT\u0130. 
A\u015fa\u011f\u0131da bu ayki demeleriniz listelenmi\u015ftir. 
 - SIRA: 55 
 - KDV D. VERG\u0130S\u0130: 1840.0 
 - BA\u011e-KUR: 0.0 
 - SGK YAPILANDIRMA: 8765434.0 
 - E DN\u015eM: 45.0 
 - DEFTER TAST\u0130K: 5.0 
 - MUHASEBE C.: 0.0 
 - TOPLAM: 8767474.0 
 
 - SON DEME: 35 / 10/ 2024 
 - \u0130BAN: AL\u0130 EV\u0130KLER TRK\u0130YE F\u0130NANS \u0130BAN NO: TR76 0020 6002 8201 1626 3700 02 
 
 *NOT : Dekonta A\u0131klama Yazmay\u0131n\u0131z.*
2025-01-19 20:40:30,218 - INFO - It was not possible to fetch chat "905363044002"
2025-01-19 20:40:33,215 - INFO - Message sent successfuly to 
2025-01-19 20:40:33,216 - INFO - Message envoy avec succs  KARSER LTD \u015eT\u0130. (905363044002).
2025-01-19 20:40:35,217 - INFO - Envoi du message texte  905363044002 : Say\u0131n MEHMET ADAK GAYR\u0130MENKUL LTD. \u015eT\u0130. 
A\u015fa\u011f\u0131da bu ayki demeleriniz listelenmi\u015ftir. 
 - SIRA: 56 
 - KDV D. VERG\u0130S\u0130: 10926.4 
 - STOPAJ: 52865.5 
 - VERG\u0130 YAP.: 2710.8 
 - SGK PR\u0130M: 3467.1 
 - BA\u011e-KUR: 0.0 
 - SGK YAPILANDIRMA: 567.0 
 - E DN\u015eM: 45.0 
 - MUHASEBE C.: 0.0 
 - TOPLAM: 70681.8 
 
 - SON DEME: 36 / 10/ 2024 
 - \u0130BAN: AL\u0130 EV\u0130KLER TRK\u0130YE F\u0130NANS \u0130BAN NO: TR76 0020 6002 8201 1626 3700 02 
 
 *NOT : Dekonta A\u0131klama Yazmay\u0131n\u0131z.*
2025-01-19 20:40:36,033 - INFO - It was not possible to fetch chat "905363044002"
2025-01-19 20:40:38,985 - INFO - Message sent successfuly to 
2025-01-19 20:40:38,985 - INFO - Message envoy avec succs  MEHMET ADAK GAYR\u0130MENKUL LTD. \u015eT\u0130. (905363044002).
2025-01-19 20:40:40,986 - INFO - Envoi du message texte  905363044002 : Say\u0131n SETAMAC MAK\u0130NA LTD. \u015eT\u0130. 
A\u015fa\u011f\u0131da bu ayki demeleriniz listelenmi\u015ftir. 
 - SIRA: 57 
 - BA\u011e-KUR: 0.0 
 - SGK YAPILANDIRMA: 654.0 
 - E DN\u015eM: 45.0 
 - E. KALAN TUTAR: 16579.69 
 - MUHASEBE C.: 0.0 
 - TOPLAM: 17378.69 
 
 - SON DEME: 37 / 10/ 2024 
 - \u0130BAN: AL\u0130 EV\u0130KLER TRK\u0130YE F\u0130NANS \u0130BAN NO: TR76 0020 6002 8201 1626 3700 02 
 
 *NOT : Dekonta A\u0131klama Yazmay\u0131n\u0131z.*
2025-01-19 20:40:41,822 - INFO - It was not possible to fetch chat "905363044002"
2025-01-19 20:40:44,538 - INFO - Message sent successfuly to 
2025-01-19 20:40:44,538 - INFO - Message envoy avec succs  SETAMAC MAK\u0130NA LTD. \u015eT\u0130. (905363044002).
2025-01-19 20:40:46,539 - INFO - Envoi du message texte  905363044002 : Say\u0131n OSMANLI REDKTR MOTOR LTD. \u015eT\u0130. 
A\u015fa\u011f\u0131da bu ayki demeleriniz listelenmi\u015ftir. 
 - SIRA: 58 
 - BA\u011e-KUR: 0.0 
 - SGK YAPILANDIRMA: 35.0 
 - E DN\u015eM: 45.0 
 - MUHASEBE C.: 0.0 
 - TOPLAM: 180.0 
 
 - SON DEME: 38 / 10/ 2024 
 - \u0130BAN: AL\u0130 EV\u0130KLER TRK\u0130YE F\u0130NANS \u0130BAN NO: TR76 0020 6002 8201 1626 3700 02 
 
 *NOT : Dekonta A\u0131klama Yazmay\u0131n\u0131z.*
2025-01-19 20:40:47,338 - INFO - It was not possible to fetch chat "905363044002"
2025-01-19 20:40:50,060 - INFO - Message sent successfuly to 
2025-01-19 20:40:50,061 - INFO - Message envoy avec succs  OSMANLI REDKTR MOTOR LTD. \u015eT\u0130. (905363044002).
2025-01-19 20:40:52,061 - INFO - Envoi du message texte  905363044002 : Say\u0131n S.S. YA\u015eAM PARK YAPI KOOP. 
A\u015fa\u011f\u0131da bu ayki demeleriniz listelenmi\u015ftir. 
 - SIRA: 59 
 - BA\u011e-KUR: 0.0 
 - E DN\u015eM: 45.0 
 - MUHASEBE C.: 0.0 
 - TOPLAM: 145.0 
 
 - SON DEME: 39 / 10/ 2024 
 - \u0130BAN: AL\u0130 EV\u0130KLER TRK\u0130YE F\u0130NANS \u0130BAN NO: TR76 0020 6002 8201 1626 3700 02 
 
 *NOT : Dekonta A\u0131klama Yazmay\u0131n\u0131z.*
2025-01-19 20:40:52,913 - INFO - It was not possible to fetch chat "905363044002"
2025-01-19 20:40:55,105 - INFO - Message sent successfuly to 
2025-01-19 20:40:55,106 - INFO - Message envoy avec succs  S.S. YA\u015eAM PARK YAPI KOOP. (905363044002).
2025-01-19 20:40:57,106 - INFO - Envoi du message texte  905363044002 : Say\u0131n MRSAN MAK\u0130NA LTD. \u015eT\u0130. 
A\u015fa\u011f\u0131da bu ayki demeleriniz listelenmi\u015ftir. 
 - SIRA: 60 
 - KDV D. VERG\u0130S\u0130: 308.3 
 - BA\u011e-KUR: 0.0 
 - E DN\u015eM: 45.0 
 - MUHASEBE C.: 0.0 
 - TOPLAM: 453.3 
 
 - SON DEME: 40 / 10/ 2024 
 - \u0130BAN: AL\u0130 EV\u0130KLER TRK\u0130YE F\u0130NANS \u0130BAN NO: TR76 0020 6002 8201 1626 3700 02 
 
 *NOT : Dekonta A\u0131klama Yazmay\u0131n\u0131z.*
2025-01-19 20:40:57,947 - INFO - It was not possible to fetch chat "905363044002"
2025-01-19 20:41:00,651 - INFO - Message sent successfuly to 
2025-01-19 20:41:00,651 - INFO - Message envoy avec succs  MRSAN MAK\u0130NA LTD. \u015eT\u0130. (905363044002).
2025-01-19 20:41:02,652 - INFO - Rsum des envois :
2025-01-19 20:41:02,652 - INFO - Messages envoys avec succs : 15
2025-01-19 20:41:02,652 - INFO - Messages chous : 0
2025-01-19 20:48:22,383 - INFO - Initialisation de WhatsApp Messenger
2025-01-19 20:48:22,384 - DEBUG - Tentative de chargement du fichier messages depuis wamessage.json
2025-01-19 20:48:22,384 - INFO - Fichier messages charg avec succs : 1 entres trouves.
2025-01-19 20:48:22,384 - DEBUG - Tentative de chargement du fichier contacts depuis wacontact.json
2025-01-19 20:48:22,392 - INFO - Fichier contacts charg avec succs : 15 entres trouves.
2025-01-19 20:48:22,392 - INFO - ====== WebDriver manager ======
2025-01-19 20:48:23,309 - INFO - Get LATEST chromedriver version for google-chrome
2025-01-19 20:48:23,311 - DEBUG - Starting new HTTPS connection (1): googlechromelabs.github.io:443
2025-01-19 20:48:23,647 - DEBUG - https://googlechromelabs.github.io:443 "GET /chrome-for-testing/latest-patch-versions-per-build.json HTTP/1.1" 200 9261
2025-01-19 20:48:23,772 - INFO - Get LATEST chromedriver version for google-chrome
2025-01-19 20:48:23,773 - DEBUG - Starting new HTTPS connection (1): googlechromelabs.github.io:443
2025-01-19 20:48:24,248 - DEBUG - https://googlechromelabs.github.io:443 "GET /chrome-for-testing/latest-patch-versions-per-build.json HTTP/1.1" 200 9261
2025-01-19 20:48:24,252 - INFO - Driver [C:\Users\cheic\.wdm\drivers\chromedriver\win64\131.0.6778.264\chromedriver-win32/chromedriver.exe] found in cache
2025-01-19 20:48:24,253 - DEBUG - Skipping Selenium Manager; path to chrome driver specified in Service class: C:\Users\cheic\.wdm\drivers\chromedriver\win64\131.0.6778.264\chromedriver-win32/chromedriver.exe
2025-01-19 20:48:24,258 - DEBUG - Started executable: `C:\Users\cheic\.wdm\drivers\chromedriver\win64\131.0.6778.264\chromedriver-win32/chromedriver.exe` in a child process with pid: 7472 using 0 to output -3
2025-01-19 20:48:24,760 - DEBUG - POST http://localhost:56421/session {'capabilities': {'firstMatch': [{}], 'alwaysMatch': {'browserName': 'chrome', 'pageLoadStrategy': <PageLoadStrategy.normal: 'normal'>, 'goog:chromeOptions': {'extensions': [], 'args': ['--profile-directory=Default', '--user-data-dir=C:/Temp/ChromeProfile']}}}}
2025-01-19 20:48:24,760 - DEBUG - Starting new HTTP connection (1): localhost:56421
2025-01-19 20:48:26,171 - DEBUG - http://localhost:56421 "POST /session HTTP/1.1" 200 0
2025-01-19 20:48:26,171 - DEBUG - Remote response: status=200 | data={"value":{"capabilities":{"acceptInsecureCerts":false,"browserName":"chrome","browserVersion":"131.0.6778.265","chrome":{"chromedriverVersion":"131.0.6778.264 (2d05e31515360f4da764174f7c448b33e36da871-refs/branch-heads/6778@{#4323})","userDataDir":"C:/Temp/ChromeProfile"},"fedcm:accounts":true,"goog:chromeOptions":{"debuggerAddress":"localhost:56424"},"networkConnectionEnabled":false,"pageLoadStrategy":"normal","platformName":"windows","proxy":{},"setWindowRect":true,"strictFileInteractability":false,"timeouts":{"implicit":0,"pageLoad":300000,"script":30000},"unhandledPromptBehavior":"dismiss and notify","webauthn:extension:credBlob":true,"webauthn:extension:largeBlob":true,"webauthn:extension:minPinLength":true,"webauthn:extension:prf":true,"webauthn:virtualAuthenticators":true},"sessionId":"a7bf28e744b1e8aa0a759b112b23fe42"}} | headers=HTTPHeaderDict({'Content-Length': '839', 'Content-Type': 'application/json; charset=utf-8', 'cache-control': 'no-cache'})
2025-01-19 20:48:26,171 - DEBUG - Finished Request
2025-01-19 20:48:26,172 - DEBUG - GET http://localhost:56421/session/a7bf28e744b1e8aa0a759b112b23fe42/window/handles {}
2025-01-19 20:48:26,173 - DEBUG - http://localhost:56421 "GET /session/a7bf28e744b1e8aa0a759b112b23fe42/window/handles HTTP/1.1" 200 0
2025-01-19 20:48:26,174 - DEBUG - Remote response: status=200 | data={"value":["CD031594014B65F686E8115E59BF8025"]} | headers=HTTPHeaderDict({'Content-Length': '46', 'Content-Type': 'application/json; charset=utf-8', 'cache-control': 'no-cache'})
2025-01-19 20:48:26,174 - DEBUG - Finished Request
2025-01-19 20:48:26,174 - DEBUG - GET http://localhost:56421/session/a7bf28e744b1e8aa0a759b112b23fe42/window {}
2025-01-19 20:48:26,175 - DEBUG - http://localhost:56421 "GET /session/a7bf28e744b1e8aa0a759b112b23fe42/window HTTP/1.1" 200 0
2025-01-19 20:48:26,175 - DEBUG - Remote response: status=200 | data={"value":"CD031594014B65F686E8115E59BF8025"} | headers=HTTPHeaderDict({'Content-Length': '44', 'Content-Type': 'application/json; charset=utf-8', 'cache-control': 'no-cache'})
2025-01-19 20:48:26,176 - DEBUG - Finished Request
2025-01-19 20:48:27,087 - INFO - Dbut de l'envoi des messages  tous les contacts.
2025-01-19 20:48:27,088 - INFO - Envoi du message texte  905363044002 : Say\u0131n ORHAN ZSOY 
A\u015fa\u011f\u0131da bu ayki demeleriniz listelenmi\u015ftir. 
 - SIRA: 76 
 - KDV D. VERG\u0130S\u0130: 408.0 
 - STOPAJ: 365.0 
 - SGK PR\u0130M: 12000.0 
 - E DN\u015eM: 45.0 
 - MUHASEBE C.: 5.0 
 - TOPLAM: 12823.0 
 
 - SON DEME: 26 / 10/ 2024 
 - \u0130BAN: AL\u0130 EV\u0130KLER TRK\u0130YE F\u0130NANS \u0130BAN NO: TR76 0020 6002 8201 1626 3700 02 
 
 *NOT : Dekonta A\u0131klama Yazmay\u0131n\u0131z.*
2025-01-19 20:48:36,185 - INFO - It was not possible to fetch chat "905363044002"
2025-01-19 20:48:39,030 - INFO - Message sent successfuly to 
2025-01-19 20:48:39,030 - INFO - Message envoy avec succs  ORHAN ZSOY (905363044002).
2025-01-19 20:48:41,031 - INFO - Envoi du message texte  905363044002 : Say\u0131n AL\u0130 DURMU\u015e 
A\u015fa\u011f\u0131da bu ayki demeleriniz listelenmi\u015ftir. 
 - SIRA: 77 
 - KDV D. VERG\u0130S\u0130: 308.3 
 - STOPAJ: 365.0 
 - KDV 2: 2000.0 
 - MTV: 9000.0 
 - E DN\u015eM: 45.0 
 - MUHASEBE C.: 100.0 
 - TOPLAM: 11818.3 
 
 - SON DEME: 27 / 10/ 2024 
 - \u0130BAN: AL\u0130 EV\u0130KLER TRK\u0130YE F\u0130NANS \u0130BAN NO: TR76 0020 6002 8201 1626 3700 02 
 
 *NOT : Dekonta A\u0131klama Yazmay\u0131n\u0131z.*
2025-01-19 20:48:42,174 - INFO - It was not possible to fetch chat "905363044002"
2025-01-19 20:48:45,144 - INFO - Message sent successfuly to 
2025-01-19 20:48:45,145 - INFO - Message envoy avec succs  AL\u0130 DURMU\u015e (905363044002).
2025-01-19 20:48:47,145 - INFO - Envoi du message texte  905363044002 : Say\u0131n ASLI MOR 
A\u015fa\u011f\u0131da bu ayki demeleriniz listelenmi\u015ftir. 
 - SIRA: 78 
 - KDV D. VERG\u0130S\u0130: 308.3 
 - STOPAJ: 365.0 
 - GE\u0130C\u0130 VERG\u0130: 56.0 
 - GEL\u0130R V.: 7888.0 
 - E DN\u015eM: 45.0 
 - DEFTER TAST\u0130K: 3.0 
 - MUHASEBE C.: 100.0 
 - TOPLAM: 8765.3 
 
 - SON DEME: 28 / 10/ 2024 
 - \u0130BAN: AL\u0130 EV\u0130KLER TRK\u0130YE F\u0130NANS \u0130BAN NO: TR76 0020 6002 8201 1626 3700 02 
 
 *NOT : Dekonta A\u0131klama Yazmay\u0131n\u0131z.*
2025-01-19 20:48:48,050 - INFO - It was not possible to fetch chat "905363044002"
2025-01-19 20:48:50,783 - INFO - Message sent successfuly to 
2025-01-19 20:48:50,784 - INFO - Message envoy avec succs  ASLI MOR (905363044002).
2025-01-19 20:48:52,784 - INFO - Envoi du message texte  905363044002 : Say\u0131n KIZILDO\u011eAN OTO .\u0130N\u015e. LTD. \u015eT\u0130. 
A\u015fa\u011f\u0131da bu ayki demeleriniz listelenmi\u015ftir. 
 - SIRA: 79 
 - KDV D. VERG\u0130S\u0130: 308.3 
 - STOPAJ: 365.5 
 - KDV 2: 39999.0 
 - BA\u011e-KUR: 5900.73 
 - SGK YAPILANDIRMA: 4.0 
 - SMM KDV S\u0130: 899.0 
 - E DN\u015eM: 45.0 
 - MUHASEBE C.: 100.0 
 - TOPLAM: 47621.53 
 
 - SON DEME: 29 / 10/ 2024 
 - \u0130BAN: AL\u0130 EV\u0130KLER TRK\u0130YE F\u0130NANS \u0130BAN NO: TR76 0020 6002 8201 1626 3700 02 
 
 *NOT : Dekonta A\u0131klama Yazmay\u0131n\u0131z.*
2025-01-19 20:48:53,586 - INFO - It was not possible to fetch chat "905363044002"
2025-01-19 20:48:56,426 - INFO - Message sent successfuly to 
2025-01-19 20:48:56,427 - INFO - Message envoy avec succs  KIZILDO\u011eAN OTO .\u0130N\u015e. LTD. \u015eT\u0130. (905363044002).
2025-01-19 20:48:58,427 - INFO - Envoi du message texte  905363044002 : Say\u0131n ELZEM LTD. \u015eT\u0130. 
A\u015fa\u011f\u0131da bu ayki demeleriniz listelenmi\u015ftir. 
 - SIRA: 80 
 - KDV D. VERG\u0130S\u0130: 1841.04 
 - STOPAJ: 365.5 
 - SGK YAPILANDIRMA: 4.0 
 - E DN\u015eM: 45.0 
 - DEFTER TAST\u0130K: 43.0 
 - MUHASEBE C.: 100.0 
 - TOPLAM: 2398.54 
 
 - SON DEME: 30 / 10/ 2024 
 - \u0130BAN: AL\u0130 EV\u0130KLER TRK\u0130YE F\u0130NANS \u0130BAN NO: TR76 0020 6002 8201 1626 3700 02 
 
 *NOT : Dekonta A\u0131klama Yazmay\u0131n\u0131z.*
2025-01-19 20:48:59,220 - INFO - It was not possible to fetch chat "905363044002"
2025-01-19 20:49:01,811 - INFO - Message sent successfuly to 
2025-01-19 20:49:01,811 - INFO - Message envoy avec succs  ELZEM LTD. \u015eT\u0130. (905363044002).
2025-01-19 20:49:03,812 - INFO - Envoi du message texte  905363044002 : Say\u0131n EMRE YILDIRIM  
A\u015fa\u011f\u0131da bu ayki demeleriniz listelenmi\u015ftir. 
 - SIRA: 81 
 - KDV D. VERG\u0130S\u0130: 308.3 
 - STOPAJ: 365.5 
 - SGK YAPILANDIRMA: 4.0 
 - SMM KDV S\u0130: 5.0 
 - E DN\u015eM: 45.0 
 - DEFTER TAST\u0130K: 534.0 
 - MUHASEBE C.: 100.0 
 - TOPLAM: 1361.8 
 
 - SON DEME: 31 / 10/ 2024 
 - \u0130BAN: AL\u0130 EV\u0130KLER TRK\u0130YE F\u0130NANS \u0130BAN NO: TR76 0020 6002 8201 1626 3700 02 
 
 *NOT : Dekonta A\u0131klama Yazmay\u0131n\u0131z.*
2025-01-19 20:49:04,613 - INFO - It was not possible to fetch chat "905363044002"
2025-01-19 20:49:07,249 - INFO - Message sent successfuly to 
2025-01-19 20:49:07,249 - INFO - Message envoy avec succs  EMRE YILDIRIM  (905363044002).
2025-01-19 20:49:09,250 - INFO - Envoi du message texte  905363044002 : Say\u0131n SAHRA KUNDURA 
A\u015fa\u011f\u0131da bu ayki demeleriniz listelenmi\u015ftir. 
 - SIRA: 82 
 - KDV D. VERG\u0130S\u0130: 308.3 
 - STOPAJ: 365.5 
 - KDV 2: 999.0 
 - VERG\u0130 YAP.: 11685.34 
 - SGK YAPILANDIRMA: 456.0 
 - SMM KDV S\u0130: 5.0 
 - E DN\u015eM: 45.0 
 - DEFTER TAST\u0130K: 5.0 
 - MUHASEBE C.: 120.0 
 - TOPLAM: 13989.14 
 
 - SON DEME: 32 / 10/ 2024 
 - \u0130BAN: AL\u0130 EV\u0130KLER TRK\u0130YE F\u0130NANS \u0130BAN NO: TR76 0020 6002 8201 1626 3700 02 
 
 *NOT : Dekonta A\u0131klama Yazmay\u0131n\u0131z.*
2025-01-19 20:49:10,021 - INFO - It was not possible to fetch chat "905363044002"
2025-01-19 20:49:13,767 - INFO - Message sent successfuly to 
2025-01-19 20:49:13,767 - INFO - Message envoy avec succs  SAHRA KUNDURA (905363044002).
2025-01-19 20:49:15,768 - INFO - Envoi du message texte  905363044002 : Say\u0131n \u0130BRAH\u0130M ARSLAN 
A\u015fa\u011f\u0131da bu ayki demeleriniz listelenmi\u015ftir. 
 - SIRA: 83 
 - KDV D. VERG\u0130S\u0130: 308.3 
 - STOPAJ: 2365.5 
 - GEL\u0130R V.: 5666.0 
 - BA\u011e-KUR: 5900.73 
 - SGK YAPILANDIRMA: 6.0 
 - E DN\u015eM: 45.0 
 - DEFTER TAST\u0130K: 523.0 
 - MUHASEBE C.: 150.0 
 - TOPLAM: 14964.53 
 
 - SON DEME: 33 / 10/ 2024 
 - \u0130BAN: AL\u0130 EV\u0130KLER TRK\u0130YE F\u0130NANS \u0130BAN NO: TR76 0020 6002 8201 1626 3700 02 
 
 *NOT : Dekonta A\u0131klama Yazmay\u0131n\u0131z.*
2025-01-19 20:49:16,603 - INFO - It was not possible to fetch chat "905363044002"
2025-01-19 20:49:19,451 - INFO - Message sent successfuly to 
2025-01-19 20:49:19,452 - INFO - Message envoy avec succs  \u0130BRAH\u0130M ARSLAN (905363044002).
2025-01-19 20:49:21,452 - INFO - Envoi du message texte  905363044002 : Say\u0131n \u0130NCE TUR\u0130ZM LTD. \u015eT\u0130. 
A\u015fa\u011f\u0131da bu ayki demeleriniz listelenmi\u015ftir. 
 - SIRA: 84 
 - KDV D. VERG\u0130S\u0130: 1900.0 
 - SGK YAPILANDIRMA: 78.0 
 - SMM KDV S\u0130: 34.0 
 - E DN\u015eM: 45.0 
 - DEFTER TAST\u0130K: 5.0 
 - MUHASEBE C.: 120.0 
 - TOPLAM: 2182.0 
 
 - SON DEME: 34 / 10/ 2024 
 - \u0130BAN: AL\u0130 EV\u0130KLER TRK\u0130YE F\u0130NANS \u0130BAN NO: TR76 0020 6002 8201 1626 3700 02 
 
 *NOT : Dekonta A\u0131klama Yazmay\u0131n\u0131z.*
2025-01-19 20:49:22,275 - INFO - It was not possible to fetch chat "905363044002"
2025-01-19 20:49:24,861 - INFO - Message sent successfuly to 
2025-01-19 20:49:24,861 - INFO - Message envoy avec succs  \u0130NCE TUR\u0130ZM LTD. \u015eT\u0130. (905363044002).
2025-01-19 20:49:26,862 - INFO - Envoi du message texte  905363044002 : Say\u0131n KARSER LTD \u015eT\u0130. 
A\u015fa\u011f\u0131da bu ayki demeleriniz listelenmi\u015ftir. 
 - SIRA: 85 
 - KDV D. VERG\u0130S\u0130: 1840.0 
 - SGK YAPILANDIRMA: 8765434.0 
 - E DN\u015eM: 45.0 
 - DEFTER TAST\u0130K: 5.0 
 - MUHASEBE C.: 150.0 
 - TOPLAM: 8767474.0 
 
 - SON DEME: 35 / 10/ 2024 
 - \u0130BAN: AL\u0130 EV\u0130KLER TRK\u0130YE F\u0130NANS \u0130BAN NO: TR76 0020 6002 8201 1626 3700 02 
 
 *NOT : Dekonta A\u0131klama Yazmay\u0131n\u0131z.*
2025-01-19 20:49:27,745 - INFO - It was not possible to fetch chat "905363044002"
2025-01-19 20:49:30,403 - INFO - Message sent successfuly to 
2025-01-19 20:49:30,403 - INFO - Message envoy avec succs  KARSER LTD \u015eT\u0130. (905363044002).
2025-01-19 20:49:32,404 - INFO - Envoi du message texte  905363044002 : Say\u0131n MEHMET ADAK GAYR\u0130MENKUL LTD. \u015eT\u0130. 
A\u015fa\u011f\u0131da bu ayki demeleriniz listelenmi\u015ftir. 
 - SIRA: 86 
 - KDV D. VERG\u0130S\u0130: 10926.4 
 - STOPAJ: 52865.5 
 - VERG\u0130 YAP.: 2710.8 
 - SGK PR\u0130M: 3467.1 
 - SGK YAPILANDIRMA: 567.0 
 - E DN\u015eM: 45.0 
 - MUHASEBE C.: 100.0 
 - TOPLAM: 70681.8 
 
 - SON DEME: 36 / 10/ 2024 
 - \u0130BAN: AL\u0130 EV\u0130KLER TRK\u0130YE F\u0130NANS \u0130BAN NO: TR76 0020 6002 8201 1626 3700 02 
 
 *NOT : Dekonta A\u0131klama Yazmay\u0131n\u0131z.*
2025-01-19 20:49:33,172 - INFO - It was not possible to fetch chat "905363044002"
2025-01-19 20:49:36,134 - INFO - Message sent successfuly to 
2025-01-19 20:49:36,135 - INFO - Message envoy avec succs  MEHMET ADAK GAYR\u0130MENKUL LTD. \u015eT\u0130. (905363044002).
2025-01-19 20:49:38,135 - INFO - Envoi du message texte  905363044002 : Say\u0131n SETAMAC MAK\u0130NA LTD. \u015eT\u0130. 
A\u015fa\u011f\u0131da bu ayki demeleriniz listelenmi\u015ftir. 
 - SIRA: 87 
 - SGK YAPILANDIRMA: 654.0 
 - E DN\u015eM: 45.0 
 - E. KALAN TUTAR: 16579.69 
 - MUHASEBE C.: 100.0 
 - TOPLAM: 17378.69 
 
 - SON DEME: 37 / 10/ 2024 
 - \u0130BAN: AL\u0130 EV\u0130KLER TRK\u0130YE F\u0130NANS \u0130BAN NO: TR76 0020 6002 8201 1626 3700 02 
 
 *NOT : Dekonta A\u0131klama Yazmay\u0131n\u0131z.*
2025-01-19 20:49:39,035 - INFO - It was not possible to fetch chat "905363044002"
2025-01-19 20:49:41,504 - INFO - Message sent successfuly to 
2025-01-19 20:49:41,504 - INFO - Message envoy avec succs  SETAMAC MAK\u0130NA LTD. \u015eT\u0130. (905363044002).
2025-01-19 20:49:43,505 - INFO - Envoi du message texte  905363044002 : Say\u0131n OSMANLI REDKTR MOTOR LTD. \u015eT\u0130. 
A\u015fa\u011f\u0131da bu ayki demeleriniz listelenmi\u015ftir. 
 - SIRA: 88 
 - SGK YAPILANDIRMA: 35.0 
 - E DN\u015eM: 45.0 
 - MUHASEBE C.: 100.0 
 - TOPLAM: 180.0 
 
 - SON DEME: 38 / 10/ 2024 
 - \u0130BAN: AL\u0130 EV\u0130KLER TRK\u0130YE F\u0130NANS \u0130BAN NO: TR76 0020 6002 8201 1626 3700 02 
 
 *NOT : Dekonta A\u0131klama Yazmay\u0131n\u0131z.*
2025-01-19 20:49:44,339 - INFO - It was not possible to fetch chat "905363044002"
2025-01-19 20:49:46,625 - INFO - Message sent successfuly to 
2025-01-19 20:49:46,625 - INFO - Message envoy avec succs  OSMANLI REDKTR MOTOR LTD. \u015eT\u0130. (905363044002).
2025-01-19 20:49:48,626 - INFO - Envoi du message texte  905363044002 : Say\u0131n S.S. YA\u015eAM PARK YAPI KOOP. 
A\u015fa\u011f\u0131da bu ayki demeleriniz listelenmi\u015ftir. 
 - SIRA: 89 
 - E DN\u015eM: 45.0 
 - MUHASEBE C.: 100.0 
 - TOPLAM: 145.0 
 
 - SON DEME: 39 / 10/ 2024 
 - \u0130BAN: AL\u0130 EV\u0130KLER TRK\u0130YE F\u0130NANS \u0130BAN NO: TR76 0020 6002 8201 1626 3700 02 
 
 *NOT : Dekonta A\u0131klama Yazmay\u0131n\u0131z.*
2025-01-19 20:49:49,472 - INFO - It was not possible to fetch chat "905363044002"
2025-01-19 20:49:52,035 - INFO - Message sent successfuly to 
2025-01-19 20:49:52,036 - INFO - Message envoy avec succs  S.S. YA\u015eAM PARK YAPI KOOP. (905363044002).
2025-01-19 20:49:54,036 - INFO - Envoi du message texte  905363044002 : Say\u0131n MRSAN MAK\u0130NA LTD. \u015eT\u0130. 
A\u015fa\u011f\u0131da bu ayki demeleriniz listelenmi\u015ftir. 
 - SIRA: 90 
 - KDV D. VERG\u0130S\u0130: 308.3 
 - E DN\u015eM: 45.0 
 - MUHASEBE C.: 100.0 
 - TOPLAM: 453.3 
 
 - SON DEME: 40 / 10/ 2024 
 - \u0130BAN: AL\u0130 EV\u0130KLER TRK\u0130YE F\u0130NANS \u0130BAN NO: TR76 0020 6002 8201 1626 3700 02 
 
 *NOT : Dekonta A\u0131klama Yazmay\u0131n\u0131z.*
2025-01-19 20:49:54,934 - INFO - It was not possible to fetch chat "905363044002"
2025-01-19 20:49:57,455 - INFO - Message sent successfuly to 
2025-01-19 20:49:57,455 - INFO - Message envoy avec succs  MRSAN MAK\u0130NA LTD. \u015eT\u0130. (905363044002).
2025-01-19 20:49:59,456 - INFO - Rsum des envois :
2025-01-19 20:49:59,456 - INFO - Messages envoys avec succs : 15
2025-01-19 20:49:59,456 - INFO - Messages chous : 0
